{"numFailedTestSuites":3,"numFailedTests":3,"numPassedTestSuites":16,"numPassedTests":19,"numPendingTestSuites":0,"numPendingTests":0,"numRuntimeErrorTestSuites":0,"numTodoTests":0,"numTotalTestSuites":19,"numTotalTests":22,"openHandles":[],"snapshot":{"added":0,"didUpdate":false,"failure":false,"filesAdded":0,"filesRemoved":0,"filesRemovedList":[],"filesUnmatched":0,"filesUpdated":0,"matched":0,"total":0,"unchecked":0,"uncheckedKeysByFile":[],"unmatched":0,"updated":0},"startTime":1764709759521,"success":false,"testResults":[{"assertionResults":[{"ancestorTitles":["Admin resolve report"],"duration":180,"failureDetails":[{}],"failureMessages":["Error: expected 200 \"OK\", got 404 \"Not Found\"\n    at Object.expect (D:\\socials\\social-media-app\\server\\tests\\adminResolve.test.js:35:8)\n    at processTicksAndRejections (node:internal/process/task_queues:103:5)\n----\n    at Test._assertStatus (D:\\socials\\social-media-app\\server\\node_modules\\supertest\\lib\\test.js:252:14)\n    at D:\\socials\\social-media-app\\server\\node_modules\\supertest\\lib\\test.js:308:13\n    at Test._assertFunction (D:\\socials\\social-media-app\\server\\node_modules\\supertest\\lib\\test.js:285:13)\n    at Test.assert (D:\\socials\\social-media-app\\server\\node_modules\\supertest\\lib\\test.js:164:23)\n    at Server.localAssert (D:\\socials\\social-media-app\\server\\node_modules\\supertest\\lib\\test.js:120:14)\n    at Object.onceWrapper (node:events:622:28)\n    at Server.emit (node:events:508:28)\n    at emitCloseNT (node:net:2419:8)\n    at processTicksAndRejections (node:internal/process/task_queues:88:21)"],"fullName":"Admin resolve report admin can resolve report and delete post","invocations":1,"location":null,"numPassingAsserts":0,"retryReasons":[],"status":"failed","title":"admin can resolve report and delete post"}],"endTime":1764709765064,"message":"\u001b[1m\u001b[31m  \u001b[1m● \u001b[22m\u001b[1mAdmin resolve report › admin can resolve report and delete post\u001b[39m\u001b[22m\n\n    expected 200 \"OK\", got 404 \"Not Found\"\n\u001b[2m\u001b[22m\n\u001b[2m    \u001b[0m \u001b[90m 33 |\u001b[39m       \u001b[33m.\u001b[39m\u001b[36mset\u001b[39m(\u001b[32m'Authorization'\u001b[39m\u001b[33m,\u001b[39m \u001b[32m`Bearer ${token}`\u001b[39m)\u001b[22m\n\u001b[2m     \u001b[90m 34 |\u001b[39m       \u001b[33m.\u001b[39msend({ action\u001b[33m:\u001b[39m \u001b[32m'delete-post'\u001b[39m })\u001b[22m\n\u001b[2m    \u001b[31m\u001b[1m>\u001b[22m\u001b[2m\u001b[39m\u001b[90m 35 |\u001b[39m       \u001b[33m.\u001b[39mexpect(\u001b[35m200\u001b[39m)\u001b[33m;\u001b[39m\u001b[22m\n\u001b[2m     \u001b[90m    |\u001b[39m        \u001b[31m\u001b[1m^\u001b[22m\u001b[2m\u001b[39m\u001b[22m\n\u001b[2m     \u001b[90m 36 |\u001b[39m\u001b[22m\n\u001b[2m     \u001b[90m 37 |\u001b[39m     expect(res\u001b[33m.\u001b[39mbody\u001b[33m.\u001b[39mok)\u001b[33m.\u001b[39mtoBeTruthy()\u001b[33m;\u001b[39m\u001b[22m\n\u001b[2m     \u001b[90m 38 |\u001b[39m     \u001b[36mconst\u001b[39m updatedPost \u001b[33m=\u001b[39m \u001b[36mawait\u001b[39m \u001b[33mPost\u001b[39m\u001b[33m.\u001b[39mfindById(post\u001b[33m.\u001b[39m_id)\u001b[33m;\u001b[39m\u001b[0m\u001b[22m\n\u001b[2m\u001b[22m\n\u001b[2m      \u001b[2mat Object.expect (\u001b[22m\u001b[2m\u001b[0m\u001b[36mtests/adminResolve.test.js\u001b[39m\u001b[0m\u001b[2m:35:8)\u001b[22m\u001b[2m\u001b[22m\n\u001b[2m      ----\u001b[22m\n\u001b[2m      \u001b[2mat Test._assertStatus (\u001b[22m\u001b[2m\u001b[0m\u001b[36mnode_modules/supertest/lib/test.js\u001b[39m\u001b[0m\u001b[2m:252:14)\u001b[22m\u001b[2m\u001b[22m\n\u001b[2m      \u001b[2mat \u001b[22m\u001b[2m\u001b[0m\u001b[36mnode_modules/supertest/lib/test.js\u001b[39m\u001b[0m\u001b[2m:308:13\u001b[22m\u001b[2m\u001b[22m\n\u001b[2m      \u001b[2mat Test._assertFunction (\u001b[22m\u001b[2m\u001b[0m\u001b[36mnode_modules/supertest/lib/test.js\u001b[39m\u001b[0m\u001b[2m:285:13)\u001b[22m\u001b[2m\u001b[22m\n\u001b[2m      \u001b[2mat Test.assert (\u001b[22m\u001b[2m\u001b[0m\u001b[36mnode_modules/supertest/lib/test.js\u001b[39m\u001b[0m\u001b[2m:164:23)\u001b[22m\u001b[2m\u001b[22m\n\u001b[2m      \u001b[2mat Server.localAssert (\u001b[22m\u001b[2m\u001b[0m\u001b[36mnode_modules/supertest/lib/test.js\u001b[39m\u001b[0m\u001b[2m:120:14)\u001b[22m\u001b[2m\u001b[22m\n","name":"D:\\socials\\social-media-app\\server\\tests\\adminResolve.test.js","startTime":1764709759642,"status":"failed","summary":""},{"assertionResults":[{"ancestorTitles":["scheduler publish"],"duration":1,"failureDetails":[{}],"failureMessages":["TypeError: Class constructor ObjectId cannot be invoked without 'new'\n    at ObjectId (D:\\socials\\social-media-app\\server\\tests\\scheduler.test.js:37:58)\n    at Promise.then.completed (D:\\socials\\social-media-app\\server\\node_modules\\jest-circus\\build\\utils.js:298:28)\n    at new Promise (<anonymous>)\n    at callAsyncCircusFn (D:\\socials\\social-media-app\\server\\node_modules\\jest-circus\\build\\utils.js:231:10)\n    at _callCircusTest (D:\\socials\\social-media-app\\server\\node_modules\\jest-circus\\build\\run.js:316:40)\n    at processTicksAndRejections (node:internal/process/task_queues:103:5)\n    at _runTest (D:\\socials\\social-media-app\\server\\node_modules\\jest-circus\\build\\run.js:252:3)\n    at _runTestsForDescribeBlock (D:\\socials\\social-media-app\\server\\node_modules\\jest-circus\\build\\run.js:126:9)\n    at _runTestsForDescribeBlock (D:\\socials\\social-media-app\\server\\node_modules\\jest-circus\\build\\run.js:121:9)\n    at run (D:\\socials\\social-media-app\\server\\node_modules\\jest-circus\\build\\run.js:71:3)\n    at runAndTransformResultsToJestFormat (D:\\socials\\social-media-app\\server\\node_modules\\jest-circus\\build\\legacy-code-todo-rewrite\\jestAdapterInit.js:122:21)\n    at jestAdapter (D:\\socials\\social-media-app\\server\\node_modules\\jest-circus\\build\\legacy-code-todo-rewrite\\jestAdapter.js:79:19)\n    at runTestInternal (D:\\socials\\social-media-app\\server\\node_modules\\jest-runner\\build\\runTest.js:367:16)\n    at runTest (D:\\socials\\social-media-app\\server\\node_modules\\jest-runner\\build\\runTest.js:444:34)"],"fullName":"scheduler publish publishes scheduled post when time arrives","invocations":1,"location":null,"numPassingAsserts":0,"retryReasons":[],"status":"failed","title":"publishes scheduled post when time arrives"}],"endTime":1764709767267,"message":"\u001b[1m\u001b[31m  \u001b[1m● \u001b[22m\u001b[1mscheduler publish › publishes scheduled post when time arrives\u001b[39m\u001b[22m\n\n    TypeError: Class constructor ObjectId cannot be invoked without 'new'\n\u001b[2m\u001b[22m\n\u001b[2m    \u001b[0m \u001b[90m 35 |\u001b[39m     \u001b[36mconst\u001b[39m now \u001b[33m=\u001b[39m \u001b[33mDate\u001b[39m\u001b[33m.\u001b[39mnow()\u001b[33m;\u001b[39m\u001b[22m\n\u001b[2m     \u001b[90m 36 |\u001b[39m     \u001b[36mconst\u001b[39m scheduledAt \u001b[33m=\u001b[39m \u001b[36mnew\u001b[39m \u001b[33mDate\u001b[39m(now \u001b[33m+\u001b[39m \u001b[35m700\u001b[39m)\u001b[33m;\u001b[39m \u001b[90m// publish soon\u001b[39m\u001b[22m\n\u001b[2m    \u001b[31m\u001b[1m>\u001b[22m\u001b[2m\u001b[39m\u001b[90m 37 |\u001b[39m     \u001b[36mconst\u001b[39m p \u001b[33m=\u001b[39m \u001b[36mawait\u001b[39m \u001b[33mPost\u001b[39m\u001b[33m.\u001b[39mcreate({ author\u001b[33m:\u001b[39m mongoose\u001b[33m.\u001b[39m\u001b[33mTypes\u001b[39m\u001b[33m.\u001b[39m\u001b[33mObjectId\u001b[39m()\u001b[33m,\u001b[39m content\u001b[33m:\u001b[39m \u001b[32m'Scheduled'\u001b[39m\u001b[33m,\u001b[39m isDraft\u001b[33m:\u001b[39m \u001b[36mtrue\u001b[39m\u001b[33m,\u001b[39m scheduledAt })\u001b[33m;\u001b[39m\u001b[22m\n\u001b[2m     \u001b[90m    |\u001b[39m                                                          \u001b[31m\u001b[1m^\u001b[22m\u001b[2m\u001b[39m\u001b[22m\n\u001b[2m     \u001b[90m 38 |\u001b[39m\u001b[22m\n\u001b[2m     \u001b[90m 39 |\u001b[39m     \u001b[90m// Wait up to 3 seconds for scheduler to run and publish\u001b[39m\u001b[22m\n\u001b[2m     \u001b[90m 40 |\u001b[39m     \u001b[36mconst\u001b[39m waitFor \u001b[33m=\u001b[39m (ms) \u001b[33m=>\u001b[39m \u001b[36mnew\u001b[39m \u001b[33mPromise\u001b[39m((r) \u001b[33m=>\u001b[39m setTimeout(r\u001b[33m,\u001b[39m ms))\u001b[33m;\u001b[39m\u001b[0m\u001b[22m\n\u001b[2m\u001b[22m\n\u001b[2m      \u001b[2mat ObjectId (\u001b[22m\u001b[2m\u001b[0m\u001b[36mtests/scheduler.test.js\u001b[39m\u001b[0m\u001b[2m:37:58)\u001b[22m\u001b[2m\u001b[22m\n","name":"D:\\socials\\social-media-app\\server\\tests\\scheduler.test.js","startTime":1764709765085,"status":"failed","summary":""},{"assertionResults":[{"ancestorTitles":["Scheduler smoke"],"duration":2,"failureDetails":[{"matcherResult":{"message":"\u001b[2mexpect(\u001b[22m\u001b[31mreceived\u001b[39m\u001b[2m).\u001b[22mtoBeTruthy\u001b[2m()\u001b[22m\n\nReceived: \u001b[31mfalse\u001b[39m","pass":false}}],"failureMessages":["Error: \u001b[2mexpect(\u001b[22m\u001b[31mreceived\u001b[39m\u001b[2m).\u001b[22mtoBeTruthy\u001b[2m()\u001b[22m\n\nReceived: \u001b[31mfalse\u001b[39m\n    at Object.toBeTruthy (D:\\socials\\social-media-app\\server\\tests\\schedulerSmoke.test.js:13:58)\n    at Promise.then.completed (D:\\socials\\social-media-app\\server\\node_modules\\jest-circus\\build\\utils.js:298:28)\n    at new Promise (<anonymous>)\n    at callAsyncCircusFn (D:\\socials\\social-media-app\\server\\node_modules\\jest-circus\\build\\utils.js:231:10)\n    at _callCircusTest (D:\\socials\\social-media-app\\server\\node_modules\\jest-circus\\build\\run.js:316:40)\n    at processTicksAndRejections (node:internal/process/task_queues:103:5)\n    at _runTest (D:\\socials\\social-media-app\\server\\node_modules\\jest-circus\\build\\run.js:252:3)\n    at _runTestsForDescribeBlock (D:\\socials\\social-media-app\\server\\node_modules\\jest-circus\\build\\run.js:126:9)\n    at _runTestsForDescribeBlock (D:\\socials\\social-media-app\\server\\node_modules\\jest-circus\\build\\run.js:121:9)\n    at run (D:\\socials\\social-media-app\\server\\node_modules\\jest-circus\\build\\run.js:71:3)\n    at runAndTransformResultsToJestFormat (D:\\socials\\social-media-app\\server\\node_modules\\jest-circus\\build\\legacy-code-todo-rewrite\\jestAdapterInit.js:122:21)\n    at jestAdapter (D:\\socials\\social-media-app\\server\\node_modules\\jest-circus\\build\\legacy-code-todo-rewrite\\jestAdapter.js:79:19)\n    at runTestInternal (D:\\socials\\social-media-app\\server\\node_modules\\jest-runner\\build\\runTest.js:367:16)\n    at runTest (D:\\socials\\social-media-app\\server\\node_modules\\jest-runner\\build\\runTest.js:444:34)"],"fullName":"Scheduler smoke scheduler exports schedulePost and start/stop","invocations":1,"location":null,"numPassingAsserts":0,"retryReasons":[],"status":"failed","title":"scheduler exports schedulePost and start/stop"}],"endTime":1764709768459,"message":"\u001b[1m\u001b[31m  \u001b[1m● \u001b[22m\u001b[1mScheduler smoke › scheduler exports schedulePost and start/stop\u001b[39m\u001b[22m\n\n    \u001b[2mexpect(\u001b[22m\u001b[31mreceived\u001b[39m\u001b[2m).\u001b[22mtoBeTruthy\u001b[2m()\u001b[22m\n\n    Received: \u001b[31mfalse\u001b[39m\n\u001b[2m\u001b[22m\n\u001b[2m    \u001b[0m \u001b[90m 11 |\u001b[39m\u001b[22m\n\u001b[2m     \u001b[90m 12 |\u001b[39m   test(\u001b[32m'scheduler exports schedulePost and start/stop'\u001b[39m\u001b[33m,\u001b[39m \u001b[36masync\u001b[39m () \u001b[33m=>\u001b[39m {\u001b[22m\n\u001b[2m    \u001b[31m\u001b[1m>\u001b[22m\u001b[2m\u001b[39m\u001b[90m 13 |\u001b[39m     expect(\u001b[36mtypeof\u001b[39m scheduler\u001b[33m.\u001b[39mschedulePost \u001b[33m===\u001b[39m \u001b[32m'function'\u001b[39m)\u001b[33m.\u001b[39mtoBeTruthy()\u001b[33m;\u001b[39m\u001b[22m\n\u001b[2m     \u001b[90m    |\u001b[39m                                                          \u001b[31m\u001b[1m^\u001b[22m\u001b[2m\u001b[39m\u001b[22m\n\u001b[2m     \u001b[90m 14 |\u001b[39m     expect(\u001b[36mtypeof\u001b[39m scheduler\u001b[33m.\u001b[39mstartScheduler \u001b[33m===\u001b[39m \u001b[32m'function'\u001b[39m)\u001b[33m.\u001b[39mtoBeTruthy()\u001b[33m;\u001b[39m\u001b[22m\n\u001b[2m     \u001b[90m 15 |\u001b[39m     expect(\u001b[36mtypeof\u001b[39m scheduler\u001b[33m.\u001b[39mstopScheduler \u001b[33m===\u001b[39m \u001b[32m'function'\u001b[39m)\u001b[33m.\u001b[39mtoBeTruthy()\u001b[33m;\u001b[39m\u001b[22m\n\u001b[2m     \u001b[90m 16 |\u001b[39m   })\u001b[33m;\u001b[39m\u001b[0m\u001b[22m\n\u001b[2m\u001b[22m\n\u001b[2m      \u001b[2mat Object.toBeTruthy (\u001b[22m\u001b[2m\u001b[0m\u001b[36mtests/schedulerSmoke.test.js\u001b[39m\u001b[0m\u001b[2m:13:58)\u001b[22m\u001b[2m\u001b[22m\n","name":"D:\\socials\\social-media-app\\server\\tests\\schedulerSmoke.test.js","startTime":1764709767272,"status":"failed","summary":""},{"assertionResults":[{"ancestorTitles":["API smoke tests"],"duration":929,"failureDetails":[],"failureMessages":[],"fullName":"API smoke tests full happy-path smoke","invocations":1,"location":null,"numPassingAsserts":11,"retryReasons":[],"status":"passed","title":"full happy-path smoke"}],"endTime":1764709771159,"message":"","name":"D:\\socials\\social-media-app\\server\\tests\\smoke\\smoke.test.js","startTime":1764709768465,"status":"passed","summary":""},{"assertionResults":[{"ancestorTitles":["Notification Controller"],"duration":654,"failureDetails":[],"failureMessages":[],"fullName":"Notification Controller markRead forbids when not owner and returns 404 when missing","invocations":1,"location":null,"numPassingAsserts":4,"retryReasons":[],"status":"passed","title":"markRead forbids when not owner and returns 404 when missing"},{"ancestorTitles":["Notification Controller"],"duration":316,"failureDetails":[],"failureMessages":[],"fullName":"Notification Controller markAllRead and unreadCount work","invocations":1,"location":null,"numPassingAsserts":6,"retryReasons":[],"status":"passed","title":"markAllRead and unreadCount work"}],"endTime":1764709773791,"message":"","name":"D:\\socials\\social-media-app\\server\\tests\\notification_controller.test.js","startTime":1764709771168,"status":"passed","summary":""},{"assertionResults":[{"ancestorTitles":["Notification read emits"],"duration":651,"failureDetails":[],"failureMessages":[],"fullName":"Notification read emits marking a notification read emits notification_read to user room","invocations":1,"location":null,"numPassingAsserts":2,"retryReasons":[],"status":"passed","title":"marking a notification read emits notification_read to user room"}],"endTime":1764709776129,"message":"","name":"D:\\socials\\social-media-app\\server\\tests\\integration\\notification_read_emit.test.js","startTime":1764709773802,"status":"passed","summary":""},{"assertionResults":[{"ancestorTitles":["Messages API"],"duration":627,"failureDetails":[],"failureMessages":[],"fullName":"Messages API fetch messages between users and mark as read","invocations":1,"location":null,"numPassingAsserts":8,"retryReasons":[],"status":"passed","title":"fetch messages between users and mark as read"}],"endTime":1764709778250,"message":"","name":"D:\\socials\\social-media-app\\server\\tests\\message.test.js","startTime":1764709776142,"status":"passed","summary":""},{"assertionResults":[{"ancestorTitles":["Message -> Notification emit"],"duration":624,"failureDetails":[],"failureMessages":[],"fullName":"Message -> Notification emit sending a message creates a notification and emits realtime event","invocations":1,"location":null,"numPassingAsserts":3,"retryReasons":[],"status":"passed","title":"sending a message creates a notification and emits realtime event"}],"endTime":1764709780407,"message":"","name":"D:\\socials\\social-media-app\\server\\tests\\integration\\message_notification_emit.test.js","startTime":1764709778259,"status":"passed","summary":""},{"assertionResults":[{"ancestorTitles":["Auth refresh and logout"],"duration":345,"failureDetails":[],"failureMessages":[],"fullName":"Auth refresh and logout refresh token rotates and old token reuse is detected","invocations":1,"location":null,"numPassingAsserts":10,"retryReasons":[],"status":"passed","title":"refresh token rotates and old token reuse is detected"},{"ancestorTitles":["Auth refresh and logout"],"duration":296,"failureDetails":[],"failureMessages":[],"fullName":"Auth refresh and logout logout removes refresh token","invocations":1,"location":null,"numPassingAsserts":5,"retryReasons":[],"status":"passed","title":"logout removes refresh token"}],"endTime":1764709782519,"message":"","name":"D:\\socials\\social-media-app\\server\\tests\\auth_refresh.test.js","startTime":1764709780414,"status":"passed","summary":""},{"assertionResults":[{"ancestorTitles":["Comments and Follow flows"],"duration":706,"failureDetails":[],"failureMessages":[],"fullName":"Comments and Follow flows create post, comment, like comment, follow/unfollow","invocations":1,"location":null,"numPassingAsserts":5,"retryReasons":[],"status":"passed","title":"create post, comment, like comment, follow/unfollow"}],"endTime":1764709784626,"message":"","name":"D:\\socials\\social-media-app\\server\\tests\\integration\\comments_and_follow.test.js","startTime":1764709782526,"status":"passed","summary":""},{"assertionResults":[{"ancestorTitles":["PostController"],"duration":484,"failureDetails":[],"failureMessages":[],"fullName":"PostController create post and get feed","invocations":1,"location":null,"numPassingAsserts":4,"retryReasons":[],"status":"passed","title":"create post and get feed"},{"ancestorTitles":["PostController"],"duration":319,"failureDetails":[],"failureMessages":[],"fullName":"PostController like post toggles","invocations":1,"location":null,"numPassingAsserts":3,"retryReasons":[],"status":"passed","title":"like post toggles"}],"endTime":1764709786894,"message":"","name":"D:\\socials\\social-media-app\\server\\tests\\posts_controller.test.js","startTime":1764709784634,"status":"passed","summary":""},{"assertionResults":[{"ancestorTitles":["Auth"],"duration":603,"failureDetails":[],"failureMessages":[],"fullName":"Auth register -> login flow","invocations":1,"location":null,"numPassingAsserts":5,"retryReasons":[],"status":"passed","title":"register -> login flow"}],"endTime":1764709788995,"message":"","name":"D:\\socials\\social-media-app\\server\\tests\\auth.test.js","startTime":1764709786903,"status":"passed","summary":""},{"assertionResults":[{"ancestorTitles":["Post like/unlike"],"duration":358,"failureDetails":[],"failureMessages":[],"fullName":"Post like/unlike toggle like on a post","invocations":1,"location":null,"numPassingAsserts":8,"retryReasons":[],"status":"passed","title":"toggle like on a post"}],"endTime":1764709790788,"message":"","name":"D:\\socials\\social-media-app\\server\\tests\\posts_like.test.js","startTime":1764709789003,"status":"passed","summary":""},{"assertionResults":[{"ancestorTitles":["Notifications API"],"duration":623,"failureDetails":[],"failureMessages":[],"fullName":"Notifications API get notifications for authenticated user","invocations":1,"location":null,"numPassingAsserts":6,"retryReasons":[],"status":"passed","title":"get notifications for authenticated user"}],"endTime":1764709792987,"message":"","name":"D:\\socials\\social-media-app\\server\\tests\\notification.test.js","startTime":1764709790798,"status":"passed","summary":""},{"assertionResults":[{"ancestorTitles":["Posts"],"duration":343,"failureDetails":[],"failureMessages":[],"fullName":"Posts create and get feed","invocations":1,"location":null,"numPassingAsserts":7,"retryReasons":[],"status":"passed","title":"create and get feed"}],"endTime":1764709794756,"message":"","name":"D:\\socials\\social-media-app\\server\\tests\\posts.test.js","startTime":1764709792993,"status":"passed","summary":""},{"assertionResults":[{"ancestorTitles":["GET /api/conversations/:conversationId/search"],"duration":35,"failureDetails":[],"failureMessages":[],"fullName":"GET /api/conversations/:conversationId/search searches messages between two participants","invocations":1,"location":null,"numPassingAsserts":3,"retryReasons":[],"status":"passed","title":"searches messages between two participants"}],"endTime":1764709796458,"message":"","name":"D:\\socials\\social-media-app\\server\\tests\\conversation-search.test.js","startTime":1764709794763,"status":"passed","summary":""},{"assertionResults":[{"ancestorTitles":["POST /api/posts/:id/share"],"duration":44,"failureDetails":[],"failureMessages":[],"fullName":"POST /api/posts/:id/share increments share count and optionally creates a copy","invocations":1,"location":null,"numPassingAsserts":5,"retryReasons":[],"status":"passed","title":"increments share count and optionally creates a copy"}],"endTime":1764709798112,"message":"","name":"D:\\socials\\social-media-app\\server\\tests\\share.test.js","startTime":1764709796465,"status":"passed","summary":""},{"assertionResults":[{"ancestorTitles":["RBAC authorize middleware"],"duration":36,"failureDetails":[],"failureMessages":[],"fullName":"RBAC authorize middleware blocks non-admin from admin route and allows admin","invocations":1,"location":null,"numPassingAsserts":3,"retryReasons":[],"status":"passed","title":"blocks non-admin from admin route and allows admin"}],"endTime":1764709799643,"message":"","name":"D:\\socials\\social-media-app\\server\\tests\\authorize.test.js","startTime":1764709798119,"status":"passed","summary":""},{"assertionResults":[{"ancestorTitles":["cloudinary helper"],"duration":2,"failureDetails":[],"failureMessages":[],"fullName":"cloudinary helper uploadFile calls cloudinary.uploader.upload and returns result","invocations":1,"location":null,"numPassingAsserts":2,"retryReasons":[],"status":"passed","title":"uploadFile calls cloudinary.uploader.upload and returns result"}],"endTime":1764709801153,"message":"","name":"D:\\socials\\social-media-app\\server\\tests\\cloudinary.test.js","startTime":1764709799649,"status":"passed","summary":""}],"wasInterrupted":false}
