{"D:\\socials\\social-media-app\\server\\controllers\\authController.js": {"path":"D:\\socials\\social-media-app\\server\\controllers\\authController.js","statementMap":{"0":{"start":{"line":1,"column":15},"end":{"line":1,"column":34}},"1":{"start":{"line":2,"column":12},"end":{"line":2,"column":35}},"2":{"start":{"line":3,"column":13},"end":{"line":3,"column":38}},"3":{"start":{"line":5,"column":23},"end":{"line":5,"column":64}},"4":{"start":{"line":6,"column":24},"end":{"line":6,"column":65}},"5":{"start":{"line":7,"column":22},"end":{"line":7,"column":53}},"6":{"start":{"line":8,"column":23},"end":{"line":8,"column":55}},"7":{"start":{"line":11,"column":2},"end":{"line":11,"column":101}},"8":{"start":{"line":15,"column":2},"end":{"line":15,"column":84}},"9":{"start":{"line":18,"column":0},"end":{"line":43,"column":2}},"10":{"start":{"line":19,"column":2},"end":{"line":42,"column":3}},"11":{"start":{"line":21,"column":42},"end":{"line":21,"column":50}},"12":{"start":{"line":22,"column":4},"end":{"line":22,"column":99}},"13":{"start":{"line":22,"column":42},"end":{"line":22,"column":99}},"14":{"start":{"line":24,"column":21},"end":{"line":24,"column":82}},"15":{"start":{"line":25,"column":4},"end":{"line":25,"column":93}},"16":{"start":{"line":25,"column":18},"end":{"line":25,"column":93}},"17":{"start":{"line":27,"column":17},"end":{"line":27,"column":41}},"18":{"start":{"line":28,"column":19},"end":{"line":28,"column":52}},"19":{"start":{"line":30,"column":17},"end":{"line":30,"column":73}},"20":{"start":{"line":32,"column":24},"end":{"line":32,"column":40}},"21":{"start":{"line":33,"column":25},"end":{"line":33,"column":42}},"22":{"start":{"line":36,"column":4},"end":{"line":36,"column":42}},"23":{"start":{"line":37,"column":4},"end":{"line":37,"column":22}},"24":{"start":{"line":39,"column":4},"end":{"line":39,"column":112}},"25":{"start":{"line":41,"column":4},"end":{"line":41,"column":14}},"26":{"start":{"line":45,"column":0},"end":{"line":66,"column":2}},"27":{"start":{"line":46,"column":2},"end":{"line":65,"column":3}},"28":{"start":{"line":47,"column":32},"end":{"line":47,"column":40}},"29":{"start":{"line":48,"column":4},"end":{"line":48,"column":86}},"30":{"start":{"line":48,"column":29},"end":{"line":48,"column":86}},"31":{"start":{"line":50,"column":17},"end":{"line":50,"column":46}},"32":{"start":{"line":51,"column":4},"end":{"line":51,"column":77}},"33":{"start":{"line":51,"column":15},"end":{"line":51,"column":77}},"34":{"start":{"line":53,"column":18},"end":{"line":53,"column":63}},"35":{"start":{"line":54,"column":4},"end":{"line":54,"column":78}},"36":{"start":{"line":54,"column":16},"end":{"line":54,"column":78}},"37":{"start":{"line":56,"column":24},"end":{"line":56,"column":40}},"38":{"start":{"line":57,"column":25},"end":{"line":57,"column":42}},"39":{"start":{"line":59,"column":4},"end":{"line":59,"column":42}},"40":{"start":{"line":60,"column":4},"end":{"line":60,"column":22}},"41":{"start":{"line":62,"column":4},"end":{"line":62,"column":112}},"42":{"start":{"line":64,"column":4},"end":{"line":64,"column":14}},"43":{"start":{"line":68,"column":0},"end":{"line":115,"column":2}},"44":{"start":{"line":69,"column":2},"end":{"line":114,"column":3}},"45":{"start":{"line":70,"column":29},"end":{"line":70,"column":37}},"46":{"start":{"line":71,"column":4},"end":{"line":71,"column":91}},"47":{"start":{"line":71,"column":23},"end":{"line":71,"column":91}},"48":{"start":{"line":74,"column":4},"end":{"line":78,"column":5}},"49":{"start":{"line":75,"column":6},"end":{"line":75,"column":57}},"50":{"start":{"line":77,"column":6},"end":{"line":77,"column":70}},"51":{"start":{"line":80,"column":17},"end":{"line":80,"column":48}},"52":{"start":{"line":81,"column":4},"end":{"line":81,"column":72}},"53":{"start":{"line":81,"column":15},"end":{"line":81,"column":72}},"54":{"start":{"line":85,"column":23},"end":{"line":85,"column":116}},"55":{"start":{"line":87,"column":20},"end":{"line":102,"column":5}},"56":{"start":{"line":104,"column":4},"end":{"line":108,"column":5}},"57":{"start":{"line":106,"column":6},"end":{"line":106,"column":80}},"58":{"start":{"line":107,"column":6},"end":{"line":107,"column":77}},"59":{"start":{"line":110,"column":22},"end":{"line":110,"column":119}},"60":{"start":{"line":111,"column":4},"end":{"line":111,"column":67}},"61":{"start":{"line":113,"column":4},"end":{"line":113,"column":14}},"62":{"start":{"line":117,"column":0},"end":{"line":140,"column":2}},"63":{"start":{"line":118,"column":2},"end":{"line":139,"column":3}},"64":{"start":{"line":119,"column":29},"end":{"line":119,"column":37}},"65":{"start":{"line":120,"column":4},"end":{"line":120,"column":91}},"66":{"start":{"line":120,"column":23},"end":{"line":120,"column":91}},"67":{"start":{"line":123,"column":4},"end":{"line":128,"column":5}},"68":{"start":{"line":124,"column":6},"end":{"line":124,"column":57}},"69":{"start":{"line":127,"column":6},"end":{"line":127,"column":36}},"70":{"start":{"line":130,"column":17},"end":{"line":130,"column":48}},"71":{"start":{"line":131,"column":4},"end":{"line":131,"column":45}},"72":{"start":{"line":131,"column":15},"end":{"line":131,"column":45}},"73":{"start":{"line":133,"column":4},"end":{"line":133,"column":76}},"74":{"start":{"line":133,"column":56},"end":{"line":133,"column":74}},"75":{"start":{"line":134,"column":4},"end":{"line":134,"column":22}},"76":{"start":{"line":136,"column":4},"end":{"line":136,"column":27}},"77":{"start":{"line":138,"column":4},"end":{"line":138,"column":14}}},"fnMap":{"0":{"name":"signAccess","decl":{"start":{"line":10,"column":9},"end":{"line":10,"column":19}},"loc":{"start":{"line":10,"column":26},"end":{"line":12,"column":1}},"line":10},"1":{"name":"signRefresh","decl":{"start":{"line":14,"column":9},"end":{"line":14,"column":20}},"loc":{"start":{"line":14,"column":27},"end":{"line":16,"column":1}},"line":14},"2":{"name":"(anonymous_2)","decl":{"start":{"line":18,"column":19},"end":{"line":18,"column":20}},"loc":{"start":{"line":18,"column":45},"end":{"line":43,"column":1}},"line":18},"3":{"name":"(anonymous_3)","decl":{"start":{"line":45,"column":16},"end":{"line":45,"column":17}},"loc":{"start":{"line":45,"column":42},"end":{"line":66,"column":1}},"line":45},"4":{"name":"(anonymous_4)","decl":{"start":{"line":68,"column":23},"end":{"line":68,"column":24}},"loc":{"start":{"line":68,"column":49},"end":{"line":115,"column":1}},"line":68},"5":{"name":"(anonymous_5)","decl":{"start":{"line":117,"column":17},"end":{"line":117,"column":18}},"loc":{"start":{"line":117,"column":43},"end":{"line":140,"column":1}},"line":117},"6":{"name":"(anonymous_6)","decl":{"start":{"line":133,"column":51},"end":{"line":133,"column":52}},"loc":{"start":{"line":133,"column":56},"end":{"line":133,"column":74}},"line":133}},"branchMap":{"0":{"loc":{"start":{"line":5,"column":23},"end":{"line":5,"column":64}},"type":"binary-expr","locations":[{"start":{"line":5,"column":23},"end":{"line":5,"column":55}},{"start":{"line":5,"column":59},"end":{"line":5,"column":64}}],"line":5},"1":{"loc":{"start":{"line":6,"column":24},"end":{"line":6,"column":65}},"type":"binary-expr","locations":[{"start":{"line":6,"column":24},"end":{"line":6,"column":57}},{"start":{"line":6,"column":61},"end":{"line":6,"column":65}}],"line":6},"2":{"loc":{"start":{"line":22,"column":4},"end":{"line":22,"column":99}},"type":"if","locations":[{"start":{"line":22,"column":4},"end":{"line":22,"column":99}},{"start":{},"end":{}}],"line":22},"3":{"loc":{"start":{"line":22,"column":8},"end":{"line":22,"column":40}},"type":"binary-expr","locations":[{"start":{"line":22,"column":8},"end":{"line":22,"column":17}},{"start":{"line":22,"column":21},"end":{"line":22,"column":27}},{"start":{"line":22,"column":31},"end":{"line":22,"column":40}}],"line":22},"4":{"loc":{"start":{"line":25,"column":4},"end":{"line":25,"column":93}},"type":"if","locations":[{"start":{"line":25,"column":4},"end":{"line":25,"column":93}},{"start":{},"end":{}}],"line":25},"5":{"loc":{"start":{"line":48,"column":4},"end":{"line":48,"column":86}},"type":"if","locations":[{"start":{"line":48,"column":4},"end":{"line":48,"column":86}},{"start":{},"end":{}}],"line":48},"6":{"loc":{"start":{"line":48,"column":8},"end":{"line":48,"column":27}},"type":"binary-expr","locations":[{"start":{"line":48,"column":8},"end":{"line":48,"column":14}},{"start":{"line":48,"column":18},"end":{"line":48,"column":27}}],"line":48},"7":{"loc":{"start":{"line":51,"column":4},"end":{"line":51,"column":77}},"type":"if","locations":[{"start":{"line":51,"column":4},"end":{"line":51,"column":77}},{"start":{},"end":{}}],"line":51},"8":{"loc":{"start":{"line":54,"column":4},"end":{"line":54,"column":78}},"type":"if","locations":[{"start":{"line":54,"column":4},"end":{"line":54,"column":78}},{"start":{},"end":{}}],"line":54},"9":{"loc":{"start":{"line":71,"column":4},"end":{"line":71,"column":91}},"type":"if","locations":[{"start":{"line":71,"column":4},"end":{"line":71,"column":91}},{"start":{},"end":{}}],"line":71},"10":{"loc":{"start":{"line":81,"column":4},"end":{"line":81,"column":72}},"type":"if","locations":[{"start":{"line":81,"column":4},"end":{"line":81,"column":72}},{"start":{},"end":{}}],"line":81},"11":{"loc":{"start":{"line":104,"column":4},"end":{"line":108,"column":5}},"type":"if","locations":[{"start":{"line":104,"column":4},"end":{"line":108,"column":5}},{"start":{},"end":{}}],"line":104},"12":{"loc":{"start":{"line":120,"column":4},"end":{"line":120,"column":91}},"type":"if","locations":[{"start":{"line":120,"column":4},"end":{"line":120,"column":91}},{"start":{},"end":{}}],"line":120},"13":{"loc":{"start":{"line":131,"column":4},"end":{"line":131,"column":45}},"type":"if","locations":[{"start":{"line":131,"column":4},"end":{"line":131,"column":45}},{"start":{},"end":{}}],"line":131}},"s":{"0":7,"1":7,"2":7,"3":7,"4":7,"5":7,"6":7,"7":13,"8":13,"9":7,"10":12,"11":12,"12":12,"13":0,"14":12,"15":12,"16":0,"17":12,"18":12,"19":12,"20":12,"21":12,"22":12,"23":12,"24":12,"25":0,"26":7,"27":1,"28":1,"29":1,"30":0,"31":1,"32":1,"33":0,"34":1,"35":1,"36":0,"37":1,"38":1,"39":1,"40":1,"41":1,"42":0,"43":7,"44":3,"45":3,"46":3,"47":0,"48":3,"49":3,"50":0,"51":3,"52":3,"53":0,"54":3,"55":3,"56":3,"57":2,"58":2,"59":1,"60":1,"61":0,"62":7,"63":1,"64":1,"65":1,"66":0,"67":1,"68":1,"69":0,"70":1,"71":1,"72":0,"73":1,"74":1,"75":1,"76":1,"77":0},"f":{"0":13,"1":13,"2":12,"3":1,"4":3,"5":1,"6":1},"b":{"0":[7,7],"1":[7,7],"2":[0,12],"3":[12,12,12],"4":[0,12],"5":[0,1],"6":[1,1],"7":[0,1],"8":[0,1],"9":[0,3],"10":[0,3],"11":[2,1],"12":[0,1],"13":[0,1]},"_coverageSchema":"1a1c01bbd47fc00a2c39e90264f33305004495a9","hash":"73dea5409e1b83822e33acc2d3d94a3a8eee55ac"}
,"D:\\socials\\social-media-app\\server\\controllers\\conversationController.js": {"path":"D:\\socials\\social-media-app\\server\\controllers\\conversationController.js","statementMap":{"0":{"start":{"line":1,"column":16},"end":{"line":1,"column":44}},"1":{"start":{"line":2,"column":17},"end":{"line":2,"column":36}},"2":{"start":{"line":6,"column":0},"end":{"line":37,"column":2}},"3":{"start":{"line":7,"column":2},"end":{"line":36,"column":3}},"4":{"start":{"line":8,"column":19},"end":{"line":8,"column":55}},"5":{"start":{"line":11,"column":16},"end":{"line":18,"column":17}},"6":{"start":{"line":20,"column":19},"end":{"line":23,"column":6}},"7":{"start":{"line":24,"column":22},"end":{"line":24,"column":75}},"8":{"start":{"line":24,"column":46},"end":{"line":24,"column":73}},"9":{"start":{"line":26,"column":26},"end":{"line":31,"column":7}},"10":{"start":{"line":26,"column":40},"end":{"line":31,"column":5}},"11":{"start":{"line":33,"column":4},"end":{"line":33,"column":32}},"12":{"start":{"line":35,"column":4},"end":{"line":35,"column":14}}},"fnMap":{"0":{"name":"(anonymous_0)","decl":{"start":{"line":6,"column":27},"end":{"line":6,"column":28}},"loc":{"start":{"line":6,"column":53},"end":{"line":37,"column":1}},"line":6},"1":{"name":"(anonymous_1)","decl":{"start":{"line":24,"column":41},"end":{"line":24,"column":42}},"loc":{"start":{"line":24,"column":46},"end":{"line":24,"column":73}},"line":24},"2":{"name":"(anonymous_2)","decl":{"start":{"line":26,"column":34},"end":{"line":26,"column":35}},"loc":{"start":{"line":26,"column":40},"end":{"line":31,"column":5}},"line":26}},"branchMap":{"0":{"loc":{"start":{"line":30,"column":14},"end":{"line":30,"column":58}},"type":"binary-expr","locations":[{"start":{"line":30,"column":14},"end":{"line":30,"column":53}},{"start":{"line":30,"column":57},"end":{"line":30,"column":58}}],"line":30},"1":{"loc":{"start":{"line":30,"column":29},"end":{"line":30,"column":40}},"type":"binary-expr","locations":[{"start":{"line":30,"column":29},"end":{"line":30,"column":34}},{"start":{"line":30,"column":38},"end":{"line":30,"column":40}}],"line":30}},"s":{"0":7,"1":7,"2":7,"3":0,"4":0,"5":0,"6":0,"7":0,"8":0,"9":0,"10":0,"11":0,"12":0},"f":{"0":0,"1":0,"2":0},"b":{"0":[0,0],"1":[0,0]},"_coverageSchema":"1a1c01bbd47fc00a2c39e90264f33305004495a9","hash":"db3be042592758a6f795898de2cb8e7c4d748646"}
,"D:\\socials\\social-media-app\\server\\controllers\\messageController.js": {"path":"D:\\socials\\social-media-app\\server\\controllers\\messageController.js","statementMap":{"0":{"start":{"line":1,"column":16},"end":{"line":1,"column":44}},"1":{"start":{"line":4,"column":0},"end":{"line":28,"column":2}},"2":{"start":{"line":5,"column":2},"end":{"line":27,"column":3}},"3":{"start":{"line":6,"column":19},"end":{"line":6,"column":30}},"4":{"start":{"line":7,"column":20},"end":{"line":7,"column":37}},"5":{"start":{"line":8,"column":17},"end":{"line":8,"column":52}},"6":{"start":{"line":9,"column":18},"end":{"line":9,"column":70}},"7":{"start":{"line":10,"column":17},"end":{"line":10,"column":35}},"8":{"start":{"line":12,"column":21},"end":{"line":22,"column":13}},"9":{"start":{"line":24,"column":4},"end":{"line":24,"column":40}},"10":{"start":{"line":26,"column":4},"end":{"line":26,"column":14}},"11":{"start":{"line":31,"column":0},"end":{"line":44,"column":2}},"12":{"start":{"line":32,"column":2},"end":{"line":43,"column":3}},"13":{"start":{"line":33,"column":19},"end":{"line":33,"column":30}},"14":{"start":{"line":34,"column":26},"end":{"line":34,"column":36}},"15":{"start":{"line":35,"column":16},"end":{"line":35,"column":49}},"16":{"start":{"line":36,"column":4},"end":{"line":36,"column":74}},"17":{"start":{"line":36,"column":14},"end":{"line":36,"column":74}},"18":{"start":{"line":37,"column":4},"end":{"line":37,"column":97}},"19":{"start":{"line":37,"column":45},"end":{"line":37,"column":97}},"20":{"start":{"line":38,"column":4},"end":{"line":38,"column":28}},"21":{"start":{"line":39,"column":4},"end":{"line":39,"column":21}},"22":{"start":{"line":40,"column":4},"end":{"line":40,"column":41}},"23":{"start":{"line":42,"column":4},"end":{"line":42,"column":14}}},"fnMap":{"0":{"name":"(anonymous_0)","decl":{"start":{"line":4,"column":30},"end":{"line":4,"column":31}},"loc":{"start":{"line":4,"column":56},"end":{"line":28,"column":1}},"line":4},"1":{"name":"(anonymous_1)","decl":{"start":{"line":31,"column":19},"end":{"line":31,"column":20}},"loc":{"start":{"line":31,"column":45},"end":{"line":44,"column":1}},"line":31}},"branchMap":{"0":{"loc":{"start":{"line":8,"column":26},"end":{"line":8,"column":47}},"type":"binary-expr","locations":[{"start":{"line":8,"column":26},"end":{"line":8,"column":40}},{"start":{"line":8,"column":44},"end":{"line":8,"column":47}}],"line":8},"1":{"loc":{"start":{"line":9,"column":36},"end":{"line":9,"column":59}},"type":"binary-expr","locations":[{"start":{"line":9,"column":36},"end":{"line":9,"column":51}},{"start":{"line":9,"column":55},"end":{"line":9,"column":59}}],"line":9},"2":{"loc":{"start":{"line":36,"column":4},"end":{"line":36,"column":74}},"type":"if","locations":[{"start":{"line":36,"column":4},"end":{"line":36,"column":74}},{"start":{},"end":{}}],"line":36},"3":{"loc":{"start":{"line":37,"column":4},"end":{"line":37,"column":97}},"type":"if","locations":[{"start":{"line":37,"column":4},"end":{"line":37,"column":97}},{"start":{},"end":{}}],"line":37}},"s":{"0":7,"1":7,"2":1,"3":1,"4":1,"5":1,"6":1,"7":1,"8":1,"9":1,"10":0,"11":7,"12":1,"13":1,"14":1,"15":1,"16":1,"17":0,"18":1,"19":0,"20":1,"21":1,"22":1,"23":0},"f":{"0":1,"1":1},"b":{"0":[1,1],"1":[1,1],"2":[0,1],"3":[0,1]},"_coverageSchema":"1a1c01bbd47fc00a2c39e90264f33305004495a9","hash":"d87b9afa906fe8aa7dc1d0e1f024fea53a308925"}
,"D:\\socials\\social-media-app\\server\\controllers\\notificationController.js": {"path":"D:\\socials\\social-media-app\\server\\controllers\\notificationController.js","statementMap":{"0":{"start":{"line":1,"column":21},"end":{"line":1,"column":54}},"1":{"start":{"line":3,"column":0},"end":{"line":20,"column":2}},"2":{"start":{"line":4,"column":2},"end":{"line":19,"column":3}},"3":{"start":{"line":5,"column":19},"end":{"line":5,"column":30}},"4":{"start":{"line":6,"column":17},"end":{"line":6,"column":52}},"5":{"start":{"line":7,"column":18},"end":{"line":7,"column":70}},"6":{"start":{"line":8,"column":17},"end":{"line":8,"column":35}},"7":{"start":{"line":10,"column":26},"end":{"line":14,"column":13}},"8":{"start":{"line":16,"column":4},"end":{"line":16,"column":45}},"9":{"start":{"line":18,"column":4},"end":{"line":18,"column":14}},"10":{"start":{"line":22,"column":0},"end":{"line":35,"column":2}},"11":{"start":{"line":23,"column":2},"end":{"line":34,"column":3}},"12":{"start":{"line":24,"column":19},"end":{"line":24,"column":30}},"13":{"start":{"line":25,"column":15},"end":{"line":25,"column":40}},"14":{"start":{"line":26,"column":14},"end":{"line":26,"column":45}},"15":{"start":{"line":27,"column":4},"end":{"line":27,"column":64}},"16":{"start":{"line":27,"column":12},"end":{"line":27,"column":64}},"17":{"start":{"line":28,"column":4},"end":{"line":28,"column":95}},"18":{"start":{"line":28,"column":43},"end":{"line":28,"column":95}},"19":{"start":{"line":29,"column":4},"end":{"line":29,"column":18}},"20":{"start":{"line":30,"column":4},"end":{"line":30,"column":19}},"21":{"start":{"line":31,"column":4},"end":{"line":31,"column":27}},"22":{"start":{"line":33,"column":4},"end":{"line":33,"column":14}},"23":{"start":{"line":37,"column":0},"end":{"line":45,"column":2}},"24":{"start":{"line":38,"column":2},"end":{"line":44,"column":3}},"25":{"start":{"line":39,"column":19},"end":{"line":39,"column":30}},"26":{"start":{"line":40,"column":4},"end":{"line":40,"column":96}},"27":{"start":{"line":41,"column":4},"end":{"line":41,"column":27}},"28":{"start":{"line":43,"column":4},"end":{"line":43,"column":14}},"29":{"start":{"line":47,"column":0},"end":{"line":55,"column":2}},"30":{"start":{"line":48,"column":2},"end":{"line":54,"column":3}},"31":{"start":{"line":49,"column":19},"end":{"line":49,"column":30}},"32":{"start":{"line":50,"column":18},"end":{"line":50,"column":87}},"33":{"start":{"line":51,"column":4},"end":{"line":51,"column":32}},"34":{"start":{"line":53,"column":4},"end":{"line":53,"column":14}}},"fnMap":{"0":{"name":"(anonymous_0)","decl":{"start":{"line":3,"column":27},"end":{"line":3,"column":28}},"loc":{"start":{"line":3,"column":53},"end":{"line":20,"column":1}},"line":3},"1":{"name":"(anonymous_1)","decl":{"start":{"line":22,"column":19},"end":{"line":22,"column":20}},"loc":{"start":{"line":22,"column":45},"end":{"line":35,"column":1}},"line":22},"2":{"name":"(anonymous_2)","decl":{"start":{"line":37,"column":22},"end":{"line":37,"column":23}},"loc":{"start":{"line":37,"column":48},"end":{"line":45,"column":1}},"line":37},"3":{"name":"(anonymous_3)","decl":{"start":{"line":47,"column":22},"end":{"line":47,"column":23}},"loc":{"start":{"line":47,"column":48},"end":{"line":55,"column":1}},"line":47}},"branchMap":{"0":{"loc":{"start":{"line":6,"column":26},"end":{"line":6,"column":47}},"type":"binary-expr","locations":[{"start":{"line":6,"column":26},"end":{"line":6,"column":40}},{"start":{"line":6,"column":44},"end":{"line":6,"column":47}}],"line":6},"1":{"loc":{"start":{"line":7,"column":36},"end":{"line":7,"column":59}},"type":"binary-expr","locations":[{"start":{"line":7,"column":36},"end":{"line":7,"column":51}},{"start":{"line":7,"column":55},"end":{"line":7,"column":59}}],"line":7},"2":{"loc":{"start":{"line":27,"column":4},"end":{"line":27,"column":64}},"type":"if","locations":[{"start":{"line":27,"column":4},"end":{"line":27,"column":64}},{"start":{},"end":{}}],"line":27},"3":{"loc":{"start":{"line":28,"column":4},"end":{"line":28,"column":95}},"type":"if","locations":[{"start":{"line":28,"column":4},"end":{"line":28,"column":95}},{"start":{},"end":{}}],"line":28}},"s":{"0":7,"1":7,"2":1,"3":1,"4":1,"5":1,"6":1,"7":1,"8":1,"9":0,"10":7,"11":2,"12":2,"13":2,"14":2,"15":2,"16":1,"17":1,"18":1,"19":0,"20":0,"21":0,"22":0,"23":7,"24":1,"25":1,"26":1,"27":1,"28":0,"29":7,"30":2,"31":2,"32":2,"33":2,"34":0},"f":{"0":1,"1":2,"2":1,"3":2},"b":{"0":[1,1],"1":[1,1],"2":[1,1],"3":[1,0]},"_coverageSchema":"1a1c01bbd47fc00a2c39e90264f33305004495a9","hash":"398c86161fb1608c3ebe07d26ce86da5aa7c9431"}
,"D:\\socials\\social-media-app\\server\\controllers\\postController.js": {"path":"D:\\socials\\social-media-app\\server\\controllers\\postController.js","statementMap":{"0":{"start":{"line":1,"column":13},"end":{"line":1,"column":38}},"1":{"start":{"line":2,"column":11},"end":{"line":2,"column":24}},"2":{"start":{"line":3,"column":13},"end":{"line":3,"column":28}},"3":{"start":{"line":4,"column":23},"end":{"line":4,"column":53}},"4":{"start":{"line":6,"column":0},"end":{"line":49,"column":2}},"5":{"start":{"line":7,"column":2},"end":{"line":48,"column":3}},"6":{"start":{"line":8,"column":24},"end":{"line":8,"column":32}},"7":{"start":{"line":9,"column":18},"end":{"line":9,"column":33}},"8":{"start":{"line":11,"column":17},"end":{"line":11,"column":19}},"9":{"start":{"line":12,"column":17},"end":{"line":12,"column":19}},"10":{"start":{"line":15,"column":28},"end":{"line":15,"column":129}},"11":{"start":{"line":17,"column":4},"end":{"line":33,"column":5}},"12":{"start":{"line":18,"column":6},"end":{"line":29,"column":7}},"13":{"start":{"line":19,"column":8},"end":{"line":28,"column":9}},"14":{"start":{"line":20,"column":28},"end":{"line":20,"column":77}},"15":{"start":{"line":21,"column":22},"end":{"line":21,"column":81}},"16":{"start":{"line":22,"column":10},"end":{"line":23,"column":43}},"17":{"start":{"line":22,"column":74},"end":{"line":22,"column":102}},"18":{"start":{"line":23,"column":15},"end":{"line":23,"column":43}},"19":{"start":{"line":25,"column":10},"end":{"line":25,"column":41}},"20":{"start":{"line":27,"column":10},"end":{"line":27,"column":80}},"21":{"start":{"line":31,"column":6},"end":{"line":31,"column":100}},"22":{"start":{"line":31,"column":33},"end":{"line":31,"column":63}},"23":{"start":{"line":31,"column":74},"end":{"line":31,"column":98}},"24":{"start":{"line":32,"column":6},"end":{"line":32,"column":100}},"25":{"start":{"line":32,"column":33},"end":{"line":32,"column":63}},"26":{"start":{"line":32,"column":74},"end":{"line":32,"column":98}},"27":{"start":{"line":35,"column":17},"end":{"line":35,"column":84}},"28":{"start":{"line":38,"column":22},"end":{"line":38,"column":97}},"29":{"start":{"line":41,"column":4},"end":{"line":43,"column":5}},"30":{"start":{"line":42,"column":6},"end":{"line":42,"column":52}},"31":{"start":{"line":45,"column":4},"end":{"line":45,"column":46}},"32":{"start":{"line":47,"column":4},"end":{"line":47,"column":14}},"33":{"start":{"line":51,"column":0},"end":{"line":68,"column":2}},"34":{"start":{"line":52,"column":2},"end":{"line":67,"column":3}},"35":{"start":{"line":53,"column":17},"end":{"line":53,"column":52}},"36":{"start":{"line":54,"column":18},"end":{"line":54,"column":69}},"37":{"start":{"line":55,"column":17},"end":{"line":55,"column":35}},"38":{"start":{"line":57,"column":18},"end":{"line":62,"column":13}},"39":{"start":{"line":64,"column":4},"end":{"line":64,"column":37}},"40":{"start":{"line":66,"column":4},"end":{"line":66,"column":14}},"41":{"start":{"line":70,"column":0},"end":{"line":79,"column":2}},"42":{"start":{"line":71,"column":2},"end":{"line":78,"column":3}},"43":{"start":{"line":72,"column":19},"end":{"line":72,"column":29}},"44":{"start":{"line":73,"column":17},"end":{"line":73,"column":86}},"45":{"start":{"line":74,"column":4},"end":{"line":74,"column":90}},"46":{"start":{"line":74,"column":33},"end":{"line":74,"column":90}},"47":{"start":{"line":75,"column":4},"end":{"line":75,"column":23}},"48":{"start":{"line":77,"column":4},"end":{"line":77,"column":14}},"49":{"start":{"line":81,"column":0},"end":{"line":104,"column":2}},"50":{"start":{"line":82,"column":2},"end":{"line":103,"column":3}},"51":{"start":{"line":83,"column":19},"end":{"line":83,"column":29}},"52":{"start":{"line":84,"column":19},"end":{"line":84,"column":30}},"53":{"start":{"line":85,"column":17},"end":{"line":85,"column":40}},"54":{"start":{"line":86,"column":4},"end":{"line":86,"column":72}},"55":{"start":{"line":86,"column":15},"end":{"line":86,"column":72}},"56":{"start":{"line":88,"column":19},"end":{"line":88,"column":46}},"57":{"start":{"line":89,"column":4},"end":{"line":93,"column":5}},"58":{"start":{"line":90,"column":6},"end":{"line":90,"column":67}},"59":{"start":{"line":90,"column":42},"end":{"line":90,"column":65}},"60":{"start":{"line":92,"column":6},"end":{"line":92,"column":30}},"61":{"start":{"line":95,"column":4},"end":{"line":95,"column":22}},"62":{"start":{"line":96,"column":22},"end":{"line":96,"column":91}},"63":{"start":{"line":98,"column":4},"end":{"line":98,"column":99}},"64":{"start":{"line":98,"column":38},"end":{"line":98,"column":99}},"65":{"start":{"line":100,"column":4},"end":{"line":100,"column":34}},"66":{"start":{"line":102,"column":4},"end":{"line":102,"column":14}}},"fnMap":{"0":{"name":"(anonymous_0)","decl":{"start":{"line":6,"column":21},"end":{"line":6,"column":22}},"loc":{"start":{"line":6,"column":47},"end":{"line":49,"column":1}},"line":6},"1":{"name":"(anonymous_1)","decl":{"start":{"line":25,"column":31},"end":{"line":25,"column":32}},"loc":{"start":{"line":25,"column":37},"end":{"line":25,"column":39}},"line":25},"2":{"name":"(anonymous_2)","decl":{"start":{"line":31,"column":28},"end":{"line":31,"column":29}},"loc":{"start":{"line":31,"column":33},"end":{"line":31,"column":63}},"line":31},"3":{"name":"(anonymous_3)","decl":{"start":{"line":31,"column":69},"end":{"line":31,"column":70}},"loc":{"start":{"line":31,"column":74},"end":{"line":31,"column":98}},"line":31},"4":{"name":"(anonymous_4)","decl":{"start":{"line":32,"column":28},"end":{"line":32,"column":29}},"loc":{"start":{"line":32,"column":33},"end":{"line":32,"column":63}},"line":32},"5":{"name":"(anonymous_5)","decl":{"start":{"line":32,"column":69},"end":{"line":32,"column":70}},"loc":{"start":{"line":32,"column":74},"end":{"line":32,"column":98}},"line":32},"6":{"name":"(anonymous_6)","decl":{"start":{"line":51,"column":18},"end":{"line":51,"column":19}},"loc":{"start":{"line":51,"column":44},"end":{"line":68,"column":1}},"line":51},"7":{"name":"(anonymous_7)","decl":{"start":{"line":70,"column":18},"end":{"line":70,"column":19}},"loc":{"start":{"line":70,"column":44},"end":{"line":79,"column":1}},"line":70},"8":{"name":"(anonymous_8)","decl":{"start":{"line":81,"column":19},"end":{"line":81,"column":20}},"loc":{"start":{"line":81,"column":45},"end":{"line":104,"column":1}},"line":81},"9":{"name":"(anonymous_9)","decl":{"start":{"line":90,"column":37},"end":{"line":90,"column":38}},"loc":{"start":{"line":90,"column":42},"end":{"line":90,"column":65}},"line":90}},"branchMap":{"0":{"loc":{"start":{"line":9,"column":18},"end":{"line":9,"column":33}},"type":"binary-expr","locations":[{"start":{"line":9,"column":18},"end":{"line":9,"column":27}},{"start":{"line":9,"column":31},"end":{"line":9,"column":33}}],"line":9},"1":{"loc":{"start":{"line":15,"column":31},"end":{"line":15,"column":128}},"type":"binary-expr","locations":[{"start":{"line":15,"column":31},"end":{"line":15,"column":61}},{"start":{"line":15,"column":65},"end":{"line":15,"column":91}},{"start":{"line":15,"column":95},"end":{"line":15,"column":128}}],"line":15},"2":{"loc":{"start":{"line":17,"column":4},"end":{"line":33,"column":5}},"type":"if","locations":[{"start":{"line":17,"column":4},"end":{"line":33,"column":5}},{"start":{"line":30,"column":11},"end":{"line":33,"column":5}}],"line":17},"3":{"loc":{"start":{"line":22,"column":10},"end":{"line":23,"column":43}},"type":"if","locations":[{"start":{"line":22,"column":10},"end":{"line":23,"column":43}},{"start":{"line":23,"column":15},"end":{"line":23,"column":43}}],"line":22},"4":{"loc":{"start":{"line":22,"column":14},"end":{"line":22,"column":72}},"type":"binary-expr","locations":[{"start":{"line":22,"column":14},"end":{"line":22,"column":31}},{"start":{"line":22,"column":35},"end":{"line":22,"column":72}}],"line":22},"5":{"loc":{"start":{"line":41,"column":4},"end":{"line":43,"column":5}},"type":"if","locations":[{"start":{"line":41,"column":4},"end":{"line":43,"column":5}},{"start":{},"end":{}}],"line":41},"6":{"loc":{"start":{"line":41,"column":8},"end":{"line":41,"column":36}},"type":"binary-expr","locations":[{"start":{"line":41,"column":8},"end":{"line":41,"column":15}},{"start":{"line":41,"column":19},"end":{"line":41,"column":36}}],"line":41},"7":{"loc":{"start":{"line":53,"column":26},"end":{"line":53,"column":47}},"type":"binary-expr","locations":[{"start":{"line":53,"column":26},"end":{"line":53,"column":40}},{"start":{"line":53,"column":44},"end":{"line":53,"column":47}}],"line":53},"8":{"loc":{"start":{"line":54,"column":36},"end":{"line":54,"column":59}},"type":"binary-expr","locations":[{"start":{"line":54,"column":36},"end":{"line":54,"column":51}},{"start":{"line":54,"column":55},"end":{"line":54,"column":59}}],"line":54},"9":{"loc":{"start":{"line":74,"column":4},"end":{"line":74,"column":90}},"type":"if","locations":[{"start":{"line":74,"column":4},"end":{"line":74,"column":90}},{"start":{},"end":{}}],"line":74},"10":{"loc":{"start":{"line":74,"column":8},"end":{"line":74,"column":31}},"type":"binary-expr","locations":[{"start":{"line":74,"column":8},"end":{"line":74,"column":13}},{"start":{"line":74,"column":17},"end":{"line":74,"column":31}}],"line":74},"11":{"loc":{"start":{"line":86,"column":4},"end":{"line":86,"column":72}},"type":"if","locations":[{"start":{"line":86,"column":4},"end":{"line":86,"column":72}},{"start":{},"end":{}}],"line":86},"12":{"loc":{"start":{"line":89,"column":4},"end":{"line":93,"column":5}},"type":"if","locations":[{"start":{"line":89,"column":4},"end":{"line":93,"column":5}},{"start":{"line":91,"column":11},"end":{"line":93,"column":5}}],"line":89},"13":{"loc":{"start":{"line":98,"column":4},"end":{"line":98,"column":99}},"type":"if","locations":[{"start":{"line":98,"column":4},"end":{"line":98,"column":99}},{"start":{},"end":{}}],"line":98},"14":{"loc":{"start":{"line":98,"column":8},"end":{"line":98,"column":36}},"type":"binary-expr","locations":[{"start":{"line":98,"column":8},"end":{"line":98,"column":15}},{"start":{"line":98,"column":19},"end":{"line":98,"column":36}}],"line":98}},"s":{"0":7,"1":7,"2":7,"3":7,"4":7,"5":2,"6":2,"7":2,"8":2,"9":2,"10":2,"11":2,"12":0,"13":0,"14":0,"15":0,"16":0,"17":0,"18":0,"19":0,"20":0,"21":2,"22":0,"23":0,"24":2,"25":0,"26":0,"27":2,"28":2,"29":2,"30":0,"31":2,"32":0,"33":7,"34":1,"35":1,"36":1,"37":1,"38":1,"39":1,"40":0,"41":7,"42":0,"43":0,"44":0,"45":0,"46":0,"47":0,"48":0,"49":7,"50":2,"51":2,"52":2,"53":2,"54":2,"55":0,"56":2,"57":2,"58":1,"59":1,"60":1,"61":2,"62":2,"63":2,"64":0,"65":2,"66":0},"f":{"0":2,"1":0,"2":0,"3":0,"4":0,"5":0,"6":1,"7":0,"8":2,"9":1},"b":{"0":[2,0],"1":[2,2,2],"2":[0,2],"3":[0,0],"4":[0,0],"5":[0,2],"6":[2,2],"7":[1,1],"8":[1,1],"9":[0,0],"10":[0,0],"11":[0,2],"12":[1,1],"13":[0,2],"14":[2,2]},"_coverageSchema":"1a1c01bbd47fc00a2c39e90264f33305004495a9","hash":"487609b5e75f674cb07db449d1f31bfcb811d4e7"}
,"D:\\socials\\social-media-app\\server\\controllers\\userController.js": {"path":"D:\\socials\\social-media-app\\server\\controllers\\userController.js","statementMap":{"0":{"start":{"line":1,"column":13},"end":{"line":1,"column":38}},"1":{"start":{"line":4,"column":0},"end":{"line":20,"column":2}},"2":{"start":{"line":5,"column":2},"end":{"line":19,"column":3}},"3":{"start":{"line":6,"column":14},"end":{"line":6,"column":40}},"4":{"start":{"line":7,"column":17},"end":{"line":7,"column":52}},"5":{"start":{"line":8,"column":18},"end":{"line":8,"column":70}},"6":{"start":{"line":9,"column":17},"end":{"line":9,"column":35}},"7":{"start":{"line":11,"column":19},"end":{"line":13,"column":10}},"8":{"start":{"line":15,"column":18},"end":{"line":15,"column":110}},"9":{"start":{"line":16,"column":4},"end":{"line":16,"column":37}},"10":{"start":{"line":18,"column":4},"end":{"line":18,"column":14}}},"fnMap":{"0":{"name":"(anonymous_0)","decl":{"start":{"line":4,"column":22},"end":{"line":4,"column":23}},"loc":{"start":{"line":4,"column":48},"end":{"line":20,"column":1}},"line":4}},"branchMap":{"0":{"loc":{"start":{"line":6,"column":15},"end":{"line":6,"column":32}},"type":"binary-expr","locations":[{"start":{"line":6,"column":15},"end":{"line":6,"column":26}},{"start":{"line":6,"column":30},"end":{"line":6,"column":32}}],"line":6},"1":{"loc":{"start":{"line":7,"column":26},"end":{"line":7,"column":47}},"type":"binary-expr","locations":[{"start":{"line":7,"column":26},"end":{"line":7,"column":40}},{"start":{"line":7,"column":44},"end":{"line":7,"column":47}}],"line":7},"2":{"loc":{"start":{"line":8,"column":36},"end":{"line":8,"column":59}},"type":"binary-expr","locations":[{"start":{"line":8,"column":36},"end":{"line":8,"column":51}},{"start":{"line":8,"column":55},"end":{"line":8,"column":59}}],"line":8},"3":{"loc":{"start":{"line":11,"column":19},"end":{"line":13,"column":10}},"type":"cond-expr","locations":[{"start":{"line":12,"column":8},"end":{"line":12,"column":104}},{"start":{"line":13,"column":8},"end":{"line":13,"column":10}}],"line":11}},"s":{"0":7,"1":7,"2":0,"3":0,"4":0,"5":0,"6":0,"7":0,"8":0,"9":0,"10":0},"f":{"0":0},"b":{"0":[0,0],"1":[0,0],"2":[0,0],"3":[0,0]},"_coverageSchema":"1a1c01bbd47fc00a2c39e90264f33305004495a9","hash":"75740925d0fd23f6482c37c84f01ec99ff25f74d"}
,"D:\\socials\\social-media-app\\server\\models\\Message.js": {"path":"D:\\socials\\social-media-app\\server\\models\\Message.js","statementMap":{"0":{"start":{"line":1,"column":17},"end":{"line":1,"column":36}},"1":{"start":{"line":2,"column":15},"end":{"line":2,"column":30}},"2":{"start":{"line":4,"column":22},"end":{"line":12,"column":24}},"3":{"start":{"line":14,"column":0},"end":{"line":14,"column":38}},"4":{"start":{"line":16,"column":0},"end":{"line":16,"column":58}}},"fnMap":{},"branchMap":{},"s":{"0":7,"1":7,"2":7,"3":7,"4":7},"f":{},"b":{},"_coverageSchema":"1a1c01bbd47fc00a2c39e90264f33305004495a9","hash":"5c9d404fef3bd9b19c6559e6e9fd178791aa1660"}
,"D:\\socials\\social-media-app\\server\\models\\Notification.js": {"path":"D:\\socials\\social-media-app\\server\\models\\Notification.js","statementMap":{"0":{"start":{"line":1,"column":17},"end":{"line":1,"column":36}},"1":{"start":{"line":2,"column":15},"end":{"line":2,"column":30}},"2":{"start":{"line":4,"column":27},"end":{"line":12,"column":24}},"3":{"start":{"line":14,"column":0},"end":{"line":14,"column":58}},"4":{"start":{"line":16,"column":0},"end":{"line":16,"column":68}}},"fnMap":{},"branchMap":{},"s":{"0":7,"1":7,"2":7,"3":7,"4":7},"f":{},"b":{},"_coverageSchema":"1a1c01bbd47fc00a2c39e90264f33305004495a9","hash":"ccfde094bbb42b5486ef06112943c445adde6f3f"}
,"D:\\socials\\social-media-app\\server\\models\\Post.js": {"path":"D:\\socials\\social-media-app\\server\\models\\Post.js","statementMap":{"0":{"start":{"line":1,"column":17},"end":{"line":1,"column":36}},"1":{"start":{"line":3,"column":15},"end":{"line":3,"column":30}},"2":{"start":{"line":5,"column":19},"end":{"line":16,"column":24}},"3":{"start":{"line":18,"column":0},"end":{"line":18,"column":36}},"4":{"start":{"line":20,"column":0},"end":{"line":20,"column":52}}},"fnMap":{},"branchMap":{},"s":{"0":7,"1":7,"2":7,"3":7,"4":7},"f":{},"b":{},"_coverageSchema":"1a1c01bbd47fc00a2c39e90264f33305004495a9","hash":"24af9fdc0aa905266381a557fd0502198bf80c27"}
,"D:\\socials\\social-media-app\\server\\models\\User.js": {"path":"D:\\socials\\social-media-app\\server\\models\\User.js","statementMap":{"0":{"start":{"line":1,"column":17},"end":{"line":1,"column":36}},"1":{"start":{"line":3,"column":15},"end":{"line":3,"column":30}},"2":{"start":{"line":5,"column":19},"end":{"line":15,"column":2}},"3":{"start":{"line":17,"column":0},"end":{"line":17,"column":52}}},"fnMap":{},"branchMap":{},"s":{"0":7,"1":7,"2":7,"3":7},"f":{},"b":{},"_coverageSchema":"1a1c01bbd47fc00a2c39e90264f33305004495a9","hash":"0a620a3e106ed1f1652f1ce57c5fd0c20966d465"}
,"D:\\socials\\social-media-app\\server\\routes\\auth.js": {"path":"D:\\socials\\social-media-app\\server\\routes\\auth.js","statementMap":{"0":{"start":{"line":1,"column":16},"end":{"line":1,"column":34}},"1":{"start":{"line":2,"column":15},"end":{"line":2,"column":31}},"2":{"start":{"line":3,"column":23},"end":{"line":3,"column":63}},"3":{"start":{"line":4,"column":66},"end":{"line":4,"column":101}},"4":{"start":{"line":5,"column":47},"end":{"line":5,"column":84}},"5":{"start":{"line":7,"column":0},"end":{"line":7,"column":110}},"6":{"start":{"line":8,"column":0},"end":{"line":8,"column":93}},"7":{"start":{"line":9,"column":0},"end":{"line":9,"column":59}},"8":{"start":{"line":10,"column":0},"end":{"line":10,"column":46}},"9":{"start":{"line":12,"column":0},"end":{"line":12,"column":24}}},"fnMap":{},"branchMap":{},"s":{"0":7,"1":7,"2":7,"3":7,"4":7,"5":7,"6":7,"7":7,"8":7,"9":7},"f":{},"b":{},"_coverageSchema":"1a1c01bbd47fc00a2c39e90264f33305004495a9","hash":"4de011b36d4cd78f56eb7d6313538d3688b4734d"}
,"D:\\socials\\social-media-app\\server\\routes\\conversations.js": {"path":"D:\\socials\\social-media-app\\server\\routes\\conversations.js","statementMap":{"0":{"start":{"line":1,"column":16},"end":{"line":1,"column":34}},"1":{"start":{"line":2,"column":15},"end":{"line":2,"column":31}},"2":{"start":{"line":3,"column":13},"end":{"line":3,"column":42}},"3":{"start":{"line":4,"column":23},"end":{"line":4,"column":71}},"4":{"start":{"line":6,"column":0},"end":{"line":6,"column":55}},"5":{"start":{"line":8,"column":0},"end":{"line":8,"column":24}}},"fnMap":{},"branchMap":{},"s":{"0":7,"1":7,"2":7,"3":7,"4":7,"5":7},"f":{},"b":{},"_coverageSchema":"1a1c01bbd47fc00a2c39e90264f33305004495a9","hash":"e37912bdbc298e25603d89c14c6fccfddcbf9a81"}
,"D:\\socials\\social-media-app\\server\\routes\\messages.js": {"path":"D:\\socials\\social-media-app\\server\\routes\\messages.js","statementMap":{"0":{"start":{"line":1,"column":16},"end":{"line":1,"column":34}},"1":{"start":{"line":2,"column":15},"end":{"line":2,"column":31}},"2":{"start":{"line":3,"column":13},"end":{"line":3,"column":42}},"3":{"start":{"line":4,"column":26},"end":{"line":4,"column":69}},"4":{"start":{"line":6,"column":0},"end":{"line":6,"column":68}},"5":{"start":{"line":7,"column":0},"end":{"line":7,"column":65}},"6":{"start":{"line":9,"column":0},"end":{"line":9,"column":24}}},"fnMap":{},"branchMap":{},"s":{"0":7,"1":7,"2":7,"3":7,"4":7,"5":7,"6":7},"f":{},"b":{},"_coverageSchema":"1a1c01bbd47fc00a2c39e90264f33305004495a9","hash":"bb9a45b6b94e85dc522fa6c35bccb664a865d25b"}
,"D:\\socials\\social-media-app\\server\\routes\\notifications.js": {"path":"D:\\socials\\social-media-app\\server\\routes\\notifications.js","statementMap":{"0":{"start":{"line":1,"column":16},"end":{"line":1,"column":34}},"1":{"start":{"line":2,"column":15},"end":{"line":2,"column":31}},"2":{"start":{"line":3,"column":13},"end":{"line":3,"column":42}},"3":{"start":{"line":4,"column":31},"end":{"line":4,"column":79}},"4":{"start":{"line":6,"column":0},"end":{"line":6,"column":63}},"5":{"start":{"line":7,"column":0},"end":{"line":7,"column":75}},"6":{"start":{"line":8,"column":0},"end":{"line":8,"column":66}},"7":{"start":{"line":9,"column":0},"end":{"line":9,"column":70}},"8":{"start":{"line":11,"column":0},"end":{"line":11,"column":24}}},"fnMap":{},"branchMap":{},"s":{"0":7,"1":7,"2":7,"3":7,"4":7,"5":7,"6":7,"7":7,"8":7},"f":{},"b":{},"_coverageSchema":"1a1c01bbd47fc00a2c39e90264f33305004495a9","hash":"bfe00057e5f8a9cfd9e3d0f2a8b47534961e4eb0"}
,"D:\\socials\\social-media-app\\server\\routes\\posts.js": {"path":"D:\\socials\\social-media-app\\server\\routes\\posts.js","statementMap":{"0":{"start":{"line":1,"column":16},"end":{"line":1,"column":34}},"1":{"start":{"line":2,"column":15},"end":{"line":2,"column":31}},"2":{"start":{"line":3,"column":13},"end":{"line":3,"column":42}},"3":{"start":{"line":4,"column":15},"end":{"line":4,"column":46}},"4":{"start":{"line":5,"column":23},"end":{"line":5,"column":63}},"5":{"start":{"line":6,"column":45},"end":{"line":6,"column":80}},"6":{"start":{"line":8,"column":0},"end":{"line":8,"column":110}},"7":{"start":{"line":9,"column":0},"end":{"line":9,"column":40}},"8":{"start":{"line":10,"column":0},"end":{"line":10,"column":43}},"9":{"start":{"line":11,"column":0},"end":{"line":11,"column":56}},"10":{"start":{"line":13,"column":0},"end":{"line":13,"column":24}}},"fnMap":{},"branchMap":{},"s":{"0":7,"1":7,"2":7,"3":7,"4":7,"5":7,"6":7,"7":7,"8":7,"9":7,"10":7},"f":{},"b":{},"_coverageSchema":"1a1c01bbd47fc00a2c39e90264f33305004495a9","hash":"fe616ae5cc820c39bcbb9b486e27124c614b37f1"}
,"D:\\socials\\social-media-app\\server\\routes\\users.js": {"path":"D:\\socials\\social-media-app\\server\\routes\\users.js","statementMap":{"0":{"start":{"line":1,"column":16},"end":{"line":1,"column":34}},"1":{"start":{"line":2,"column":15},"end":{"line":2,"column":31}},"2":{"start":{"line":3,"column":23},"end":{"line":3,"column":63}},"3":{"start":{"line":6,"column":0},"end":{"line":6,"column":44}},"4":{"start":{"line":8,"column":0},"end":{"line":8,"column":24}}},"fnMap":{},"branchMap":{},"s":{"0":7,"1":7,"2":7,"3":7,"4":7},"f":{},"b":{},"_coverageSchema":"1a1c01bbd47fc00a2c39e90264f33305004495a9","hash":"31a93c4b4ff50ee12432cc5b959b20c372e7d217"}
,"D:\\socials\\social-media-app\\server\\utils\\cloudinary.js": {"path":"D:\\socials\\social-media-app\\server\\utils\\cloudinary.js","statementMap":{"0":{"start":{"line":1,"column":19},"end":{"line":1,"column":43}},"1":{"start":{"line":4,"column":0},"end":{"line":9,"column":3}},"2":{"start":{"line":13,"column":23},"end":{"line":13,"column":54}},"3":{"start":{"line":14,"column":24},"end":{"line":14,"column":55}},"4":{"start":{"line":15,"column":2},"end":{"line":15,"column":60}},"5":{"start":{"line":15,"column":22},"end":{"line":15,"column":60}},"6":{"start":{"line":16,"column":14},"end":{"line":16,"column":71}},"7":{"start":{"line":17,"column":2},"end":{"line":17,"column":13}},"8":{"start":{"line":20,"column":0},"end":{"line":20,"column":44}}},"fnMap":{"0":{"name":"uploadFile","decl":{"start":{"line":11,"column":15},"end":{"line":11,"column":25}},"loc":{"start":{"line":11,"column":50},"end":{"line":18,"column":1}},"line":11}},"branchMap":{"0":{"loc":{"start":{"line":11,"column":36},"end":{"line":11,"column":48}},"type":"default-arg","locations":[{"start":{"line":11,"column":46},"end":{"line":11,"column":48}}],"line":11},"1":{"loc":{"start":{"line":13,"column":23},"end":{"line":13,"column":54}},"type":"binary-expr","locations":[{"start":{"line":13,"column":23},"end":{"line":13,"column":44}},{"start":{"line":13,"column":48},"end":{"line":13,"column":54}}],"line":13},"2":{"loc":{"start":{"line":15,"column":2},"end":{"line":15,"column":60}},"type":"if","locations":[{"start":{"line":15,"column":2},"end":{"line":15,"column":60}},{"start":{},"end":{}}],"line":15}},"s":{"0":7,"1":7,"2":0,"3":0,"4":0,"5":0,"6":0,"7":0,"8":7},"f":{"0":0},"b":{"0":[0],"1":[0,0],"2":[0,0]},"_coverageSchema":"1a1c01bbd47fc00a2c39e90264f33305004495a9","hash":"0d666f1232ce91b3f629969aaa6351a7d2455d87"}
,"D:\\socials\\social-media-app\\server\\utils\\logger.js": {"path":"D:\\socials\\social-media-app\\server\\utils\\logger.js","statementMap":{"0":{"start":{"line":1,"column":45},"end":{"line":1,"column":63}},"1":{"start":{"line":3,"column":15},"end":{"line":14,"column":2}},"2":{"start":{"line":16,"column":0},"end":{"line":16,"column":24}}},"fnMap":{},"branchMap":{"0":{"loc":{"start":{"line":4,"column":9},"end":{"line":4,"column":40}},"type":"binary-expr","locations":[{"start":{"line":4,"column":9},"end":{"line":4,"column":30}},{"start":{"line":4,"column":34},"end":{"line":4,"column":40}}],"line":4},"1":{"loc":{"start":{"line":12,"column":36},"end":{"line":12,"column":67}},"type":"binary-expr","locations":[{"start":{"line":12,"column":36},"end":{"line":12,"column":57}},{"start":{"line":12,"column":61},"end":{"line":12,"column":67}}],"line":12}},"s":{"0":7,"1":7,"2":7},"f":{},"b":{"0":[7,7],"1":[7,7]},"_coverageSchema":"1a1c01bbd47fc00a2c39e90264f33305004495a9","hash":"48195731a5bc93a131b7d14032035f830eac6f87"}
}
