{"D:\\socials\\social-media-app\\server\\controllers\\adminController.js": {"path":"D:\\socials\\social-media-app\\server\\controllers\\adminController.js","statementMap":{"0":{"start":{"line":1,"column":0},"end":{"line":1,"column":47}}},"fnMap":{},"branchMap":{},"s":{"0":0},"f":{},"b":{}}
,"D:\\socials\\social-media-app\\server\\controllers\\adminController2.js": {"path":"D:\\socials\\social-media-app\\server\\controllers\\adminController2.js","statementMap":{"0":{"start":{"line":1,"column":13},"end":{"line":1,"column":38}},"1":{"start":{"line":2,"column":15},"end":{"line":2,"column":42}},"2":{"start":{"line":3,"column":13},"end":{"line":3,"column":38}},"3":{"start":{"line":4,"column":16},"end":{"line":4,"column":44}},"4":{"start":{"line":7,"column":0},"end":{"line":38,"column":2}},"5":{"start":{"line":8,"column":2},"end":{"line":37,"column":3}},"6":{"start":{"line":9,"column":18},"end":{"line":9,"column":116}},"7":{"start":{"line":12,"column":4},"end":{"line":32,"column":5}},"8":{"start":{"line":13,"column":19},"end":{"line":13,"column":42}},"9":{"start":{"line":14,"column":6},"end":{"line":29,"column":7}},"10":{"start":{"line":15,"column":22},"end":{"line":15,"column":77}},"11":{"start":{"line":16,"column":26},"end":{"line":16,"column":70}},"12":{"start":{"line":18,"column":20},"end":{"line":18,"column":43}},"13":{"start":{"line":18,"column":37},"end":{"line":18,"column":42}},"14":{"start":{"line":19,"column":24},"end":{"line":19,"column":92}},"15":{"start":{"line":20,"column":26},"end":{"line":20,"column":35}},"16":{"start":{"line":21,"column":8},"end":{"line":21,"column":87}},"17":{"start":{"line":21,"column":33},"end":{"line":21,"column":87}},"18":{"start":{"line":23,"column":8},"end":{"line":28,"column":9}},"19":{"start":{"line":24,"column":22},"end":{"line":24,"column":38}},"20":{"start":{"line":25,"column":10},"end":{"line":25,"column":54}},"21":{"start":{"line":26,"column":21},"end":{"line":26,"column":45}},"22":{"start":{"line":27,"column":10},"end":{"line":27,"column":82}},"23":{"start":{"line":27,"column":48},"end":{"line":27,"column":80}},"24":{"start":{"line":34,"column":4},"end":{"line":34,"column":24}},"25":{"start":{"line":36,"column":4},"end":{"line":36,"column":14}},"26":{"start":{"line":41,"column":0},"end":{"line":54,"column":2}},"27":{"start":{"line":42,"column":2},"end":{"line":53,"column":3}},"28":{"start":{"line":43,"column":23},"end":{"line":43,"column":33}},"29":{"start":{"line":44,"column":22},"end":{"line":44,"column":30}},"30":{"start":{"line":45,"column":4},"end":{"line":45,"column":96}},"31":{"start":{"line":45,"column":31},"end":{"line":45,"column":96}},"32":{"start":{"line":46,"column":20},"end":{"line":48,"column":5}},"33":{"start":{"line":49,"column":4},"end":{"line":49,"column":75}},"34":{"start":{"line":49,"column":18},"end":{"line":49,"column":75}},"35":{"start":{"line":50,"column":4},"end":{"line":50,"column":32}},"36":{"start":{"line":52,"column":4},"end":{"line":52,"column":14}},"37":{"start":{"line":57,"column":0},"end":{"line":73,"column":2}},"38":{"start":{"line":58,"column":2},"end":{"line":72,"column":3}},"39":{"start":{"line":59,"column":23},"end":{"line":59,"column":33}},"40":{"start":{"line":60,"column":17},"end":{"line":60,"column":44}},"41":{"start":{"line":61,"column":4},"end":{"line":61,"column":72}},"42":{"start":{"line":61,"column":15},"end":{"line":61,"column":72}},"43":{"start":{"line":63,"column":4},"end":{"line":63,"column":26}},"44":{"start":{"line":64,"column":4},"end":{"line":64,"column":55}},"45":{"start":{"line":65,"column":4},"end":{"line":65,"column":47}},"46":{"start":{"line":66,"column":4},"end":{"line":66,"column":20}},"47":{"start":{"line":67,"column":4},"end":{"line":67,"column":22}},"48":{"start":{"line":69,"column":4},"end":{"line":69,"column":27}},"49":{"start":{"line":71,"column":4},"end":{"line":71,"column":14}},"50":{"start":{"line":76,"column":0},"end":{"line":87,"column":2}},"51":{"start":{"line":77,"column":2},"end":{"line":86,"column":3}},"52":{"start":{"line":78,"column":23},"end":{"line":78,"column":33}},"53":{"start":{"line":79,"column":14},"end":{"line":81,"column":5}},"54":{"start":{"line":82,"column":4},"end":{"line":82,"column":69}},"55":{"start":{"line":82,"column":12},"end":{"line":82,"column":69}},"56":{"start":{"line":83,"column":4},"end":{"line":83,"column":26}},"57":{"start":{"line":85,"column":4},"end":{"line":85,"column":14}},"58":{"start":{"line":89,"column":0},"end":{"line":100,"column":2}},"59":{"start":{"line":90,"column":2},"end":{"line":99,"column":3}},"60":{"start":{"line":91,"column":23},"end":{"line":91,"column":33}},"61":{"start":{"line":92,"column":14},"end":{"line":94,"column":5}},"62":{"start":{"line":95,"column":4},"end":{"line":95,"column":69}},"63":{"start":{"line":95,"column":12},"end":{"line":95,"column":69}},"64":{"start":{"line":96,"column":4},"end":{"line":96,"column":26}},"65":{"start":{"line":98,"column":4},"end":{"line":98,"column":14}},"66":{"start":{"line":103,"column":0},"end":{"line":123,"column":2}},"67":{"start":{"line":104,"column":2},"end":{"line":122,"column":3}},"68":{"start":{"line":105,"column":20},"end":{"line":109,"column":13}},"69":{"start":{"line":111,"column":4},"end":{"line":117,"column":5}},"70":{"start":{"line":112,"column":6},"end":{"line":116,"column":20}},"71":{"start":{"line":113,"column":8},"end":{"line":113,"column":112}},"72":{"start":{"line":113,"column":37},"end":{"line":113,"column":112}},"73":{"start":{"line":114,"column":8},"end":{"line":114,"column":118}},"74":{"start":{"line":114,"column":40},"end":{"line":114,"column":118}},"75":{"start":{"line":115,"column":8},"end":{"line":115,"column":121}},"76":{"start":{"line":115,"column":37},"end":{"line":115,"column":121}},"77":{"start":{"line":119,"column":4},"end":{"line":119,"column":26}},"78":{"start":{"line":121,"column":4},"end":{"line":121,"column":14}},"79":{"start":{"line":126,"column":0},"end":{"line":149,"column":2}},"80":{"start":{"line":127,"column":2},"end":{"line":148,"column":3}},"81":{"start":{"line":128,"column":19},"end":{"line":128,"column":29}},"82":{"start":{"line":129,"column":23},"end":{"line":129,"column":31}},"83":{"start":{"line":130,"column":19},"end":{"line":130,"column":44}},"84":{"start":{"line":131,"column":4},"end":{"line":131,"column":76}},"85":{"start":{"line":131,"column":17},"end":{"line":131,"column":76}},"86":{"start":{"line":133,"column":4},"end":{"line":135,"column":5}},"87":{"start":{"line":134,"column":6},"end":{"line":134,"column":83}},"88":{"start":{"line":136,"column":4},"end":{"line":138,"column":5}},"89":{"start":{"line":137,"column":6},"end":{"line":137,"column":83}},"90":{"start":{"line":140,"column":4},"end":{"line":140,"column":31}},"91":{"start":{"line":141,"column":4},"end":{"line":141,"column":35}},"92":{"start":{"line":142,"column":4},"end":{"line":142,"column":36}},"93":{"start":{"line":143,"column":4},"end":{"line":143,"column":24}},"94":{"start":{"line":145,"column":4},"end":{"line":145,"column":35}},"95":{"start":{"line":147,"column":4},"end":{"line":147,"column":14}}},"fnMap":{"0":{"name":"(anonymous_0)","decl":{"start":{"line":7,"column":20},"end":{"line":7,"column":21}},"loc":{"start":{"line":7,"column":46},"end":{"line":38,"column":1}},"line":7},"1":{"name":"(anonymous_1)","decl":{"start":{"line":18,"column":30},"end":{"line":18,"column":31}},"loc":{"start":{"line":18,"column":37},"end":{"line":18,"column":42}},"line":18},"2":{"name":"(anonymous_2)","decl":{"start":{"line":27,"column":41},"end":{"line":27,"column":42}},"loc":{"start":{"line":27,"column":48},"end":{"line":27,"column":80}},"line":27},"3":{"name":"(anonymous_3)","decl":{"start":{"line":41,"column":22},"end":{"line":41,"column":23}},"loc":{"start":{"line":41,"column":48},"end":{"line":54,"column":1}},"line":41},"4":{"name":"(anonymous_4)","decl":{"start":{"line":57,"column":21},"end":{"line":57,"column":22}},"loc":{"start":{"line":57,"column":47},"end":{"line":73,"column":1}},"line":57},"5":{"name":"(anonymous_5)","decl":{"start":{"line":76,"column":18},"end":{"line":76,"column":19}},"loc":{"start":{"line":76,"column":44},"end":{"line":87,"column":1}},"line":76},"6":{"name":"(anonymous_6)","decl":{"start":{"line":89,"column":20},"end":{"line":89,"column":21}},"loc":{"start":{"line":89,"column":46},"end":{"line":100,"column":1}},"line":89},"7":{"name":"(anonymous_7)","decl":{"start":{"line":103,"column":29},"end":{"line":103,"column":30}},"loc":{"start":{"line":103,"column":55},"end":{"line":123,"column":1}},"line":103},"8":{"name":"(anonymous_8)","decl":{"start":{"line":126,"column":24},"end":{"line":126,"column":25}},"loc":{"start":{"line":126,"column":50},"end":{"line":149,"column":1}},"line":126}},"branchMap":{"0":{"loc":{"start":{"line":13,"column":19},"end":{"line":13,"column":42}},"type":"binary-expr","locations":[{"start":{"line":13,"column":19},"end":{"line":13,"column":27}},{"start":{"line":13,"column":31},"end":{"line":13,"column":42}}],"line":13},"1":{"loc":{"start":{"line":14,"column":6},"end":{"line":29,"column":7}},"type":"if","locations":[{"start":{"line":14,"column":6},"end":{"line":29,"column":7}},{"start":{},"end":{}}],"line":14},"2":{"loc":{"start":{"line":16,"column":34},"end":{"line":16,"column":69}},"type":"binary-expr","locations":[{"start":{"line":16,"column":35},"end":{"line":16,"column":40}},{"start":{"line":16,"column":44},"end":{"line":16,"column":62}},{"start":{"line":16,"column":67},"end":{"line":16,"column":69}}],"line":16},"3":{"loc":{"start":{"line":21,"column":65},"end":{"line":21,"column":85}},"type":"binary-expr","locations":[{"start":{"line":21,"column":65},"end":{"line":21,"column":79}},{"start":{"line":21,"column":83},"end":{"line":21,"column":85}}],"line":21},"4":{"loc":{"start":{"line":26,"column":21},"end":{"line":26,"column":45}},"type":"binary-expr","locations":[{"start":{"line":26,"column":21},"end":{"line":26,"column":39}},{"start":{"line":26,"column":43},"end":{"line":26,"column":45}}],"line":26},"5":{"loc":{"start":{"line":45,"column":4},"end":{"line":45,"column":96}},"type":"if","locations":[{"start":{"line":45,"column":4},"end":{"line":45,"column":96}},{"start":{},"end":{}}],"line":45},"6":{"loc":{"start":{"line":49,"column":4},"end":{"line":49,"column":75}},"type":"if","locations":[{"start":{"line":49,"column":4},"end":{"line":49,"column":75}},{"start":{},"end":{}}],"line":49},"7":{"loc":{"start":{"line":61,"column":4},"end":{"line":61,"column":72}},"type":"if","locations":[{"start":{"line":61,"column":4},"end":{"line":61,"column":72}},{"start":{},"end":{}}],"line":61},"8":{"loc":{"start":{"line":82,"column":4},"end":{"line":82,"column":69}},"type":"if","locations":[{"start":{"line":82,"column":4},"end":{"line":82,"column":69}},{"start":{},"end":{}}],"line":82},"9":{"loc":{"start":{"line":95,"column":4},"end":{"line":95,"column":69}},"type":"if","locations":[{"start":{"line":95,"column":4},"end":{"line":95,"column":69}},{"start":{},"end":{}}],"line":95},"10":{"loc":{"start":{"line":113,"column":8},"end":{"line":113,"column":112}},"type":"if","locations":[{"start":{"line":113,"column":8},"end":{"line":113,"column":112}},{"start":{},"end":{}}],"line":113},"11":{"loc":{"start":{"line":114,"column":8},"end":{"line":114,"column":118}},"type":"if","locations":[{"start":{"line":114,"column":8},"end":{"line":114,"column":118}},{"start":{},"end":{}}],"line":114},"12":{"loc":{"start":{"line":115,"column":8},"end":{"line":115,"column":121}},"type":"if","locations":[{"start":{"line":115,"column":8},"end":{"line":115,"column":121}},{"start":{},"end":{}}],"line":115},"13":{"loc":{"start":{"line":131,"column":4},"end":{"line":131,"column":76}},"type":"if","locations":[{"start":{"line":131,"column":4},"end":{"line":131,"column":76}},{"start":{},"end":{}}],"line":131},"14":{"loc":{"start":{"line":133,"column":4},"end":{"line":135,"column":5}},"type":"if","locations":[{"start":{"line":133,"column":4},"end":{"line":135,"column":5}},{"start":{},"end":{}}],"line":133},"15":{"loc":{"start":{"line":133,"column":8},"end":{"line":133,"column":61}},"type":"binary-expr","locations":[{"start":{"line":133,"column":8},"end":{"line":133,"column":29}},{"start":{"line":133,"column":33},"end":{"line":133,"column":61}}],"line":133},"16":{"loc":{"start":{"line":136,"column":4},"end":{"line":138,"column":5}},"type":"if","locations":[{"start":{"line":136,"column":4},"end":{"line":138,"column":5}},{"start":{},"end":{}}],"line":136},"17":{"loc":{"start":{"line":136,"column":8},"end":{"line":136,"column":64}},"type":"binary-expr","locations":[{"start":{"line":136,"column":8},"end":{"line":136,"column":32}},{"start":{"line":136,"column":36},"end":{"line":136,"column":64}}],"line":136}},"s":{"0":17,"1":17,"2":17,"3":17,"4":17,"5":0,"6":0,"7":0,"8":0,"9":0,"10":0,"11":0,"12":0,"13":0,"14":0,"15":0,"16":0,"17":0,"18":0,"19":0,"20":0,"21":0,"22":0,"23":0,"24":0,"25":0,"26":17,"27":0,"28":0,"29":0,"30":0,"31":0,"32":0,"33":0,"34":0,"35":0,"36":0,"37":17,"38":0,"39":0,"40":0,"41":0,"42":0,"43":0,"44":0,"45":0,"46":0,"47":0,"48":0,"49":0,"50":17,"51":0,"52":0,"53":0,"54":0,"55":0,"56":0,"57":0,"58":17,"59":0,"60":0,"61":0,"62":0,"63":0,"64":0,"65":0,"66":17,"67":0,"68":0,"69":0,"70":0,"71":0,"72":0,"73":0,"74":0,"75":0,"76":0,"77":0,"78":0,"79":17,"80":0,"81":0,"82":0,"83":0,"84":0,"85":0,"86":0,"87":0,"88":0,"89":0,"90":0,"91":0,"92":0,"93":0,"94":0,"95":0},"f":{"0":0,"1":0,"2":0,"3":0,"4":0,"5":0,"6":0,"7":0,"8":0},"b":{"0":[0,0],"1":[0,0],"2":[0,0,0],"3":[0,0],"4":[0,0],"5":[0,0],"6":[0,0],"7":[0,0],"8":[0,0],"9":[0,0],"10":[0,0],"11":[0,0],"12":[0,0],"13":[0,0],"14":[0,0],"15":[0,0],"16":[0,0],"17":[0,0]},"_coverageSchema":"1a1c01bbd47fc00a2c39e90264f33305004495a9","hash":"d7c5d1c0655e4881693bf73253736c88932ebc7d"}
,"D:\\socials\\social-media-app\\server\\controllers\\authController.js": {"path":"D:\\socials\\social-media-app\\server\\controllers\\authController.js","statementMap":{"0":{"start":{"line":1,"column":15},"end":{"line":1,"column":34}},"1":{"start":{"line":2,"column":12},"end":{"line":2,"column":35}},"2":{"start":{"line":3,"column":13},"end":{"line":3,"column":38}},"3":{"start":{"line":4,"column":20},"end":{"line":4,"column":51}},"4":{"start":{"line":5,"column":15},"end":{"line":5,"column":32}},"5":{"start":{"line":6,"column":21},"end":{"line":6,"column":46}},"6":{"start":{"line":8,"column":23},"end":{"line":8,"column":64}},"7":{"start":{"line":9,"column":24},"end":{"line":9,"column":65}},"8":{"start":{"line":10,"column":22},"end":{"line":10,"column":53}},"9":{"start":{"line":11,"column":23},"end":{"line":11,"column":55}},"10":{"start":{"line":14,"column":2},"end":{"line":16,"column":5}},"11":{"start":{"line":20,"column":2},"end":{"line":20,"column":84}},"12":{"start":{"line":23,"column":0},"end":{"line":57,"column":2}},"13":{"start":{"line":24,"column":2},"end":{"line":56,"column":3}},"14":{"start":{"line":26,"column":42},"end":{"line":26,"column":50}},"15":{"start":{"line":27,"column":4},"end":{"line":27,"column":99}},"16":{"start":{"line":27,"column":42},"end":{"line":27,"column":99}},"17":{"start":{"line":29,"column":21},"end":{"line":29,"column":82}},"18":{"start":{"line":30,"column":4},"end":{"line":30,"column":93}},"19":{"start":{"line":30,"column":18},"end":{"line":30,"column":93}},"20":{"start":{"line":32,"column":17},"end":{"line":32,"column":41}},"21":{"start":{"line":33,"column":19},"end":{"line":33,"column":52}},"22":{"start":{"line":35,"column":17},"end":{"line":35,"column":73}},"23":{"start":{"line":37,"column":24},"end":{"line":37,"column":40}},"24":{"start":{"line":38,"column":25},"end":{"line":38,"column":42}},"25":{"start":{"line":41,"column":4},"end":{"line":47,"column":5}},"26":{"start":{"line":43,"column":6},"end":{"line":43,"column":59}},"27":{"start":{"line":45,"column":6},"end":{"line":45,"column":44}},"28":{"start":{"line":46,"column":6},"end":{"line":46,"column":24}},"29":{"start":{"line":49,"column":4},"end":{"line":53,"column":7}},"30":{"start":{"line":55,"column":4},"end":{"line":55,"column":14}},"31":{"start":{"line":59,"column":0},"end":{"line":88,"column":2}},"32":{"start":{"line":60,"column":2},"end":{"line":87,"column":3}},"33":{"start":{"line":61,"column":32},"end":{"line":61,"column":40}},"34":{"start":{"line":62,"column":4},"end":{"line":62,"column":86}},"35":{"start":{"line":62,"column":29},"end":{"line":62,"column":86}},"36":{"start":{"line":64,"column":17},"end":{"line":64,"column":46}},"37":{"start":{"line":65,"column":4},"end":{"line":65,"column":77}},"38":{"start":{"line":65,"column":15},"end":{"line":65,"column":77}},"39":{"start":{"line":67,"column":18},"end":{"line":67,"column":63}},"40":{"start":{"line":68,"column":4},"end":{"line":68,"column":78}},"41":{"start":{"line":68,"column":16},"end":{"line":68,"column":78}},"42":{"start":{"line":70,"column":24},"end":{"line":70,"column":40}},"43":{"start":{"line":71,"column":25},"end":{"line":71,"column":42}},"44":{"start":{"line":73,"column":4},"end":{"line":78,"column":5}},"45":{"start":{"line":74,"column":6},"end":{"line":74,"column":59}},"46":{"start":{"line":76,"column":6},"end":{"line":76,"column":44}},"47":{"start":{"line":77,"column":6},"end":{"line":77,"column":24}},"48":{"start":{"line":80,"column":4},"end":{"line":84,"column":7}},"49":{"start":{"line":86,"column":4},"end":{"line":86,"column":14}},"50":{"start":{"line":90,"column":0},"end":{"line":164,"column":2}},"51":{"start":{"line":91,"column":2},"end":{"line":163,"column":3}},"52":{"start":{"line":92,"column":29},"end":{"line":92,"column":37}},"53":{"start":{"line":93,"column":4},"end":{"line":93,"column":91}},"54":{"start":{"line":93,"column":23},"end":{"line":93,"column":91}},"55":{"start":{"line":96,"column":4},"end":{"line":100,"column":5}},"56":{"start":{"line":97,"column":6},"end":{"line":97,"column":57}},"57":{"start":{"line":99,"column":6},"end":{"line":99,"column":70}},"58":{"start":{"line":102,"column":17},"end":{"line":102,"column":48}},"59":{"start":{"line":103,"column":4},"end":{"line":103,"column":72}},"60":{"start":{"line":103,"column":15},"end":{"line":103,"column":72}},"61":{"start":{"line":107,"column":23},"end":{"line":109,"column":6}},"62":{"start":{"line":111,"column":4},"end":{"line":125,"column":5}},"63":{"start":{"line":113,"column":22},"end":{"line":113,"column":91}},"64":{"start":{"line":114,"column":6},"end":{"line":118,"column":7}},"65":{"start":{"line":116,"column":8},"end":{"line":116,"column":54}},"66":{"start":{"line":117,"column":8},"end":{"line":117,"column":79}},"67":{"start":{"line":120,"column":22},"end":{"line":120,"column":53}},"68":{"start":{"line":121,"column":24},"end":{"line":123,"column":8}},"69":{"start":{"line":124,"column":6},"end":{"line":124,"column":76}},"70":{"start":{"line":128,"column":20},"end":{"line":149,"column":5}},"71":{"start":{"line":151,"column":4},"end":{"line":155,"column":5}},"72":{"start":{"line":153,"column":6},"end":{"line":153,"column":80}},"73":{"start":{"line":154,"column":6},"end":{"line":154,"column":77}},"74":{"start":{"line":157,"column":22},"end":{"line":159,"column":6}},"75":{"start":{"line":160,"column":4},"end":{"line":160,"column":67}},"76":{"start":{"line":162,"column":4},"end":{"line":162,"column":14}},"77":{"start":{"line":166,"column":0},"end":{"line":193,"column":2}},"78":{"start":{"line":167,"column":2},"end":{"line":192,"column":3}},"79":{"start":{"line":168,"column":29},"end":{"line":168,"column":37}},"80":{"start":{"line":169,"column":4},"end":{"line":169,"column":91}},"81":{"start":{"line":169,"column":23},"end":{"line":169,"column":91}},"82":{"start":{"line":172,"column":4},"end":{"line":177,"column":5}},"83":{"start":{"line":173,"column":6},"end":{"line":173,"column":57}},"84":{"start":{"line":176,"column":6},"end":{"line":176,"column":36}},"85":{"start":{"line":179,"column":17},"end":{"line":179,"column":48}},"86":{"start":{"line":180,"column":4},"end":{"line":180,"column":45}},"87":{"start":{"line":180,"column":15},"end":{"line":180,"column":45}},"88":{"start":{"line":182,"column":4},"end":{"line":187,"column":5}},"89":{"start":{"line":183,"column":6},"end":{"line":183,"column":52}},"90":{"start":{"line":185,"column":6},"end":{"line":185,"column":80}},"91":{"start":{"line":185,"column":60},"end":{"line":185,"column":78}},"92":{"start":{"line":186,"column":6},"end":{"line":186,"column":24}},"93":{"start":{"line":189,"column":4},"end":{"line":189,"column":27}},"94":{"start":{"line":191,"column":4},"end":{"line":191,"column":14}},"95":{"start":{"line":196,"column":0},"end":{"line":215,"column":2}},"96":{"start":{"line":197,"column":2},"end":{"line":214,"column":3}},"97":{"start":{"line":198,"column":22},"end":{"line":198,"column":30}},"98":{"start":{"line":199,"column":4},"end":{"line":199,"column":73}},"99":{"start":{"line":199,"column":16},"end":{"line":199,"column":73}},"100":{"start":{"line":200,"column":17},"end":{"line":200,"column":46}},"101":{"start":{"line":201,"column":4},"end":{"line":201,"column":45}},"102":{"start":{"line":201,"column":15},"end":{"line":201,"column":45}},"103":{"start":{"line":203,"column":18},"end":{"line":203,"column":56}},"104":{"start":{"line":204,"column":4},"end":{"line":204,"column":36}},"105":{"start":{"line":205,"column":4},"end":{"line":205,"column":59}},"106":{"start":{"line":206,"column":4},"end":{"line":206,"column":22}},"107":{"start":{"line":208,"column":21},"end":{"line":208,"column":78}},"108":{"start":{"line":209,"column":17},"end":{"line":209,"column":63}},"109":{"start":{"line":210,"column":4},"end":{"line":210,"column":72}},"110":{"start":{"line":211,"column":4},"end":{"line":211,"column":27}},"111":{"start":{"line":213,"column":4},"end":{"line":213,"column":14}},"112":{"start":{"line":218,"column":0},"end":{"line":238,"column":2}},"113":{"start":{"line":219,"column":2},"end":{"line":237,"column":3}},"114":{"start":{"line":220,"column":22},"end":{"line":220,"column":32}},"115":{"start":{"line":221,"column":25},"end":{"line":221,"column":33}},"116":{"start":{"line":222,"column":4},"end":{"line":222,"column":87}},"117":{"start":{"line":222,"column":29},"end":{"line":222,"column":87}},"118":{"start":{"line":223,"column":17},"end":{"line":226,"column":6}},"119":{"start":{"line":227,"column":4},"end":{"line":227,"column":82}},"120":{"start":{"line":227,"column":15},"end":{"line":227,"column":82}},"121":{"start":{"line":229,"column":17},"end":{"line":229,"column":41}},"122":{"start":{"line":230,"column":4},"end":{"line":230,"column":54}},"123":{"start":{"line":231,"column":4},"end":{"line":231,"column":40}},"124":{"start":{"line":232,"column":4},"end":{"line":232,"column":41}},"125":{"start":{"line":233,"column":4},"end":{"line":233,"column":22}},"126":{"start":{"line":234,"column":4},"end":{"line":234,"column":27}},"127":{"start":{"line":236,"column":4},"end":{"line":236,"column":14}},"128":{"start":{"line":241,"column":0},"end":{"line":254,"column":2}},"129":{"start":{"line":242,"column":2},"end":{"line":253,"column":3}},"130":{"start":{"line":243,"column":22},"end":{"line":243,"column":30}},"131":{"start":{"line":244,"column":4},"end":{"line":244,"column":73}},"132":{"start":{"line":244,"column":16},"end":{"line":244,"column":73}},"133":{"start":{"line":245,"column":17},"end":{"line":245,"column":65}},"134":{"start":{"line":246,"column":4},"end":{"line":246,"column":71}},"135":{"start":{"line":246,"column":15},"end":{"line":246,"column":71}},"136":{"start":{"line":247,"column":4},"end":{"line":247,"column":27}},"137":{"start":{"line":248,"column":4},"end":{"line":248,"column":39}},"138":{"start":{"line":249,"column":4},"end":{"line":249,"column":22}},"139":{"start":{"line":250,"column":4},"end":{"line":250,"column":27}},"140":{"start":{"line":252,"column":4},"end":{"line":252,"column":14}},"141":{"start":{"line":257,"column":0},"end":{"line":273,"column":2}},"142":{"start":{"line":258,"column":2},"end":{"line":272,"column":3}},"143":{"start":{"line":259,"column":22},"end":{"line":259,"column":30}},"144":{"start":{"line":260,"column":4},"end":{"line":260,"column":73}},"145":{"start":{"line":260,"column":16},"end":{"line":260,"column":73}},"146":{"start":{"line":261,"column":17},"end":{"line":261,"column":46}},"147":{"start":{"line":262,"column":4},"end":{"line":262,"column":72}},"148":{"start":{"line":262,"column":15},"end":{"line":262,"column":72}},"149":{"start":{"line":263,"column":4},"end":{"line":263,"column":55}},"150":{"start":{"line":263,"column":25},"end":{"line":263,"column":55}},"151":{"start":{"line":264,"column":18},"end":{"line":264,"column":56}},"152":{"start":{"line":265,"column":4},"end":{"line":265,"column":35}},"153":{"start":{"line":266,"column":4},"end":{"line":266,"column":22}},"154":{"start":{"line":267,"column":22},"end":{"line":267,"column":83}},"155":{"start":{"line":268,"column":4},"end":{"line":268,"column":99}},"156":{"start":{"line":269,"column":4},"end":{"line":269,"column":27}},"157":{"start":{"line":271,"column":4},"end":{"line":271,"column":14}},"158":{"start":{"line":278,"column":0},"end":{"line":312,"column":2}},"159":{"start":{"line":279,"column":2},"end":{"line":311,"column":3}},"160":{"start":{"line":280,"column":17},"end":{"line":280,"column":25}},"161":{"start":{"line":281,"column":4},"end":{"line":281,"column":79}},"162":{"start":{"line":281,"column":15},"end":{"line":281,"column":79}},"163":{"start":{"line":283,"column":24},"end":{"line":283,"column":40}},"164":{"start":{"line":284,"column":25},"end":{"line":284,"column":42}},"165":{"start":{"line":286,"column":4},"end":{"line":293,"column":5}},"166":{"start":{"line":287,"column":6},"end":{"line":287,"column":59}},"167":{"start":{"line":290,"column":6},"end":{"line":290,"column":52}},"168":{"start":{"line":291,"column":6},"end":{"line":291,"column":44}},"169":{"start":{"line":292,"column":6},"end":{"line":292,"column":24}},"170":{"start":{"line":295,"column":22},"end":{"line":295,"column":44}},"171":{"start":{"line":296,"column":4},"end":{"line":305,"column":5}},"172":{"start":{"line":298,"column":26},"end":{"line":298,"column":44}},"173":{"start":{"line":299,"column":6},"end":{"line":299,"column":63}},"174":{"start":{"line":300,"column":6},"end":{"line":300,"column":65}},"175":{"start":{"line":302,"column":20},"end":{"line":302,"column":78}},"176":{"start":{"line":303,"column":6},"end":{"line":303,"column":62}},"177":{"start":{"line":303,"column":17},"end":{"line":303,"column":62}},"178":{"start":{"line":304,"column":6},"end":{"line":304,"column":55}},"179":{"start":{"line":308,"column":4},"end":{"line":308,"column":119}},"180":{"start":{"line":310,"column":4},"end":{"line":310,"column":14}}},"fnMap":{"0":{"name":"signAccess","decl":{"start":{"line":13,"column":9},"end":{"line":13,"column":19}},"loc":{"start":{"line":13,"column":26},"end":{"line":17,"column":1}},"line":13},"1":{"name":"signRefresh","decl":{"start":{"line":19,"column":9},"end":{"line":19,"column":20}},"loc":{"start":{"line":19,"column":27},"end":{"line":21,"column":1}},"line":19},"2":{"name":"(anonymous_2)","decl":{"start":{"line":23,"column":19},"end":{"line":23,"column":20}},"loc":{"start":{"line":23,"column":45},"end":{"line":57,"column":1}},"line":23},"3":{"name":"(anonymous_3)","decl":{"start":{"line":59,"column":16},"end":{"line":59,"column":17}},"loc":{"start":{"line":59,"column":42},"end":{"line":88,"column":1}},"line":59},"4":{"name":"(anonymous_4)","decl":{"start":{"line":90,"column":23},"end":{"line":90,"column":24}},"loc":{"start":{"line":90,"column":49},"end":{"line":164,"column":1}},"line":90},"5":{"name":"(anonymous_5)","decl":{"start":{"line":166,"column":17},"end":{"line":166,"column":18}},"loc":{"start":{"line":166,"column":43},"end":{"line":193,"column":1}},"line":166},"6":{"name":"(anonymous_6)","decl":{"start":{"line":185,"column":53},"end":{"line":185,"column":54}},"loc":{"start":{"line":185,"column":60},"end":{"line":185,"column":78}},"line":185},"7":{"name":"(anonymous_7)","decl":{"start":{"line":196,"column":25},"end":{"line":196,"column":26}},"loc":{"start":{"line":196,"column":51},"end":{"line":215,"column":1}},"line":196},"8":{"name":"(anonymous_8)","decl":{"start":{"line":218,"column":24},"end":{"line":218,"column":25}},"loc":{"start":{"line":218,"column":50},"end":{"line":238,"column":1}},"line":218},"9":{"name":"(anonymous_9)","decl":{"start":{"line":241,"column":22},"end":{"line":241,"column":23}},"loc":{"start":{"line":241,"column":48},"end":{"line":254,"column":1}},"line":241},"10":{"name":"(anonymous_10)","decl":{"start":{"line":257,"column":29},"end":{"line":257,"column":30}},"loc":{"start":{"line":257,"column":55},"end":{"line":273,"column":1}},"line":257},"11":{"name":"(anonymous_11)","decl":{"start":{"line":278,"column":24},"end":{"line":278,"column":25}},"loc":{"start":{"line":278,"column":50},"end":{"line":312,"column":1}},"line":278}},"branchMap":{"0":{"loc":{"start":{"line":8,"column":23},"end":{"line":8,"column":64}},"type":"binary-expr","locations":[{"start":{"line":8,"column":23},"end":{"line":8,"column":55}},{"start":{"line":8,"column":59},"end":{"line":8,"column":64}}],"line":8},"1":{"loc":{"start":{"line":9,"column":24},"end":{"line":9,"column":65}},"type":"binary-expr","locations":[{"start":{"line":9,"column":24},"end":{"line":9,"column":57}},{"start":{"line":9,"column":61},"end":{"line":9,"column":65}}],"line":9},"2":{"loc":{"start":{"line":27,"column":4},"end":{"line":27,"column":99}},"type":"if","locations":[{"start":{"line":27,"column":4},"end":{"line":27,"column":99}},{"start":{},"end":{}}],"line":27},"3":{"loc":{"start":{"line":27,"column":8},"end":{"line":27,"column":40}},"type":"binary-expr","locations":[{"start":{"line":27,"column":8},"end":{"line":27,"column":17}},{"start":{"line":27,"column":21},"end":{"line":27,"column":27}},{"start":{"line":27,"column":31},"end":{"line":27,"column":40}}],"line":27},"4":{"loc":{"start":{"line":30,"column":4},"end":{"line":30,"column":93}},"type":"if","locations":[{"start":{"line":30,"column":4},"end":{"line":30,"column":93}},{"start":{},"end":{}}],"line":30},"5":{"loc":{"start":{"line":41,"column":4},"end":{"line":47,"column":5}},"type":"if","locations":[{"start":{"line":41,"column":4},"end":{"line":47,"column":5}},{"start":{"line":44,"column":11},"end":{"line":47,"column":5}}],"line":41},"6":{"loc":{"start":{"line":62,"column":4},"end":{"line":62,"column":86}},"type":"if","locations":[{"start":{"line":62,"column":4},"end":{"line":62,"column":86}},{"start":{},"end":{}}],"line":62},"7":{"loc":{"start":{"line":62,"column":8},"end":{"line":62,"column":27}},"type":"binary-expr","locations":[{"start":{"line":62,"column":8},"end":{"line":62,"column":14}},{"start":{"line":62,"column":18},"end":{"line":62,"column":27}}],"line":62},"8":{"loc":{"start":{"line":65,"column":4},"end":{"line":65,"column":77}},"type":"if","locations":[{"start":{"line":65,"column":4},"end":{"line":65,"column":77}},{"start":{},"end":{}}],"line":65},"9":{"loc":{"start":{"line":68,"column":4},"end":{"line":68,"column":78}},"type":"if","locations":[{"start":{"line":68,"column":4},"end":{"line":68,"column":78}},{"start":{},"end":{}}],"line":68},"10":{"loc":{"start":{"line":73,"column":4},"end":{"line":78,"column":5}},"type":"if","locations":[{"start":{"line":73,"column":4},"end":{"line":78,"column":5}},{"start":{"line":75,"column":11},"end":{"line":78,"column":5}}],"line":73},"11":{"loc":{"start":{"line":93,"column":4},"end":{"line":93,"column":91}},"type":"if","locations":[{"start":{"line":93,"column":4},"end":{"line":93,"column":91}},{"start":{},"end":{}}],"line":93},"12":{"loc":{"start":{"line":103,"column":4},"end":{"line":103,"column":72}},"type":"if","locations":[{"start":{"line":103,"column":4},"end":{"line":103,"column":72}},{"start":{},"end":{}}],"line":103},"13":{"loc":{"start":{"line":111,"column":4},"end":{"line":125,"column":5}},"type":"if","locations":[{"start":{"line":111,"column":4},"end":{"line":125,"column":5}},{"start":{},"end":{}}],"line":111},"14":{"loc":{"start":{"line":114,"column":6},"end":{"line":118,"column":7}},"type":"if","locations":[{"start":{"line":114,"column":6},"end":{"line":118,"column":7}},{"start":{},"end":{}}],"line":114},"15":{"loc":{"start":{"line":151,"column":4},"end":{"line":155,"column":5}},"type":"if","locations":[{"start":{"line":151,"column":4},"end":{"line":155,"column":5}},{"start":{},"end":{}}],"line":151},"16":{"loc":{"start":{"line":169,"column":4},"end":{"line":169,"column":91}},"type":"if","locations":[{"start":{"line":169,"column":4},"end":{"line":169,"column":91}},{"start":{},"end":{}}],"line":169},"17":{"loc":{"start":{"line":180,"column":4},"end":{"line":180,"column":45}},"type":"if","locations":[{"start":{"line":180,"column":4},"end":{"line":180,"column":45}},{"start":{},"end":{}}],"line":180},"18":{"loc":{"start":{"line":182,"column":4},"end":{"line":187,"column":5}},"type":"if","locations":[{"start":{"line":182,"column":4},"end":{"line":187,"column":5}},{"start":{"line":184,"column":11},"end":{"line":187,"column":5}}],"line":182},"19":{"loc":{"start":{"line":199,"column":4},"end":{"line":199,"column":73}},"type":"if","locations":[{"start":{"line":199,"column":4},"end":{"line":199,"column":73}},{"start":{},"end":{}}],"line":199},"20":{"loc":{"start":{"line":201,"column":4},"end":{"line":201,"column":45}},"type":"if","locations":[{"start":{"line":201,"column":4},"end":{"line":201,"column":45}},{"start":{},"end":{}}],"line":201},"21":{"loc":{"start":{"line":208,"column":24},"end":{"line":208,"column":52}},"type":"binary-expr","locations":[{"start":{"line":208,"column":24},"end":{"line":208,"column":46}},{"start":{"line":208,"column":50},"end":{"line":208,"column":52}}],"line":208},"22":{"loc":{"start":{"line":222,"column":4},"end":{"line":222,"column":87}},"type":"if","locations":[{"start":{"line":222,"column":4},"end":{"line":222,"column":87}},{"start":{},"end":{}}],"line":222},"23":{"loc":{"start":{"line":222,"column":8},"end":{"line":222,"column":27}},"type":"binary-expr","locations":[{"start":{"line":222,"column":8},"end":{"line":222,"column":14}},{"start":{"line":222,"column":18},"end":{"line":222,"column":27}}],"line":222},"24":{"loc":{"start":{"line":227,"column":4},"end":{"line":227,"column":82}},"type":"if","locations":[{"start":{"line":227,"column":4},"end":{"line":227,"column":82}},{"start":{},"end":{}}],"line":227},"25":{"loc":{"start":{"line":244,"column":4},"end":{"line":244,"column":73}},"type":"if","locations":[{"start":{"line":244,"column":4},"end":{"line":244,"column":73}},{"start":{},"end":{}}],"line":244},"26":{"loc":{"start":{"line":246,"column":4},"end":{"line":246,"column":71}},"type":"if","locations":[{"start":{"line":246,"column":4},"end":{"line":246,"column":71}},{"start":{},"end":{}}],"line":246},"27":{"loc":{"start":{"line":260,"column":4},"end":{"line":260,"column":73}},"type":"if","locations":[{"start":{"line":260,"column":4},"end":{"line":260,"column":73}},{"start":{},"end":{}}],"line":260},"28":{"loc":{"start":{"line":262,"column":4},"end":{"line":262,"column":72}},"type":"if","locations":[{"start":{"line":262,"column":4},"end":{"line":262,"column":72}},{"start":{},"end":{}}],"line":262},"29":{"loc":{"start":{"line":263,"column":4},"end":{"line":263,"column":55}},"type":"if","locations":[{"start":{"line":263,"column":4},"end":{"line":263,"column":55}},{"start":{},"end":{}}],"line":263},"30":{"loc":{"start":{"line":267,"column":25},"end":{"line":267,"column":53}},"type":"binary-expr","locations":[{"start":{"line":267,"column":25},"end":{"line":267,"column":47}},{"start":{"line":267,"column":51},"end":{"line":267,"column":53}}],"line":267},"31":{"loc":{"start":{"line":281,"column":4},"end":{"line":281,"column":79}},"type":"if","locations":[{"start":{"line":281,"column":4},"end":{"line":281,"column":79}},{"start":{},"end":{}}],"line":281},"32":{"loc":{"start":{"line":286,"column":4},"end":{"line":293,"column":5}},"type":"if","locations":[{"start":{"line":286,"column":4},"end":{"line":293,"column":5}},{"start":{"line":288,"column":11},"end":{"line":293,"column":5}}],"line":286},"33":{"loc":{"start":{"line":290,"column":27},"end":{"line":290,"column":51}},"type":"binary-expr","locations":[{"start":{"line":290,"column":27},"end":{"line":290,"column":45}},{"start":{"line":290,"column":49},"end":{"line":290,"column":51}}],"line":290},"34":{"loc":{"start":{"line":296,"column":4},"end":{"line":305,"column":5}},"type":"if","locations":[{"start":{"line":296,"column":4},"end":{"line":305,"column":5}},{"start":{},"end":{}}],"line":296},"35":{"loc":{"start":{"line":302,"column":20},"end":{"line":302,"column":78}},"type":"cond-expr","locations":[{"start":{"line":302,"column":51},"end":{"line":302,"column":66}},{"start":{"line":302,"column":69},"end":{"line":302,"column":78}}],"line":302},"36":{"loc":{"start":{"line":302,"column":20},"end":{"line":302,"column":48}},"type":"binary-expr","locations":[{"start":{"line":302,"column":20},"end":{"line":302,"column":29}},{"start":{"line":302,"column":33},"end":{"line":302,"column":48}}],"line":302},"37":{"loc":{"start":{"line":303,"column":6},"end":{"line":303,"column":62}},"type":"if","locations":[{"start":{"line":303,"column":6},"end":{"line":303,"column":62}},{"start":{},"end":{}}],"line":303}},"s":{"0":17,"1":17,"2":17,"3":17,"4":17,"5":17,"6":17,"7":17,"8":17,"9":17,"10":23,"11":23,"12":17,"13":22,"14":22,"15":22,"16":0,"17":22,"18":22,"19":0,"20":22,"21":22,"22":22,"23":22,"24":22,"25":22,"26":0,"27":22,"28":22,"29":22,"30":0,"31":17,"32":1,"33":1,"34":1,"35":0,"36":1,"37":1,"38":0,"39":1,"40":1,"41":0,"42":1,"43":1,"44":1,"45":0,"46":1,"47":1,"48":1,"49":0,"50":17,"51":3,"52":3,"53":3,"54":0,"55":3,"56":3,"57":0,"58":3,"59":3,"60":0,"61":3,"62":3,"63":0,"64":0,"65":0,"66":0,"67":0,"68":0,"69":0,"70":3,"71":3,"72":2,"73":2,"74":1,"75":1,"76":0,"77":17,"78":1,"79":1,"80":1,"81":0,"82":1,"83":1,"84":0,"85":1,"86":1,"87":0,"88":1,"89":0,"90":1,"91":1,"92":1,"93":1,"94":0,"95":17,"96":0,"97":0,"98":0,"99":0,"100":0,"101":0,"102":0,"103":0,"104":0,"105":0,"106":0,"107":0,"108":0,"109":0,"110":0,"111":0,"112":17,"113":0,"114":0,"115":0,"116":0,"117":0,"118":0,"119":0,"120":0,"121":0,"122":0,"123":0,"124":0,"125":0,"126":0,"127":0,"128":17,"129":0,"130":0,"131":0,"132":0,"133":0,"134":0,"135":0,"136":0,"137":0,"138":0,"139":0,"140":0,"141":17,"142":0,"143":0,"144":0,"145":0,"146":0,"147":0,"148":0,"149":0,"150":0,"151":0,"152":0,"153":0,"154":0,"155":0,"156":0,"157":0,"158":17,"159":0,"160":0,"161":0,"162":0,"163":0,"164":0,"165":0,"166":0,"167":0,"168":0,"169":0,"170":0,"171":0,"172":0,"173":0,"174":0,"175":0,"176":0,"177":0,"178":0,"179":0,"180":0},"f":{"0":23,"1":23,"2":22,"3":1,"4":3,"5":1,"6":1,"7":0,"8":0,"9":0,"10":0,"11":0},"b":{"0":[17,17],"1":[17,17],"2":[0,22],"3":[22,22,22],"4":[0,22],"5":[0,22],"6":[0,1],"7":[1,1],"8":[0,1],"9":[0,1],"10":[0,1],"11":[0,3],"12":[0,3],"13":[0,3],"14":[0,0],"15":[2,1],"16":[0,1],"17":[0,1],"18":[0,1],"19":[0,0],"20":[0,0],"21":[0,0],"22":[0,0],"23":[0,0],"24":[0,0],"25":[0,0],"26":[0,0],"27":[0,0],"28":[0,0],"29":[0,0],"30":[0,0],"31":[0,0],"32":[0,0],"33":[0,0],"34":[0,0],"35":[0,0],"36":[0,0],"37":[0,0]},"_coverageSchema":"1a1c01bbd47fc00a2c39e90264f33305004495a9","hash":"a3f93e3ce4b20b705854db07bc43b81422fa2354"}
,"D:\\socials\\social-media-app\\server\\controllers\\commentController.js": {"path":"D:\\socials\\social-media-app\\server\\controllers\\commentController.js","statementMap":{"0":{"start":{"line":1,"column":16},"end":{"line":1,"column":44}},"1":{"start":{"line":2,"column":13},"end":{"line":2,"column":38}},"2":{"start":{"line":3,"column":22},"end":{"line":3,"column":48}},"3":{"start":{"line":6,"column":0},"end":{"line":43,"column":2}},"4":{"start":{"line":7,"column":2},"end":{"line":42,"column":3}},"5":{"start":{"line":8,"column":23},"end":{"line":8,"column":33}},"6":{"start":{"line":9,"column":24},"end":{"line":9,"column":32}},"7":{"start":{"line":10,"column":18},"end":{"line":10,"column":33}},"8":{"start":{"line":12,"column":17},"end":{"line":12,"column":61}},"9":{"start":{"line":13,"column":4},"end":{"line":13,"column":72}},"10":{"start":{"line":13,"column":15},"end":{"line":13,"column":72}},"11":{"start":{"line":16,"column":4},"end":{"line":17,"column":80}},"12":{"start":{"line":17,"column":6},"end":{"line":17,"column":80}},"13":{"start":{"line":19,"column":4},"end":{"line":19,"column":96}},"14":{"start":{"line":19,"column":40},"end":{"line":19,"column":96}},"15":{"start":{"line":21,"column":19},"end":{"line":23,"column":43}},"16":{"start":{"line":22,"column":21},"end":{"line":22,"column":51}},"17":{"start":{"line":23,"column":18},"end":{"line":23,"column":42}},"18":{"start":{"line":25,"column":20},"end":{"line":25,"column":96}},"19":{"start":{"line":28,"column":4},"end":{"line":28,"column":79}},"20":{"start":{"line":30,"column":22},"end":{"line":33,"column":5}},"21":{"start":{"line":36,"column":4},"end":{"line":37,"column":79}},"22":{"start":{"line":37,"column":6},"end":{"line":37,"column":79}},"23":{"start":{"line":39,"column":4},"end":{"line":39,"column":49}},"24":{"start":{"line":41,"column":4},"end":{"line":41,"column":14}},"25":{"start":{"line":46,"column":0},"end":{"line":64,"column":2}},"26":{"start":{"line":47,"column":2},"end":{"line":63,"column":3}},"27":{"start":{"line":48,"column":23},"end":{"line":48,"column":33}},"28":{"start":{"line":49,"column":17},"end":{"line":49,"column":52}},"29":{"start":{"line":50,"column":18},"end":{"line":50,"column":70}},"30":{"start":{"line":51,"column":17},"end":{"line":51,"column":35}},"31":{"start":{"line":53,"column":21},"end":{"line":58,"column":13}},"32":{"start":{"line":60,"column":4},"end":{"line":60,"column":40}},"33":{"start":{"line":62,"column":4},"end":{"line":62,"column":14}},"34":{"start":{"line":67,"column":0},"end":{"line":89,"column":2}},"35":{"start":{"line":68,"column":2},"end":{"line":88,"column":3}},"36":{"start":{"line":69,"column":26},"end":{"line":69,"column":36}},"37":{"start":{"line":70,"column":24},"end":{"line":70,"column":32}},"38":{"start":{"line":71,"column":20},"end":{"line":71,"column":53}},"39":{"start":{"line":72,"column":4},"end":{"line":72,"column":99}},"40":{"start":{"line":72,"column":39},"end":{"line":72,"column":99}},"41":{"start":{"line":73,"column":4},"end":{"line":78,"column":5}},"42":{"start":{"line":77,"column":6},"end":{"line":77,"column":58}},"43":{"start":{"line":79,"column":4},"end":{"line":79,"column":49}},"44":{"start":{"line":80,"column":4},"end":{"line":80,"column":25}},"45":{"start":{"line":81,"column":22},"end":{"line":84,"column":5}},"46":{"start":{"line":85,"column":4},"end":{"line":85,"column":37}},"47":{"start":{"line":87,"column":4},"end":{"line":87,"column":14}},"48":{"start":{"line":92,"column":0},"end":{"line":109,"column":2}},"49":{"start":{"line":93,"column":2},"end":{"line":108,"column":3}},"50":{"start":{"line":94,"column":26},"end":{"line":94,"column":36}},"51":{"start":{"line":95,"column":20},"end":{"line":95,"column":53}},"52":{"start":{"line":96,"column":4},"end":{"line":96,"column":99}},"53":{"start":{"line":96,"column":39},"end":{"line":96,"column":99}},"54":{"start":{"line":97,"column":4},"end":{"line":102,"column":5}},"55":{"start":{"line":101,"column":6},"end":{"line":101,"column":58}},"56":{"start":{"line":103,"column":4},"end":{"line":103,"column":29}},"57":{"start":{"line":104,"column":4},"end":{"line":104,"column":25}},"58":{"start":{"line":105,"column":4},"end":{"line":105,"column":27}},"59":{"start":{"line":107,"column":4},"end":{"line":107,"column":14}},"60":{"start":{"line":112,"column":0},"end":{"line":134,"column":2}},"61":{"start":{"line":113,"column":2},"end":{"line":133,"column":3}},"62":{"start":{"line":114,"column":26},"end":{"line":114,"column":36}},"63":{"start":{"line":115,"column":19},"end":{"line":115,"column":30}},"64":{"start":{"line":116,"column":20},"end":{"line":116,"column":53}},"65":{"start":{"line":117,"column":4},"end":{"line":117,"column":99}},"66":{"start":{"line":117,"column":39},"end":{"line":117,"column":99}},"67":{"start":{"line":119,"column":4},"end":{"line":119,"column":101}},"68":{"start":{"line":119,"column":49},"end":{"line":119,"column":101}},"69":{"start":{"line":121,"column":19},"end":{"line":121,"column":69}},"70":{"start":{"line":121,"column":45},"end":{"line":121,"column":68}},"71":{"start":{"line":122,"column":4},"end":{"line":123,"column":36}},"72":{"start":{"line":122,"column":16},"end":{"line":122,"column":85}},"73":{"start":{"line":122,"column":60},"end":{"line":122,"column":83}},"74":{"start":{"line":123,"column":9},"end":{"line":123,"column":36}},"75":{"start":{"line":125,"column":4},"end":{"line":125,"column":25}},"76":{"start":{"line":126,"column":22},"end":{"line":129,"column":5}},"77":{"start":{"line":130,"column":4},"end":{"line":130,"column":37}},"78":{"start":{"line":132,"column":4},"end":{"line":132,"column":14}},"79":{"start":{"line":137,"column":0},"end":{"line":174,"column":2}},"80":{"start":{"line":138,"column":2},"end":{"line":173,"column":3}},"81":{"start":{"line":139,"column":26},"end":{"line":139,"column":36}},"82":{"start":{"line":140,"column":24},"end":{"line":140,"column":32}},"83":{"start":{"line":141,"column":18},"end":{"line":141,"column":33}},"84":{"start":{"line":142,"column":4},"end":{"line":142,"column":94}},"85":{"start":{"line":142,"column":40},"end":{"line":142,"column":94}},"86":{"start":{"line":144,"column":19},"end":{"line":144,"column":52}},"87":{"start":{"line":145,"column":4},"end":{"line":146,"column":73}},"88":{"start":{"line":146,"column":6},"end":{"line":146,"column":73}},"89":{"start":{"line":149,"column":4},"end":{"line":150,"column":81}},"90":{"start":{"line":150,"column":6},"end":{"line":150,"column":81}},"91":{"start":{"line":153,"column":17},"end":{"line":153,"column":42}},"92":{"start":{"line":154,"column":17},"end":{"line":154,"column":66}},"93":{"start":{"line":155,"column":4},"end":{"line":156,"column":78}},"94":{"start":{"line":156,"column":6},"end":{"line":156,"column":78}},"95":{"start":{"line":158,"column":19},"end":{"line":160,"column":43}},"96":{"start":{"line":159,"column":21},"end":{"line":159,"column":51}},"97":{"start":{"line":160,"column":18},"end":{"line":160,"column":42}},"98":{"start":{"line":162,"column":18},"end":{"line":162,"column":99}},"99":{"start":{"line":163,"column":4},"end":{"line":163,"column":35}},"100":{"start":{"line":164,"column":4},"end":{"line":164,"column":24}},"101":{"start":{"line":166,"column":22},"end":{"line":169,"column":5}},"102":{"start":{"line":170,"column":4},"end":{"line":170,"column":49}},"103":{"start":{"line":172,"column":4},"end":{"line":172,"column":14}}},"fnMap":{"0":{"name":"(anonymous_0)","decl":{"start":{"line":6,"column":24},"end":{"line":6,"column":25}},"loc":{"start":{"line":6,"column":50},"end":{"line":43,"column":1}},"line":6},"1":{"name":"(anonymous_1)","decl":{"start":{"line":22,"column":14},"end":{"line":22,"column":15}},"loc":{"start":{"line":22,"column":21},"end":{"line":22,"column":51}},"line":22},"2":{"name":"(anonymous_2)","decl":{"start":{"line":23,"column":11},"end":{"line":23,"column":12}},"loc":{"start":{"line":23,"column":18},"end":{"line":23,"column":42}},"line":23},"3":{"name":"(anonymous_3)","decl":{"start":{"line":46,"column":22},"end":{"line":46,"column":23}},"loc":{"start":{"line":46,"column":48},"end":{"line":64,"column":1}},"line":46},"4":{"name":"(anonymous_4)","decl":{"start":{"line":67,"column":24},"end":{"line":67,"column":25}},"loc":{"start":{"line":67,"column":50},"end":{"line":89,"column":1}},"line":67},"5":{"name":"(anonymous_5)","decl":{"start":{"line":92,"column":24},"end":{"line":92,"column":25}},"loc":{"start":{"line":92,"column":50},"end":{"line":109,"column":1}},"line":92},"6":{"name":"(anonymous_6)","decl":{"start":{"line":112,"column":22},"end":{"line":112,"column":23}},"loc":{"start":{"line":112,"column":48},"end":{"line":134,"column":1}},"line":112},"7":{"name":"(anonymous_7)","decl":{"start":{"line":121,"column":38},"end":{"line":121,"column":39}},"loc":{"start":{"line":121,"column":45},"end":{"line":121,"column":68}},"line":121},"8":{"name":"(anonymous_8)","decl":{"start":{"line":122,"column":53},"end":{"line":122,"column":54}},"loc":{"start":{"line":122,"column":60},"end":{"line":122,"column":83}},"line":122},"9":{"name":"(anonymous_9)","decl":{"start":{"line":137,"column":25},"end":{"line":137,"column":26}},"loc":{"start":{"line":137,"column":51},"end":{"line":174,"column":1}},"line":137},"10":{"name":"(anonymous_10)","decl":{"start":{"line":159,"column":14},"end":{"line":159,"column":15}},"loc":{"start":{"line":159,"column":21},"end":{"line":159,"column":51}},"line":159},"11":{"name":"(anonymous_11)","decl":{"start":{"line":160,"column":11},"end":{"line":160,"column":12}},"loc":{"start":{"line":160,"column":18},"end":{"line":160,"column":42}},"line":160}},"branchMap":{"0":{"loc":{"start":{"line":10,"column":18},"end":{"line":10,"column":33}},"type":"binary-expr","locations":[{"start":{"line":10,"column":18},"end":{"line":10,"column":27}},{"start":{"line":10,"column":31},"end":{"line":10,"column":33}}],"line":10},"1":{"loc":{"start":{"line":13,"column":4},"end":{"line":13,"column":72}},"type":"if","locations":[{"start":{"line":13,"column":4},"end":{"line":13,"column":72}},{"start":{},"end":{}}],"line":13},"2":{"loc":{"start":{"line":16,"column":4},"end":{"line":17,"column":80}},"type":"if","locations":[{"start":{"line":16,"column":4},"end":{"line":17,"column":80}},{"start":{},"end":{}}],"line":16},"3":{"loc":{"start":{"line":19,"column":4},"end":{"line":19,"column":96}},"type":"if","locations":[{"start":{"line":19,"column":4},"end":{"line":19,"column":96}},{"start":{},"end":{}}],"line":19},"4":{"loc":{"start":{"line":19,"column":8},"end":{"line":19,"column":38}},"type":"binary-expr","locations":[{"start":{"line":19,"column":8},"end":{"line":19,"column":16}},{"start":{"line":19,"column":20},"end":{"line":19,"column":38}}],"line":19},"5":{"loc":{"start":{"line":36,"column":4},"end":{"line":37,"column":79}},"type":"if","locations":[{"start":{"line":36,"column":4},"end":{"line":37,"column":79}},{"start":{},"end":{}}],"line":36},"6":{"loc":{"start":{"line":36,"column":8},"end":{"line":36,"column":36}},"type":"binary-expr","locations":[{"start":{"line":36,"column":8},"end":{"line":36,"column":15}},{"start":{"line":36,"column":19},"end":{"line":36,"column":36}}],"line":36},"7":{"loc":{"start":{"line":49,"column":26},"end":{"line":49,"column":47}},"type":"binary-expr","locations":[{"start":{"line":49,"column":26},"end":{"line":49,"column":40}},{"start":{"line":49,"column":44},"end":{"line":49,"column":47}}],"line":49},"8":{"loc":{"start":{"line":50,"column":36},"end":{"line":50,"column":59}},"type":"binary-expr","locations":[{"start":{"line":50,"column":36},"end":{"line":50,"column":51}},{"start":{"line":50,"column":55},"end":{"line":50,"column":59}}],"line":50},"9":{"loc":{"start":{"line":72,"column":4},"end":{"line":72,"column":99}},"type":"if","locations":[{"start":{"line":72,"column":4},"end":{"line":72,"column":99}},{"start":{},"end":{}}],"line":72},"10":{"loc":{"start":{"line":72,"column":8},"end":{"line":72,"column":37}},"type":"binary-expr","locations":[{"start":{"line":72,"column":8},"end":{"line":72,"column":16}},{"start":{"line":72,"column":20},"end":{"line":72,"column":37}}],"line":72},"11":{"loc":{"start":{"line":73,"column":4},"end":{"line":78,"column":5}},"type":"if","locations":[{"start":{"line":73,"column":4},"end":{"line":78,"column":5}},{"start":{},"end":{}}],"line":73},"12":{"loc":{"start":{"line":74,"column":6},"end":{"line":75,"column":74}},"type":"binary-expr","locations":[{"start":{"line":74,"column":6},"end":{"line":74,"column":47}},{"start":{"line":75,"column":6},"end":{"line":75,"column":74}}],"line":74},"13":{"loc":{"start":{"line":75,"column":8},"end":{"line":75,"column":73}},"type":"binary-expr","locations":[{"start":{"line":75,"column":8},"end":{"line":75,"column":37}},{"start":{"line":75,"column":41},"end":{"line":75,"column":73}}],"line":75},"14":{"loc":{"start":{"line":79,"column":22},"end":{"line":79,"column":48}},"type":"binary-expr","locations":[{"start":{"line":79,"column":22},"end":{"line":79,"column":29}},{"start":{"line":79,"column":33},"end":{"line":79,"column":48}}],"line":79},"15":{"loc":{"start":{"line":96,"column":4},"end":{"line":96,"column":99}},"type":"if","locations":[{"start":{"line":96,"column":4},"end":{"line":96,"column":99}},{"start":{},"end":{}}],"line":96},"16":{"loc":{"start":{"line":96,"column":8},"end":{"line":96,"column":37}},"type":"binary-expr","locations":[{"start":{"line":96,"column":8},"end":{"line":96,"column":16}},{"start":{"line":96,"column":20},"end":{"line":96,"column":37}}],"line":96},"17":{"loc":{"start":{"line":97,"column":4},"end":{"line":102,"column":5}},"type":"if","locations":[{"start":{"line":97,"column":4},"end":{"line":102,"column":5}},{"start":{},"end":{}}],"line":97},"18":{"loc":{"start":{"line":98,"column":6},"end":{"line":99,"column":74}},"type":"binary-expr","locations":[{"start":{"line":98,"column":6},"end":{"line":98,"column":47}},{"start":{"line":99,"column":6},"end":{"line":99,"column":74}}],"line":98},"19":{"loc":{"start":{"line":99,"column":8},"end":{"line":99,"column":73}},"type":"binary-expr","locations":[{"start":{"line":99,"column":8},"end":{"line":99,"column":37}},{"start":{"line":99,"column":41},"end":{"line":99,"column":73}}],"line":99},"20":{"loc":{"start":{"line":117,"column":4},"end":{"line":117,"column":99}},"type":"if","locations":[{"start":{"line":117,"column":4},"end":{"line":117,"column":99}},{"start":{},"end":{}}],"line":117},"21":{"loc":{"start":{"line":117,"column":8},"end":{"line":117,"column":37}},"type":"binary-expr","locations":[{"start":{"line":117,"column":8},"end":{"line":117,"column":16}},{"start":{"line":117,"column":20},"end":{"line":117,"column":37}}],"line":117},"22":{"loc":{"start":{"line":119,"column":4},"end":{"line":119,"column":101}},"type":"if","locations":[{"start":{"line":119,"column":4},"end":{"line":119,"column":101}},{"start":{},"end":{}}],"line":119},"23":{"loc":{"start":{"line":122,"column":4},"end":{"line":123,"column":36}},"type":"if","locations":[{"start":{"line":122,"column":4},"end":{"line":123,"column":36}},{"start":{"line":123,"column":9},"end":{"line":123,"column":36}}],"line":122},"24":{"loc":{"start":{"line":141,"column":18},"end":{"line":141,"column":33}},"type":"binary-expr","locations":[{"start":{"line":141,"column":18},"end":{"line":141,"column":27}},{"start":{"line":141,"column":31},"end":{"line":141,"column":33}}],"line":141},"25":{"loc":{"start":{"line":142,"column":4},"end":{"line":142,"column":94}},"type":"if","locations":[{"start":{"line":142,"column":4},"end":{"line":142,"column":94}},{"start":{},"end":{}}],"line":142},"26":{"loc":{"start":{"line":142,"column":8},"end":{"line":142,"column":38}},"type":"binary-expr","locations":[{"start":{"line":142,"column":8},"end":{"line":142,"column":16}},{"start":{"line":142,"column":20},"end":{"line":142,"column":38}}],"line":142},"27":{"loc":{"start":{"line":145,"column":4},"end":{"line":146,"column":73}},"type":"if","locations":[{"start":{"line":145,"column":4},"end":{"line":146,"column":73}},{"start":{},"end":{}}],"line":145},"28":{"loc":{"start":{"line":145,"column":8},"end":{"line":145,"column":35}},"type":"binary-expr","locations":[{"start":{"line":145,"column":8},"end":{"line":145,"column":15}},{"start":{"line":145,"column":19},"end":{"line":145,"column":35}}],"line":145},"29":{"loc":{"start":{"line":149,"column":4},"end":{"line":150,"column":81}},"type":"if","locations":[{"start":{"line":149,"column":4},"end":{"line":150,"column":81}},{"start":{},"end":{}}],"line":149},"30":{"loc":{"start":{"line":155,"column":4},"end":{"line":156,"column":78}},"type":"if","locations":[{"start":{"line":155,"column":4},"end":{"line":156,"column":78}},{"start":{},"end":{}}],"line":155},"31":{"loc":{"start":{"line":155,"column":8},"end":{"line":155,"column":59}},"type":"binary-expr","locations":[{"start":{"line":155,"column":8},"end":{"line":155,"column":12}},{"start":{"line":155,"column":17},"end":{"line":155,"column":58}}],"line":155}},"s":{"0":17,"1":17,"2":17,"3":17,"4":2,"5":2,"6":2,"7":2,"8":2,"9":2,"10":0,"11":2,"12":0,"13":2,"14":0,"15":2,"16":0,"17":0,"18":2,"19":2,"20":2,"21":2,"22":0,"23":2,"24":0,"25":17,"26":0,"27":0,"28":0,"29":0,"30":0,"31":0,"32":0,"33":0,"34":17,"35":0,"36":0,"37":0,"38":0,"39":0,"40":0,"41":0,"42":0,"43":0,"44":0,"45":0,"46":0,"47":0,"48":17,"49":0,"50":0,"51":0,"52":0,"53":0,"54":0,"55":0,"56":0,"57":0,"58":0,"59":0,"60":17,"61":2,"62":2,"63":2,"64":2,"65":2,"66":0,"67":2,"68":0,"69":2,"70":0,"71":2,"72":0,"73":0,"74":2,"75":2,"76":2,"77":2,"78":0,"79":17,"80":0,"81":0,"82":0,"83":0,"84":0,"85":0,"86":0,"87":0,"88":0,"89":0,"90":0,"91":0,"92":0,"93":0,"94":0,"95":0,"96":0,"97":0,"98":0,"99":0,"100":0,"101":0,"102":0,"103":0},"f":{"0":2,"1":0,"2":0,"3":0,"4":0,"5":0,"6":2,"7":0,"8":0,"9":0,"10":0,"11":0},"b":{"0":[2,2],"1":[0,2],"2":[0,2],"3":[0,2],"4":[2,0],"5":[0,2],"6":[2,2],"7":[0,0],"8":[0,0],"9":[0,0],"10":[0,0],"11":[0,0],"12":[0,0],"13":[0,0],"14":[0,0],"15":[0,0],"16":[0,0],"17":[0,0],"18":[0,0],"19":[0,0],"20":[0,2],"21":[2,2],"22":[0,2],"23":[0,2],"24":[0,0],"25":[0,0],"26":[0,0],"27":[0,0],"28":[0,0],"29":[0,0],"30":[0,0],"31":[0,0]},"_coverageSchema":"1a1c01bbd47fc00a2c39e90264f33305004495a9","hash":"361107851ca962ff4fc0f523dcdfc3d0eefbb617"}
,"D:\\socials\\social-media-app\\server\\controllers\\conversationController.js": {"path":"D:\\socials\\social-media-app\\server\\controllers\\conversationController.js","statementMap":{"0":{"start":{"line":1,"column":16},"end":{"line":1,"column":44}},"1":{"start":{"line":2,"column":17},"end":{"line":2,"column":36}},"2":{"start":{"line":6,"column":0},"end":{"line":66,"column":2}},"3":{"start":{"line":7,"column":2},"end":{"line":65,"column":3}},"4":{"start":{"line":8,"column":19},"end":{"line":8,"column":55}},"5":{"start":{"line":11,"column":16},"end":{"line":26,"column":17}},"6":{"start":{"line":28,"column":19},"end":{"line":31,"column":6}},"7":{"start":{"line":32,"column":22},"end":{"line":32,"column":77}},"8":{"start":{"line":32,"column":48},"end":{"line":32,"column":75}},"9":{"start":{"line":34,"column":26},"end":{"line":39,"column":7}},"10":{"start":{"line":34,"column":42},"end":{"line":39,"column":5}},"11":{"start":{"line":42,"column":4},"end":{"line":60,"column":5}},"12":{"start":{"line":43,"column":29},"end":{"line":43,"column":79}},"13":{"start":{"line":43,"column":54},"end":{"line":43,"column":78}},"14":{"start":{"line":44,"column":19},"end":{"line":44,"column":44}},"15":{"start":{"line":45,"column":22},"end":{"line":45,"column":101}},"16":{"start":{"line":46,"column":24},"end":{"line":46,"column":33}},"17":{"start":{"line":47,"column":6},"end":{"line":47,"column":85}},"18":{"start":{"line":47,"column":31},"end":{"line":47,"column":85}},"19":{"start":{"line":49,"column":20},"end":{"line":49,"column":82}},"20":{"start":{"line":50,"column":24},"end":{"line":50,"column":68}},"21":{"start":{"line":52,"column":6},"end":{"line":57,"column":7}},"22":{"start":{"line":53,"column":20},"end":{"line":53,"column":44}},"23":{"start":{"line":54,"column":8},"end":{"line":54,"column":52}},"24":{"start":{"line":55,"column":25},"end":{"line":55,"column":49}},"25":{"start":{"line":56,"column":8},"end":{"line":56,"column":93}},"26":{"start":{"line":56,"column":52},"end":{"line":56,"column":91}},"27":{"start":{"line":62,"column":4},"end":{"line":62,"column":32}},"28":{"start":{"line":64,"column":4},"end":{"line":64,"column":14}},"29":{"start":{"line":69,"column":0},"end":{"line":97,"column":2}},"30":{"start":{"line":70,"column":2},"end":{"line":96,"column":3}},"31":{"start":{"line":71,"column":19},"end":{"line":71,"column":30}},"32":{"start":{"line":72,"column":19},"end":{"line":72,"column":44}},"33":{"start":{"line":73,"column":14},"end":{"line":73,"column":40}},"34":{"start":{"line":74,"column":4},"end":{"line":74,"column":69}},"35":{"start":{"line":74,"column":12},"end":{"line":74,"column":69}},"36":{"start":{"line":77,"column":21},"end":{"line":77,"column":55}},"37":{"start":{"line":78,"column":4},"end":{"line":78,"column":101}},"38":{"start":{"line":78,"column":35},"end":{"line":78,"column":101}},"39":{"start":{"line":81,"column":21},"end":{"line":91,"column":13}},"40":{"start":{"line":93,"column":4},"end":{"line":93,"column":37}},"41":{"start":{"line":95,"column":4},"end":{"line":95,"column":14}},"42":{"start":{"line":100,"column":0},"end":{"line":117,"column":2}},"43":{"start":{"line":101,"column":2},"end":{"line":116,"column":3}},"44":{"start":{"line":102,"column":19},"end":{"line":102,"column":30}},"45":{"start":{"line":103,"column":19},"end":{"line":103,"column":44}},"46":{"start":{"line":104,"column":17},"end":{"line":104,"column":42}},"47":{"start":{"line":105,"column":4},"end":{"line":105,"column":84}},"48":{"start":{"line":105,"column":17},"end":{"line":105,"column":84}},"49":{"start":{"line":106,"column":15},"end":{"line":106,"column":42}},"50":{"start":{"line":107,"column":4},"end":{"line":107,"column":70}},"51":{"start":{"line":107,"column":13},"end":{"line":107,"column":70}},"52":{"start":{"line":108,"column":19},"end":{"line":108,"column":90}},"53":{"start":{"line":108,"column":60},"end":{"line":108,"column":72}},"54":{"start":{"line":109,"column":4},"end":{"line":112,"column":5}},"55":{"start":{"line":110,"column":6},"end":{"line":110,"column":73}},"56":{"start":{"line":111,"column":6},"end":{"line":111,"column":22}},"57":{"start":{"line":113,"column":4},"end":{"line":113,"column":34}},"58":{"start":{"line":115,"column":4},"end":{"line":115,"column":14}},"59":{"start":{"line":120,"column":0},"end":{"line":134,"column":2}},"60":{"start":{"line":121,"column":2},"end":{"line":133,"column":3}},"61":{"start":{"line":122,"column":19},"end":{"line":122,"column":30}},"62":{"start":{"line":123,"column":19},"end":{"line":123,"column":44}},"63":{"start":{"line":124,"column":17},"end":{"line":124,"column":42}},"64":{"start":{"line":125,"column":4},"end":{"line":125,"column":84}},"65":{"start":{"line":125,"column":17},"end":{"line":125,"column":84}},"66":{"start":{"line":126,"column":15},"end":{"line":126,"column":42}},"67":{"start":{"line":127,"column":4},"end":{"line":127,"column":70}},"68":{"start":{"line":127,"column":13},"end":{"line":127,"column":70}},"69":{"start":{"line":128,"column":4},"end":{"line":128,"column":97}},"70":{"start":{"line":128,"column":72},"end":{"line":128,"column":95}},"71":{"start":{"line":129,"column":4},"end":{"line":129,"column":20}},"72":{"start":{"line":130,"column":4},"end":{"line":130,"column":34}},"73":{"start":{"line":132,"column":4},"end":{"line":132,"column":14}}},"fnMap":{"0":{"name":"(anonymous_0)","decl":{"start":{"line":6,"column":27},"end":{"line":6,"column":28}},"loc":{"start":{"line":6,"column":53},"end":{"line":66,"column":1}},"line":6},"1":{"name":"(anonymous_1)","decl":{"start":{"line":32,"column":41},"end":{"line":32,"column":42}},"loc":{"start":{"line":32,"column":48},"end":{"line":32,"column":75}},"line":32},"2":{"name":"(anonymous_2)","decl":{"start":{"line":34,"column":34},"end":{"line":34,"column":35}},"loc":{"start":{"line":34,"column":42},"end":{"line":39,"column":5}},"line":34},"3":{"name":"(anonymous_3)","decl":{"start":{"line":43,"column":47},"end":{"line":43,"column":48}},"loc":{"start":{"line":43,"column":54},"end":{"line":43,"column":78}},"line":43},"4":{"name":"(anonymous_4)","decl":{"start":{"line":56,"column":45},"end":{"line":56,"column":46}},"loc":{"start":{"line":56,"column":52},"end":{"line":56,"column":91}},"line":56},"5":{"name":"(anonymous_5)","decl":{"start":{"line":69,"column":25},"end":{"line":69,"column":26}},"loc":{"start":{"line":69,"column":51},"end":{"line":97,"column":1}},"line":69},"6":{"name":"(anonymous_6)","decl":{"start":{"line":100,"column":27},"end":{"line":100,"column":28}},"loc":{"start":{"line":100,"column":53},"end":{"line":117,"column":1}},"line":100},"7":{"name":"(anonymous_7)","decl":{"start":{"line":108,"column":53},"end":{"line":108,"column":54}},"loc":{"start":{"line":108,"column":60},"end":{"line":108,"column":72}},"line":108},"8":{"name":"(anonymous_8)","decl":{"start":{"line":120,"column":29},"end":{"line":120,"column":30}},"loc":{"start":{"line":120,"column":55},"end":{"line":134,"column":1}},"line":120},"9":{"name":"(anonymous_9)","decl":{"start":{"line":128,"column":65},"end":{"line":128,"column":66}},"loc":{"start":{"line":128,"column":72},"end":{"line":128,"column":95}},"line":128}},"branchMap":{"0":{"loc":{"start":{"line":38,"column":14},"end":{"line":38,"column":58}},"type":"binary-expr","locations":[{"start":{"line":38,"column":14},"end":{"line":38,"column":53}},{"start":{"line":38,"column":57},"end":{"line":38,"column":58}}],"line":38},"1":{"loc":{"start":{"line":38,"column":29},"end":{"line":38,"column":40}},"type":"binary-expr","locations":[{"start":{"line":38,"column":29},"end":{"line":38,"column":34}},{"start":{"line":38,"column":38},"end":{"line":38,"column":40}}],"line":38},"2":{"loc":{"start":{"line":47,"column":63},"end":{"line":47,"column":83}},"type":"binary-expr","locations":[{"start":{"line":47,"column":63},"end":{"line":47,"column":77}},{"start":{"line":47,"column":81},"end":{"line":47,"column":83}}],"line":47},"3":{"loc":{"start":{"line":50,"column":32},"end":{"line":50,"column":67}},"type":"binary-expr","locations":[{"start":{"line":50,"column":33},"end":{"line":50,"column":38}},{"start":{"line":50,"column":42},"end":{"line":50,"column":60}},{"start":{"line":50,"column":65},"end":{"line":50,"column":67}}],"line":50},"4":{"loc":{"start":{"line":55,"column":25},"end":{"line":55,"column":49}},"type":"binary-expr","locations":[{"start":{"line":55,"column":25},"end":{"line":55,"column":43}},{"start":{"line":55,"column":47},"end":{"line":55,"column":49}}],"line":55},"5":{"loc":{"start":{"line":73,"column":15},"end":{"line":73,"column":32}},"type":"binary-expr","locations":[{"start":{"line":73,"column":15},"end":{"line":73,"column":26}},{"start":{"line":73,"column":30},"end":{"line":73,"column":32}}],"line":73},"6":{"loc":{"start":{"line":74,"column":4},"end":{"line":74,"column":69}},"type":"if","locations":[{"start":{"line":74,"column":4},"end":{"line":74,"column":69}},{"start":{},"end":{}}],"line":74},"7":{"loc":{"start":{"line":78,"column":4},"end":{"line":78,"column":101}},"type":"if","locations":[{"start":{"line":78,"column":4},"end":{"line":78,"column":101}},{"start":{},"end":{}}],"line":78},"8":{"loc":{"start":{"line":105,"column":4},"end":{"line":105,"column":84}},"type":"if","locations":[{"start":{"line":105,"column":4},"end":{"line":105,"column":84}},{"start":{},"end":{}}],"line":105},"9":{"loc":{"start":{"line":107,"column":4},"end":{"line":107,"column":70}},"type":"if","locations":[{"start":{"line":107,"column":4},"end":{"line":107,"column":70}},{"start":{},"end":{}}],"line":107},"10":{"loc":{"start":{"line":108,"column":20},"end":{"line":108,"column":47}},"type":"binary-expr","locations":[{"start":{"line":108,"column":20},"end":{"line":108,"column":41}},{"start":{"line":108,"column":45},"end":{"line":108,"column":47}}],"line":108},"11":{"loc":{"start":{"line":109,"column":4},"end":{"line":112,"column":5}},"type":"if","locations":[{"start":{"line":109,"column":4},"end":{"line":112,"column":5}},{"start":{},"end":{}}],"line":109},"12":{"loc":{"start":{"line":110,"column":35},"end":{"line":110,"column":62}},"type":"binary-expr","locations":[{"start":{"line":110,"column":35},"end":{"line":110,"column":56}},{"start":{"line":110,"column":60},"end":{"line":110,"column":62}}],"line":110},"13":{"loc":{"start":{"line":125,"column":4},"end":{"line":125,"column":84}},"type":"if","locations":[{"start":{"line":125,"column":4},"end":{"line":125,"column":84}},{"start":{},"end":{}}],"line":125},"14":{"loc":{"start":{"line":127,"column":4},"end":{"line":127,"column":70}},"type":"if","locations":[{"start":{"line":127,"column":4},"end":{"line":127,"column":70}},{"start":{},"end":{}}],"line":127},"15":{"loc":{"start":{"line":128,"column":29},"end":{"line":128,"column":56}},"type":"binary-expr","locations":[{"start":{"line":128,"column":29},"end":{"line":128,"column":50}},{"start":{"line":128,"column":54},"end":{"line":128,"column":56}}],"line":128}},"s":{"0":17,"1":17,"2":17,"3":0,"4":0,"5":0,"6":0,"7":0,"8":0,"9":0,"10":0,"11":0,"12":0,"13":0,"14":0,"15":0,"16":0,"17":0,"18":0,"19":0,"20":0,"21":0,"22":0,"23":0,"24":0,"25":0,"26":0,"27":0,"28":0,"29":17,"30":1,"31":1,"32":1,"33":1,"34":1,"35":0,"36":1,"37":1,"38":0,"39":1,"40":1,"41":0,"42":17,"43":0,"44":0,"45":0,"46":0,"47":0,"48":0,"49":0,"50":0,"51":0,"52":0,"53":0,"54":0,"55":0,"56":0,"57":0,"58":0,"59":17,"60":0,"61":0,"62":0,"63":0,"64":0,"65":0,"66":0,"67":0,"68":0,"69":0,"70":0,"71":0,"72":0,"73":0},"f":{"0":0,"1":0,"2":0,"3":0,"4":0,"5":1,"6":0,"7":0,"8":0,"9":0},"b":{"0":[0,0],"1":[0,0],"2":[0,0],"3":[0,0,0],"4":[0,0],"5":[1,0],"6":[0,1],"7":[0,1],"8":[0,0],"9":[0,0],"10":[0,0],"11":[0,0],"12":[0,0],"13":[0,0],"14":[0,0],"15":[0,0]},"_coverageSchema":"1a1c01bbd47fc00a2c39e90264f33305004495a9","hash":"df821fe9a90aab2fd3cad3eaf1d009dc1452f23b"}
,"D:\\socials\\social-media-app\\server\\controllers\\messageController.js": {"path":"D:\\socials\\social-media-app\\server\\controllers\\messageController.js","statementMap":{"0":{"start":{"line":1,"column":16},"end":{"line":1,"column":44}},"1":{"start":{"line":2,"column":23},"end":{"line":2,"column":53}},"2":{"start":{"line":3,"column":13},"end":{"line":3,"column":28}},"3":{"start":{"line":4,"column":11},"end":{"line":4,"column":24}},"4":{"start":{"line":5,"column":22},"end":{"line":5,"column":48}},"5":{"start":{"line":8,"column":0},"end":{"line":32,"column":2}},"6":{"start":{"line":9,"column":2},"end":{"line":31,"column":3}},"7":{"start":{"line":10,"column":19},"end":{"line":10,"column":30}},"8":{"start":{"line":11,"column":20},"end":{"line":11,"column":37}},"9":{"start":{"line":12,"column":17},"end":{"line":12,"column":52}},"10":{"start":{"line":13,"column":18},"end":{"line":13,"column":70}},"11":{"start":{"line":14,"column":17},"end":{"line":14,"column":35}},"12":{"start":{"line":16,"column":21},"end":{"line":26,"column":13}},"13":{"start":{"line":28,"column":4},"end":{"line":28,"column":40}},"14":{"start":{"line":30,"column":4},"end":{"line":30,"column":14}},"15":{"start":{"line":35,"column":0},"end":{"line":48,"column":2}},"16":{"start":{"line":36,"column":2},"end":{"line":47,"column":3}},"17":{"start":{"line":37,"column":19},"end":{"line":37,"column":30}},"18":{"start":{"line":38,"column":26},"end":{"line":38,"column":36}},"19":{"start":{"line":39,"column":16},"end":{"line":39,"column":49}},"20":{"start":{"line":40,"column":4},"end":{"line":40,"column":74}},"21":{"start":{"line":40,"column":14},"end":{"line":40,"column":74}},"22":{"start":{"line":41,"column":4},"end":{"line":41,"column":97}},"23":{"start":{"line":41,"column":45},"end":{"line":41,"column":97}},"24":{"start":{"line":42,"column":4},"end":{"line":42,"column":28}},"25":{"start":{"line":43,"column":4},"end":{"line":43,"column":21}},"26":{"start":{"line":44,"column":4},"end":{"line":44,"column":41}},"27":{"start":{"line":46,"column":4},"end":{"line":46,"column":14}},"28":{"start":{"line":51,"column":0},"end":{"line":85,"column":2}},"29":{"start":{"line":52,"column":2},"end":{"line":84,"column":3}},"30":{"start":{"line":53,"column":19},"end":{"line":53,"column":30}},"31":{"start":{"line":54,"column":26},"end":{"line":54,"column":36}},"32":{"start":{"line":55,"column":16},"end":{"line":55,"column":49}},"33":{"start":{"line":56,"column":4},"end":{"line":56,"column":74}},"34":{"start":{"line":56,"column":14},"end":{"line":56,"column":74}},"35":{"start":{"line":58,"column":4},"end":{"line":59,"column":58}},"36":{"start":{"line":59,"column":6},"end":{"line":59,"column":58}},"37":{"start":{"line":61,"column":20},"end":{"line":61,"column":84}},"38":{"start":{"line":61,"column":54},"end":{"line":61,"column":66}},"39":{"start":{"line":62,"column":4},"end":{"line":62,"column":71}},"40":{"start":{"line":62,"column":18},"end":{"line":62,"column":71}},"41":{"start":{"line":65,"column":21},"end":{"line":65,"column":42}},"42":{"start":{"line":66,"column":24},"end":{"line":66,"column":48}},"43":{"start":{"line":67,"column":23},"end":{"line":67,"column":79}},"44":{"start":{"line":67,"column":65},"end":{"line":67,"column":77}},"45":{"start":{"line":68,"column":4},"end":{"line":68,"column":86}},"46":{"start":{"line":68,"column":65},"end":{"line":68,"column":86}},"47":{"start":{"line":70,"column":4},"end":{"line":70,"column":21}},"48":{"start":{"line":73,"column":4},"end":{"line":79,"column":5}},"49":{"start":{"line":74,"column":17},"end":{"line":74,"column":45}},"50":{"start":{"line":75,"column":6},"end":{"line":75,"column":69}},"51":{"start":{"line":75,"column":14},"end":{"line":75,"column":69}},"52":{"start":{"line":76,"column":6},"end":{"line":76,"column":72}},"53":{"start":{"line":76,"column":14},"end":{"line":76,"column":72}},"54":{"start":{"line":81,"column":4},"end":{"line":81,"column":34}},"55":{"start":{"line":83,"column":4},"end":{"line":83,"column":21}},"56":{"start":{"line":88,"column":0},"end":{"line":167,"column":2}},"57":{"start":{"line":89,"column":2},"end":{"line":166,"column":3}},"58":{"start":{"line":90,"column":19},"end":{"line":90,"column":30}},"59":{"start":{"line":91,"column":35},"end":{"line":91,"column":43}},"60":{"start":{"line":92,"column":18},"end":{"line":92,"column":33}},"61":{"start":{"line":93,"column":4},"end":{"line":93,"column":81}},"62":{"start":{"line":93,"column":20},"end":{"line":93,"column":81}},"63":{"start":{"line":96,"column":4},"end":{"line":97,"column":81}},"64":{"start":{"line":97,"column":6},"end":{"line":97,"column":81}},"65":{"start":{"line":99,"column":17},"end":{"line":99,"column":19}},"66":{"start":{"line":100,"column":15},"end":{"line":100,"column":21}},"67":{"start":{"line":101,"column":28},"end":{"line":105,"column":5}},"68":{"start":{"line":106,"column":4},"end":{"line":122,"column":5}},"69":{"start":{"line":107,"column":6},"end":{"line":120,"column":7}},"70":{"start":{"line":108,"column":8},"end":{"line":119,"column":9}},"71":{"start":{"line":109,"column":10},"end":{"line":116,"column":11}},"72":{"start":{"line":110,"column":30},"end":{"line":110,"column":79}},"73":{"start":{"line":111,"column":22},"end":{"line":111,"column":90}},"74":{"start":{"line":112,"column":12},"end":{"line":112,"column":38}},"75":{"start":{"line":113,"column":12},"end":{"line":113,"column":43}},"76":{"start":{"line":115,"column":12},"end":{"line":115,"column":50}},"77":{"start":{"line":121,"column":6},"end":{"line":121,"column":21}},"78":{"start":{"line":124,"column":16},"end":{"line":124,"column":82}},"79":{"start":{"line":127,"column":4},"end":{"line":147,"column":5}},"80":{"start":{"line":128,"column":27},"end":{"line":128,"column":60}},"81":{"start":{"line":129,"column":22},"end":{"line":134,"column":8}},"82":{"start":{"line":136,"column":6},"end":{"line":144,"column":7}},"83":{"start":{"line":137,"column":19},"end":{"line":137,"column":36}},"84":{"start":{"line":138,"column":23},"end":{"line":138,"column":62}},"85":{"start":{"line":139,"column":27},"end":{"line":139,"column":48}},"86":{"start":{"line":140,"column":31},"end":{"line":142,"column":17}},"87":{"start":{"line":143,"column":8},"end":{"line":143,"column":83}},"88":{"start":{"line":143,"column":24},"end":{"line":143,"column":83}},"89":{"start":{"line":150,"column":4},"end":{"line":161,"column":5}},"90":{"start":{"line":151,"column":17},"end":{"line":151,"column":34}},"91":{"start":{"line":152,"column":21},"end":{"line":152,"column":60}},"92":{"start":{"line":153,"column":25},"end":{"line":153,"column":46}},"93":{"start":{"line":154,"column":27},"end":{"line":154,"column":45}},"94":{"start":{"line":155,"column":24},"end":{"line":158,"column":7}},"95":{"start":{"line":159,"column":6},"end":{"line":159,"column":75}},"96":{"start":{"line":159,"column":22},"end":{"line":159,"column":75}},"97":{"start":{"line":160,"column":6},"end":{"line":160,"column":76}},"98":{"start":{"line":160,"column":24},"end":{"line":160,"column":76}},"99":{"start":{"line":163,"column":4},"end":{"line":163,"column":43}},"100":{"start":{"line":165,"column":4},"end":{"line":165,"column":14}}},"fnMap":{"0":{"name":"(anonymous_0)","decl":{"start":{"line":8,"column":30},"end":{"line":8,"column":31}},"loc":{"start":{"line":8,"column":56},"end":{"line":32,"column":1}},"line":8},"1":{"name":"(anonymous_1)","decl":{"start":{"line":35,"column":19},"end":{"line":35,"column":20}},"loc":{"start":{"line":35,"column":45},"end":{"line":48,"column":1}},"line":35},"2":{"name":"(anonymous_2)","decl":{"start":{"line":51,"column":31},"end":{"line":51,"column":32}},"loc":{"start":{"line":51,"column":57},"end":{"line":85,"column":1}},"line":51},"3":{"name":"(anonymous_3)","decl":{"start":{"line":61,"column":47},"end":{"line":61,"column":48}},"loc":{"start":{"line":61,"column":54},"end":{"line":61,"column":66}},"line":61},"4":{"name":"(anonymous_4)","decl":{"start":{"line":67,"column":58},"end":{"line":67,"column":59}},"loc":{"start":{"line":67,"column":65},"end":{"line":67,"column":77}},"line":67},"5":{"name":"(anonymous_5)","decl":{"start":{"line":88,"column":22},"end":{"line":88,"column":23}},"loc":{"start":{"line":88,"column":48},"end":{"line":167,"column":1}},"line":88},"6":{"name":"(anonymous_6)","decl":{"start":{"line":113,"column":33},"end":{"line":113,"column":34}},"loc":{"start":{"line":113,"column":39},"end":{"line":113,"column":41}},"line":113}},"branchMap":{"0":{"loc":{"start":{"line":12,"column":26},"end":{"line":12,"column":47}},"type":"binary-expr","locations":[{"start":{"line":12,"column":26},"end":{"line":12,"column":40}},{"start":{"line":12,"column":44},"end":{"line":12,"column":47}}],"line":12},"1":{"loc":{"start":{"line":13,"column":36},"end":{"line":13,"column":59}},"type":"binary-expr","locations":[{"start":{"line":13,"column":36},"end":{"line":13,"column":51}},{"start":{"line":13,"column":55},"end":{"line":13,"column":59}}],"line":13},"2":{"loc":{"start":{"line":40,"column":4},"end":{"line":40,"column":74}},"type":"if","locations":[{"start":{"line":40,"column":4},"end":{"line":40,"column":74}},{"start":{},"end":{}}],"line":40},"3":{"loc":{"start":{"line":41,"column":4},"end":{"line":41,"column":97}},"type":"if","locations":[{"start":{"line":41,"column":4},"end":{"line":41,"column":97}},{"start":{},"end":{}}],"line":41},"4":{"loc":{"start":{"line":56,"column":4},"end":{"line":56,"column":74}},"type":"if","locations":[{"start":{"line":56,"column":4},"end":{"line":56,"column":74}},{"start":{},"end":{}}],"line":56},"5":{"loc":{"start":{"line":58,"column":4},"end":{"line":59,"column":58}},"type":"if","locations":[{"start":{"line":58,"column":4},"end":{"line":59,"column":58}},{"start":{},"end":{}}],"line":58},"6":{"loc":{"start":{"line":58,"column":8},"end":{"line":58,"column":79}},"type":"binary-expr","locations":[{"start":{"line":58,"column":8},"end":{"line":58,"column":40}},{"start":{"line":58,"column":44},"end":{"line":58,"column":79}}],"line":58},"7":{"loc":{"start":{"line":61,"column":21},"end":{"line":61,"column":41}},"type":"binary-expr","locations":[{"start":{"line":61,"column":21},"end":{"line":61,"column":35}},{"start":{"line":61,"column":39},"end":{"line":61,"column":41}}],"line":61},"8":{"loc":{"start":{"line":62,"column":4},"end":{"line":62,"column":71}},"type":"if","locations":[{"start":{"line":62,"column":4},"end":{"line":62,"column":71}},{"start":{},"end":{}}],"line":62},"9":{"loc":{"start":{"line":62,"column":40},"end":{"line":62,"column":60}},"type":"binary-expr","locations":[{"start":{"line":62,"column":40},"end":{"line":62,"column":54}},{"start":{"line":62,"column":58},"end":{"line":62,"column":60}}],"line":62},"10":{"loc":{"start":{"line":67,"column":32},"end":{"line":67,"column":52}},"type":"binary-expr","locations":[{"start":{"line":67,"column":32},"end":{"line":67,"column":46}},{"start":{"line":67,"column":50},"end":{"line":67,"column":52}}],"line":67},"11":{"loc":{"start":{"line":68,"column":4},"end":{"line":68,"column":86}},"type":"if","locations":[{"start":{"line":68,"column":4},"end":{"line":68,"column":86}},{"sta
[...]
tions":[{"start":{"line":83,"column":12},"end":{"line":85,"column":13}},{"start":{},"end":{}}],"line":83},"18":{"loc":{"start":{"line":83,"column":16},"end":{"line":83,"column":55}},"type":"binary-expr","locations":[{"start":{"line":83,"column":16},"end":{"line":83,"column":30}},{"start":{"line":83,"column":34},"end":{"line":83,"column":55}}],"line":83},"19":{"loc":{"start":{"line":84,"column":22},"end":{"line":84,"column":93}},"type":"binary-expr","locations":[{"start":{"line":84,"column":22},"end":{"line":84,"column":66}},{"start":{"line":84,"column":70},"end":{"line":84,"column":93}}],"line":84},"20":{"loc":{"start":{"line":86,"column":26},"end":{"line":86,"column":98}},"type":"binary-expr","locations":[{"start":{"line":86,"column":27},"end":{"line":86,"column":41}},{"start":{"line":86,"column":45},"end":{"line":86,"column":62}},{"start":{"line":86,"column":66},"end":{"line":86,"column":89}},{"start":{"line":86,"column":94},"end":{"line":86,"column":98}}],"line":86},"21":{"loc":{"start":{"line":87,"column":32},"end":{"line":87,"column":77}},"type":"binary-expr","locations":[{"start":{"line":87,"column":32},"end":{"line":87,"column":51}},{"start":{"line":87,"column":55},"end":{"line":87,"column":71}},{"start":{"line":87,"column":75},"end":{"line":87,"column":77}}],"line":87}},"s":{"0":17,"1":17,"2":17,"3":17,"4":17,"5":0,"6":0,"7":0,"8":0,"9":0,"10":0,"11":0,"12":0,"13":0,"14":0,"15":0,"16":0,"17":0,"18":0,"19":0,"20":0,"21":0,"22":0,"23":17,"24":0,"25":0,"26":0,"27":0,"28":0,"29":0,"30":0,"31":0,"32":17,"33":0,"34":0,"35":0,"36":0,"37":0,"38":0,"39":0,"40":0,"41":0,"42":0,"43":0,"44":17},"f":{"0":0,"1":0,"2":17,"3":0,"4":0,"5":0},"b":{"0":[0,0],"1":[0,0],"2":[0,0],"3":[0,0],"4":[0,0,0],"5":[0,0],"6":[0,17],"7":[17,0],"8":[0,0],"9":[0,0],"10":[0,0,0,0],"11":[0,0,0,0],"12":[0,0],"13":[0,17],"14":[17,0],"15":[0,0],"16":[0,0],"17":[0,0],"18":[0,0],"19":[0,0],"20":[0,0,0,0],"21":[0,0,0]},"_coverageSchema":"1a1c01bbd47fc00a2c39e90264f33305004495a9","hash":"a0b4d3bff7faf65183fb105009b9dbf2f8b964f5"}
,"D:\\socials\\social-media-app\\server\\utils\\redisClient.js": {"path":"D:\\socials\\social-media-app\\server\\utils\\redisClient.js","statementMap":{"0":{"start":{"line":1,"column":13},"end":{"line":1,"column":17}},"1":{"start":{"line":2,"column":14},"end":{"line":2,"column":19}},"2":{"start":{"line":5,"column":2},"end":{"line":5,"column":32}},"3":{"start":{"line":5,"column":25},"end":{"line":5,"column":32}},"4":{"start":{"line":6,"column":14},"end":{"line":6,"column":35}},"5":{"start":{"line":7,"column":2},"end":{"line":7,"column":19}},"6":{"start":{"line":7,"column":12},"end":{"line":7,"column":19}},"7":{"start":{"line":8,"column":2},"end":{"line":21,"column":3}},"8":{"start":{"line":14,"column":20},"end":{"line":14,"column":38}},"9":{"start":{"line":15,"column":4},"end":{"line":15,"column":30}},"10":{"start":{"line":16,"column":4},"end":{"line":16,"column":19}},"11":{"start":{"line":19,"column":4},"end":{"line":19,"column":18}},"12":{"start":{"line":20,"column":4},"end":{"line":20,"column":20}},"13":{"start":{"line":25,"column":2},"end":{"line":25,"column":9}},"14":{"start":{"line":26,"column":2},"end":{"line":26,"column":27}},"15":{"start":{"line":30,"column":2},"end":{"line":30,"column":9}},"16":{"start":{"line":31,"column":2},"end":{"line":31,"column":16}},"17":{"start":{"line":35,"column":2},"end":{"line":35,"column":9}},"18":{"start":{"line":36,"column":2},"end":{"line":36,"column":33}},"19":{"start":{"line":36,"column":20},"end":{"line":36,"column":33}},"20":{"start":{"line":37,"column":14},"end":{"line":37,"column":32}},"21":{"start":{"line":38,"column":18},"end":{"line":38,"column":38}},"22":{"start":{"line":39,"column":16},"end":{"line":39,"column":30}},"23":{"start":{"line":40,"column":2},"end":{"line":40,"column":63}},"24":{"start":{"line":41,"column":2},"end":{"line":41,"column":29}},"25":{"start":{"line":42,"column":2},"end":{"line":42,"column":56}},"26":{"start":{"line":43,"column":2},"end":{"line":43,"column":21}},"27":{"start":{"line":44,"column":2},"end":{"line":44,"column":14}},"28":{"start":{"line":48,"column":2},"end":{"line":48,"column":9}},"29":{"start":{"line":49,"column":2},"end":{"line":49,"column":33}},"30":{"start":{"line":49,"column":20},"end":{"line":49,"column":33}},"31":{"start":{"line":50,"column":14},"end":{"line":50,"column":32}},"32":{"start":{"line":51,"column":17},"end":{"line":51,"column":38}},"33":{"start":{"line":52,"column":2},"end":{"line":52,"column":28}},"34":{"start":{"line":52,"column":15},"end":{"line":52,"column":28}},"35":{"start":{"line":53,"column":18},"end":{"line":53,"column":38}},"36":{"start":{"line":54,"column":16},"end":{"line":54,"column":30}},"37":{"start":{"line":55,"column":2},"end":{"line":55,"column":17}},"38":{"start":{"line":56,"column":2},"end":{"line":56,"column":29}},"39":{"start":{"line":57,"column":2},"end":{"line":57,"column":21}},"40":{"start":{"line":58,"column":2},"end":{"line":58,"column":14}},"41":{"start":{"line":62,"column":2},"end":{"line":62,"column":9}},"42":{"start":{"line":63,"column":2},"end":{"line":63,"column":33}},"43":{"start":{"line":63,"column":20},"end":{"line":63,"column":33}},"44":{"start":{"line":64,"column":17},"end":{"line":64,"column":38}},"45":{"start":{"line":65,"column":17},"end":{"line":65,"column":38}},"46":{"start":{"line":66,"column":18},"end":{"line":66,"column":38}},"47":{"start":{"line":69,"column":2},"end":{"line":69,"column":29}},"48":{"start":{"line":70,"column":14},"end":{"line":70,"column":38}},"49":{"start":{"line":71,"column":2},"end":{"line":74,"column":3}},"50":{"start":{"line":72,"column":4},"end":{"line":72,"column":27}},"51":{"start":{"line":73,"column":4},"end":{"line":73,"column":17}},"52":{"start":{"line":76,"column":14},"end":{"line":76,"column":44}},"53":{"start":{"line":77,"column":16},"end":{"line":77,"column":30}},"54":{"start":{"line":78,"column":2},"end":{"line":78,"column":20}},"55":{"start":{"line":79,"column":2},"end":{"line":79,"column":32}},"56":{"start":{"line":80,"column":2},"end":{"line":80,"column":39}},"57":{"start":{"line":81,"column":2},"end":{"line":81,"column":32}},"58":{"start":{"line":82,"column":2},"end":{"line":82,"column":29}},"59":{"start":{"line":83,"column":14},"end":{"line":83,"column":32}},"60":{"start":{"line":85,"column":2},"end":{"line":85,"column":28}},"61":{"start":{"line":89,"column":2},"end":{"line":89,"column":9}},"62":{"start":{"line":90,"column":2},"end":{"line":90,"column":33}},"63":{"start":{"line":90,"column":20},"end":{"line":90,"column":33}},"64":{"start":{"line":91,"column":18},"end":{"line":91,"column":38}},"65":{"start":{"line":92,"column":17},"end":{"line":92,"column":47}},"66":{"start":{"line":93,"column":2},"end":{"line":93,"column":50}},"67":{"start":{"line":93,"column":38},"end":{"line":93,"column":50}},"68":{"start":{"line":94,"column":16},"end":{"line":94,"column":30}},"69":{"start":{"line":95,"column":2},"end":{"line":97,"column":3}},"70":{"start":{"line":96,"column":4},"end":{"line":96,"column":30}},"71":{"start":{"line":98,"column":2},"end":{"line":98,"column":21}},"72":{"start":{"line":99,"column":2},"end":{"line":99,"column":21}},"73":{"start":{"line":100,"column":2},"end":{"line":100,"column":14}},"74":{"start":{"line":103,"column":0},"end":{"line":126,"column":2}},"75":{"start":{"line":112,"column":4},"end":{"line":122,"column":5}},"76":{"start":{"line":113,"column":6},"end":{"line":121,"column":7}},"77":{"start":{"line":114,"column":8},"end":{"line":114,"column":28}},"78":{"start":{"line":116,"column":8},"end":{"line":120,"column":9}},"79":{"start":{"line":117,"column":10},"end":{"line":117,"column":30}},"80":{"start":{"line":119,"column":10},"end":{"line":119,"column":17}},"81":{"start":{"line":123,"column":4},"end":{"line":123,"column":18}},"82":{"start":{"line":124,"column":4},"end":{"line":124,"column":20}}},"fnMap":{"0":{"name":"init","decl":{"start":{"line":4,"column":9},"end":{"line":4,"column":13}},"loc":{"start":{"line":4,"column":16},"end":{"line":22,"column":1}},"line":4},"1":{"name":"isEnabled","decl":{"start":{"line":24,"column":9},"end":{"line":24,"column":18}},"loc":{"start":{"line":24,"column":21},"end":{"line":27,"column":1}},"line":24},"2":{"name":"getClient","decl":{"start":{"line":29,"column":9},"end":{"line":29,"column":18}},"loc":{"start":{"line":29,"column":21},"end":{"line":32,"column":1}},"line":29},"3":{"name":"addRefresh","decl":{"start":{"line":34,"column":15},"end":{"line":34,"column":25}},"loc":{"start":{"line":34,"column":53},"end":{"line":45,"column":1}},"line":34},"4":{"name":"removeRefresh","decl":{"start":{"line":47,"column":15},"end":{"line":47,"column":28}},"loc":{"start":{"line":47,"column":36},"end":{"line":59,"column":1}},"line":47},"5":{"name":"rotateRefresh","decl":{"start":{"line":61,"column":15},"end":{"line":61,"column":28}},"loc":{"start":{"line":61,"column":69},"end":{"line":86,"column":1}},"line":61},"6":{"name":"clearAllForUser","decl":{"start":{"line":88,"column":15},"end":{"line":88,"column":30}},"loc":{"start":{"line":88,"column":39},"end":{"line":101,"column":1}},"line":88},"7":{"name":"(anonymous_7)","decl":{"start":{"line":111,"column":2},"end":{"line":111,"column":3}},"loc":{"start":{"line":111,"column":15},"end":{"line":125,"column":3}},"line":111}},"branchMap":{"0":{"loc":{"start":{"line":5,"column":2},"end":{"line":5,"column":32}},"type":"if","locations":[{"start":{"line":5,"column":2},"end":{"line":5,"column":32}},{"start":{},"end":{}}],"line":5},"1":{"loc":{"start":{"line":5,"column":6},"end":{"line":5,"column":23}},"type":"binary-expr","locations":[{"start":{"line":5,"column":6},"end":{"line":5,"column":13}},{"start":{"line":5,"column":17},"end":{"line":5,"column":23}}],"line":5},"2":{"loc":{"start":{"line":7,"column":2},"end":{"line":7,"column":19}},"type":"if","locations":[{"start":{"line":7,"column":2},"end":{"line":7,"column":19}},{"start":{},"end":{}}],"line":7},"3":{"loc":{"start":{"line":26,"column":9},"end":{"line":26,"column":26}},"type":"binary-expr","locations":[{"start":{"line":26,"column":9},"end":{"line":26,"column":16}},{"start":{"line":26,"column":20},"end":{"line":26,"column":26}}],"line":26},"4":{"loc":{"start":{"line":36,"column":2},"end":{"line":36,"column":33}},"type":"if","locations":[{"start":{"line":36,"column":2},"end":{"line":36,"column":33}},{"start":{},"end":{}}],"line":36},"5":{"loc":{"start":{"line":40,"column":31},"end":{"line":40,"column":61}},"type":"binary-expr","locations":[{"start":{"line":40,"column":31},"end":{"line":40,"column":41}},{"start":{"line":40,"column":45},"end":{"line":40,"column":61}}],"line":40},"6":{"loc":{"start":{"line":42,"column":24},"end":{"line":42,"column":54}},"type":"binary-expr","locations":[{"start":{"line":42,"column":24},"end":{"line":42,"column":34}},{"start":{"line":42,"column":38},"end":{"line":42,"column":54}}],"line":42},"7":{"loc":{"start":{"line":49,"column":2},"end":{"line":49,"column":33}},"type":"if","locations":[{"start":{"line":49,"column":2},"end":{"line":49,"column":33}},{"start":{},"end":{}}],"line":49},"8":{"loc":{"start":{"line":52,"column":2},"end":{"line":52,"column":28}},"type":"if","locations":[{"start":{"line":52,"column":2},"end":{"line":52,"column":28}},{"start":{},"end":{}}],"line":52},"9":{"loc":{"start":{"line":63,"column":2},"end":{"line":63,"column":33}},"type":"if","locations":[{"start":{"line":63,"column":2},"end":{"line":63,"column":33}},{"start":{},"end":{}}],"line":63},"10":{"loc":{"start":{"line":71,"column":2},"end":{"line":74,"column":3}},"type":"if","locations":[{"start":{"line":71,"column":2},"end":{"line":74,"column":3}},{"start":{},"end":{}}],"line":71},"11":{"loc":{"start":{"line":71,"column":6},"end":{"line":71,"column":36}},"type":"binary-expr","locations":[{"start":{"line":71,"column":6},"end":{"line":71,"column":10}},{"start":{"line":71,"column":14},"end":{"line":71,"column":36}}],"line":71},"12":{"loc":{"start":{"line":76,"column":14},"end":{"line":76,"column":44}},"type":"binary-expr","locations":[{"start":{"line":76,"column":14},"end":{"line":76,"column":24}},{"start":{"line":76,"column":28},"end":{"line":76,"column":44}}],"line":76},"13":{"loc":{"start":{"line":90,"column":2},"end":{"line":90,"column":33}},"type":"if","locations":[{"start":{"line":90,"column":2},"end":{"line":90,"column":33}},{"start":{},"end":{}}],"line":90},"14":{"loc":{"start":{"line":93,"column":2},"end":{"line":93,"column":50}},"type":"if","locations":[{"start":{"line":93,"column":2},"end":{"line":93,"column":50}},{"start":{},"end":{}}],"line":93},"15":{"loc":{"start":{"line":93,"column":6},"end":{"line":93,"column":36}},"type":"binary-expr","locations":[{"start":{"line":93,"column":6},"end":{"line":93,"column":13}},{"start":{"line":93,"column":17},"end":{"line":93,"column":36}}],"line":93},"16":{"loc":{"start":{"line":112,"column":4},"end":{"line":122,"column":5}},"type":"if","locations":[{"start":{"line":112,"column":4},"end":{"line":122,"column":5}},{"start":{},"end":{}}],"line":112}},"s":{"0":19,"1":19,"2":31,"3":0,"4":31,"5":31,"6":31,"7":0,"8":0,"9":0,"10":0,"11":0,"12":0,"13":31,"14":31,"15":0,"16":0,"17":0,"18":0,"19":0,"20":0,"21":0,"22":0,"23":0,"24":0,"25":0,"26":0,"27":0,"28":0,"29":0,"30":0,"31":0,"32":0,"33":0,"34":0,"35":0,"36":0,"37":0,"38":0,"39":0,"40":0,"41":0,"42":0,"43":0,"44":0,"45":0,"46":0,"47":0,"48":0,"49":0,"50":0,"51":0,"52":0,"53":0,"54":0,"55":0,"56":0,"57":0,"58":0,"59":0,"60":0,"61":0,"62":0,"63":0,"64":0,"65":0,"66":0,"67":0,"68":0,"69":0,"70":0,"71":0,"72":0,"73":0,"74":19,"75":16,"76":0,"77":0,"78":0,"79":0,"80":0,"81":16,"82":16},"f":{"0":31,"1":31,"2":0,"3":0,"4":0,"5":0,"6":0,"7":16},"b":{"0":[0,31],"1":[31,31],"2":[31,0],"3":[31,0],"4":[0,0],"5":[0,0],"6":[0,0],"7":[0,0],"8":[0,0],"9":[0,0],"10":[0,0],"11":[0,0],"12":[0,0],"13":[0,0],"14":[0,0],"15":[0,0],"16":[0,16]},"_coverageSchema":"1a1c01bbd47fc00a2c39e90264f33305004495a9","hash":"f5d19005e904b4fa1984a9aa0781de7378fcbaa1"}
,"D:\\socials\\social-media-app\\server\\utils\\scheduler.js": {"path":"D:\\socials\\social-media-app\\server\\utils\\scheduler.js","statementMap":{"0":{"start":{"line":1,"column":13},"end":{"line":1,"column":38}},"1":{"start":{"line":3,"column":13},"end":{"line":3,"column":17}},"2":{"start":{"line":6,"column":2},"end":{"line":24,"column":3}},"3":{"start":{"line":7,"column":16},"end":{"line":7,"column":26}},"4":{"start":{"line":8,"column":16},"end":{"line":8,"column":107}},"5":{"start":{"line":9,"column":4},"end":{"line":9,"column":41}},"6":{"start":{"line":9,"column":34},"end":{"line":9,"column":41}},"7":{"start":{"line":10,"column":4},"end":{"line":20,"column":5}},"8":{"start":{"line":11,"column":6},"end":{"line":19,"column":7}},"9":{"start":{"line":12,"column":8},"end":{"line":12,"column":26}},"10":{"start":{"line":13,"column":8},"end":{"line":13,"column":34}},"11":{"start":{"line":14,"column":8},"end":{"line":14,"column":23}},"12":{"start":{"line":15,"column":8},"end":{"line":15,"column":50}},"13":{"start":{"line":15,"column":27},"end":{"line":15,"column":50}},"14":{"start":{"line":18,"column":8},"end":{"line":18,"column":80}},"15":{"start":{"line":23,"column":4},"end":{"line":23,"column":53}},"16":{"start":{"line":28,"column":2},"end":{"line":28,"column":44}},"17":{"start":{"line":28,"column":37},"end":{"line":28,"column":44}},"18":{"start":{"line":29,"column":2},"end":{"line":29,"column":21}},"19":{"start":{"line":29,"column":14},"end":{"line":29,"column":21}},"20":{"start":{"line":30,"column":13},"end":{"line":30,"column":44}},"21":{"start":{"line":32,"column":21},"end":{"line":32,"column":108}},"22":{"start":{"line":33,"column":2},"end":{"line":33,"column":57}},"23":{"start":{"line":33,"column":29},"end":{"line":33,"column":43}},"24":{"start":{"line":35,"column":2},"end":{"line":35,"column":37}},"25":{"start":{"line":35,"column":21},"end":{"line":35,"column":35}},"26":{"start":{"line":39,"column":2},"end":{"line":39,"column":36}},"27":{"start":{"line":39,"column":14},"end":{"line":39,"column":36}},"28":{"start":{"line":40,"column":2},"end":{"line":40,"column":16}},"29":{"start":{"line":43,"column":0},"end":{"line":43,"column":63}}},"fnMap":{"0":{"name":"publishDue","decl":{"start":{"line":5,"column":15},"end":{"line":5,"column":25}},"loc":{"start":{"line":5,"column":30},"end":{"line":25,"column":1}},"line":5},"1":{"name":"startScheduler","decl":{"start":{"line":27,"column":9},"end":{"line":27,"column":23}},"loc":{"start":{"line":27,"column":29},"end":{"line":36,"column":1}},"line":27},"2":{"name":"(anonymous_2)","decl":{"start":{"line":33,"column":23},"end":{"line":33,"column":24}},"loc":{"start":{"line":33,"column":29},"end":{"line":33,"column":43}},"line":33},"3":{"name":"(anonymous_3)","decl":{"start":{"line":35,"column":15},"end":{"line":35,"column":16}},"loc":{"start":{"line":35,"column":21},"end":{"line":35,"column":35}},"line":35},"4":{"name":"stopScheduler","decl":{"start":{"line":38,"column":9},"end":{"line":38,"column":22}},"loc":{"start":{"line":38,"column":25},"end":{"line":41,"column":1}},"line":38}},"branchMap":{"0":{"loc":{"start":{"line":9,"column":4},"end":{"line":9,"column":41}},"type":"if","locations":[{"start":{"line":9,"column":4},"end":{"line":9,"column":41}},{"start":{},"end":{}}],"line":9},"1":{"loc":{"start":{"line":9,"column":8},"end":{"line":9,"column":32}},"type":"binary-expr","locations":[{"start":{"line":9,"column":8},"end":{"line":9,"column":12}},{"start":{"line":9,"column":16},"end":{"line":9,"column":32}}],"line":9},"2":{"loc":{"start":{"line":15,"column":8},"end":{"line":15,"column":50}},"type":"if","locations":[{"start":{"line":15,"column":8},"end":{"line":15,"column":50}},{"start":{},"end":{}}],"line":15},"3":{"loc":{"start":{"line":15,"column":12},"end":{"line":15,"column":25}},"type":"binary-expr","locations":[{"start":{"line":15,"column":12},"end":{"line":15,"column":14}},{"start":{"line":15,"column":18},"end":{"line":15,"column":25}}],"line":15},"4":{"loc":{"start":{"line":18,"column":64},"end":{"line":18,"column":78}},"type":"binary-expr","locations":[{"start":{"line":18,"column":64},"end":{"line":18,"column":65}},{"start":{"line":18,"column":69},"end":{"line":18,"column":78}}],"line":18},"5":{"loc":{"start":{"line":23,"column":37},"end":{"line":23,"column":51}},"type":"binary-expr","locations":[{"start":{"line":23,"column":37},"end":{"line":23,"column":38}},{"start":{"line":23,"column":42},"end":{"line":23,"column":51}}],"line":23},"6":{"loc":{"start":{"line":28,"column":2},"end":{"line":28,"column":44}},"type":"if","locations":[{"start":{"line":28,"column":2},"end":{"line":28,"column":44}},{"start":{},"end":{}}],"line":28},"7":{"loc":{"start":{"line":29,"column":2},"end":{"line":29,"column":21}},"type":"if","locations":[{"start":{"line":29,"column":2},"end":{"line":29,"column":21}},{"start":{},"end":{}}],"line":29},"8":{"loc":{"start":{"line":30,"column":13},"end":{"line":30,"column":44}},"type":"binary-expr","locations":[{"start":{"line":30,"column":13},"end":{"line":30,"column":16}},{"start":{"line":30,"column":20},"end":{"line":30,"column":27}},{"start":{"line":30,"column":31},"end":{"line":30,"column":44}}],"line":30},"9":{"loc":{"start":{"line":32,"column":21},"end":{"line":32,"column":108}},"type":"cond-expr","locations":[{"start":{"line":32,"column":53},"end":{"line":32,"column":96}},{"start":{"line":32,"column":99},"end":{"line":32,"column":108}}],"line":32},"10":{"loc":{"start":{"line":39,"column":2},"end":{"line":39,"column":36}},"type":"if","locations":[{"start":{"line":39,"column":2},"end":{"line":39,"column":36}},{"start":{},"end":{}}],"line":39}},"s":{"0":9,"1":9,"2":0,"3":0,"4":0,"5":0,"6":0,"7":0,"8":0,"9":0,"10":0,"11":0,"12":0,"13":0,"14":0,"15":0,"16":0,"17":0,"18":0,"19":0,"20":0,"21":0,"22":0,"23":0,"24":0,"25":0,"26":3,"27":0,"28":3,"29":9},"f":{"0":0,"1":0,"2":0,"3":0,"4":3},"b":{"0":[0,0],"1":[0,0],"2":[0,0],"3":[0,0],"4":[0,0],"5":[0,0],"6":[0,0],"7":[0,0],"8":[0,0,0],"9":[0,0],"10":[0,3]},"_coverageSchema":"1a1c01bbd47fc00a2c39e90264f33305004495a9","hash":"e7d1b47ac6b5a1e62e0b5109fb02af2e2c74f7b7"}
}
