TN:
SF:controllers\authController.js
FN:10,signAccess
FN:14,signRefresh
FN:18,(anonymous_2)
FN:45,(anonymous_3)
FN:68,(anonymous_4)
FN:117,(anonymous_5)
FN:133,(anonymous_6)
FNF:7
FNH:7
FNDA:13,signAccess
FNDA:13,signRefresh
FNDA:12,(anonymous_2)
FNDA:1,(anonymous_3)
FNDA:3,(anonymous_4)
FNDA:1,(anonymous_5)
FNDA:1,(anonymous_6)
DA:1,7
DA:2,7
DA:3,7
DA:5,7
DA:6,7
DA:7,7
DA:8,7
DA:11,13
DA:15,13
DA:18,7
DA:19,12
DA:21,12
DA:22,12
DA:24,12
DA:25,12
DA:27,12
DA:28,12
DA:30,12
DA:32,12
DA:33,12
DA:36,12
DA:37,12
DA:39,12
DA:41,0
DA:45,7
DA:46,1
DA:47,1
DA:48,1
DA:50,1
DA:51,1
DA:53,1
DA:54,1
DA:56,1
DA:57,1
DA:59,1
DA:60,1
DA:62,1
DA:64,0
DA:68,7
DA:69,3
DA:70,3
DA:71,3
DA:74,3
DA:75,3
DA:77,0
DA:80,3
DA:81,3
DA:85,3
DA:87,3
DA:104,3
DA:106,2
DA:107,2
DA:110,1
DA:111,1
DA:113,0
DA:117,7
DA:118,1
DA:119,1
DA:120,1
DA:123,1
DA:124,1
DA:127,0
DA:130,1
DA:131,1
DA:133,1
DA:134,1
DA:136,1
DA:138,0
LF:68
LH:62
BRDA:5,0,0,7
BRDA:5,0,1,7
BRDA:6,1,0,7
BRDA:6,1,1,7
BRDA:22,2,0,0
BRDA:22,2,1,12
BRDA:22,3,0,12
BRDA:22,3,1,12
BRDA:22,3,2,12
BRDA:25,4,0,0
BRDA:25,4,1,12
BRDA:48,5,0,0
BRDA:48,5,1,1
BRDA:48,6,0,1
BRDA:48,6,1,1
BRDA:51,7,0,0
BRDA:51,7,1,1
BRDA:54,8,0,0
BRDA:54,8,1,1
BRDA:71,9,0,0
BRDA:71,9,1,3
BRDA:81,10,0,0
BRDA:81,10,1,3
BRDA:104,11,0,2
BRDA:104,11,1,1
BRDA:120,12,0,0
BRDA:120,12,1,1
BRDA:131,13,0,0
BRDA:131,13,1,1
BRF:29
BRH:20
end_of_record
TN:
SF:controllers\conversationController.js
FN:6,(anonymous_0)
FN:24,(anonymous_1)
FN:26,(anonymous_2)
FNF:3
FNH:0
FNDA:0,(anonymous_0)
FNDA:0,(anonymous_1)
FNDA:0,(anonymous_2)
DA:1,7
DA:2,7
DA:6,7
DA:7,0
DA:8,0
DA:11,0
DA:20,0
DA:24,0
DA:26,0
DA:33,0
DA:35,0
LF:11
LH:3
BRDA:30,0,0,0
BRDA:30,0,1,0
BRDA:30,1,0,0
BRDA:30,1,1,0
BRF:4
BRH:0
end_of_record
TN:
SF:controllers\messageController.js
FN:4,(anonymous_0)
FN:31,(anonymous_1)
FNF:2
FNH:2
FNDA:1,(anonymous_0)
FNDA:1,(anonymous_1)
DA:1,7
DA:4,7
DA:5,1
DA:6,1
DA:7,1
DA:8,1
DA:9,1
DA:10,1
DA:12,1
DA:24,1
DA:26,0
DA:31,7
DA:32,1
DA:33,1
DA:34,1
DA:35,1
DA:36,1
DA:37,1
DA:38,1
DA:39,1
DA:40,1
DA:42,0
LF:22
LH:20
BRDA:8,0,0,1
BRDA:8,0,1,1
BRDA:9,1,0,1
BRDA:9,1,1,1
BRDA:36,2,0,0
BRDA:36,2,1,1
BRDA:37,3,0,0
BRDA:37,3,1,1
BRF:8
BRH:6
end_of_record
TN:
SF:controllers\notificationController.js
FN:3,(anonymous_0)
FN:22,(anonymous_1)
FN:37,(anonymous_2)
FN:47,(anonymous_3)
FNF:4
FNH:4
FNDA:1,(anonymous_0)
FNDA:2,(anonymous_1)
FNDA:1,(anonymous_2)
FNDA:2,(anonymous_3)
DA:1,7
DA:3,7
DA:4,1
DA:5,1
DA:6,1
DA:7,1
DA:8,1
DA:10,1
DA:16,1
DA:18,0
DA:22,7
DA:23,2
DA:24,2
DA:25,2
DA:26,2
DA:27,2
DA:28,1
DA:29,0
DA:30,0
DA:31,0
DA:33,0
DA:37,7
DA:38,1
DA:39,1
DA:40,1
DA:41,1
DA:43,0
DA:47,7
DA:48,2
DA:49,2
DA:50,2
DA:51,2
DA:53,0
LF:33
LH:26
BRDA:6,0,0,1
BRDA:6,0,1,1
BRDA:7,1,0,1
BRDA:7,1,1,1
BRDA:27,2,0,1
BRDA:27,2,1,1
BRDA:28,3,0,1
BRDA:28,3,1,0
BRF:8
BRH:7
end_of_record
TN:
SF:controllers\postController.js
FN:6,(anonymous_0)
FN:25,(anonymous_1)
FN:31,(anonymous_2)
FN:31,(anonymous_3)
FN:32,(anonymous_4)
FN:32,(anonymous_5)
FN:51,(anonymous_6)
FN:70,(anonymous_7)
FN:81,(anonymous_8)
FN:90,(anonymous_9)
FNF:10
FNH:4
FNDA:2,(anonymous_0)
FNDA:0,(anonymous_1)
FNDA:0,(anonymous_2)
FNDA:0,(anonymous_3)
FNDA:0,(anonymous_4)
FNDA:0,(anonymous_5)
FNDA:1,(anonymous_6)
FNDA:0,(anonymous_7)
FNDA:2,(anonymous_8)
FNDA:1,(anonymous_9)
DA:1,7
DA:2,7
DA:3,7
DA:4,7
DA:6,7
DA:7,2
DA:8,2
DA:9,2
DA:11,2
DA:12,2
DA:15,2
DA:17,2
DA:18,0
DA:19,0
DA:20,0
DA:21,0
DA:22,0
DA:23,0
DA:25,0
DA:27,0
DA:31,2
DA:32,2
DA:35,2
DA:38,2
DA:41,2
DA:42,0
DA:45,2
DA:47,0
DA:51,7
DA:52,1
DA:53,1
DA:54,1
DA:55,1
DA:57,1
DA:64,1
DA:66,0
DA:70,7
DA:71,0
DA:72,0
DA:73,0
DA:74,0
DA:75,0
DA:77,0
DA:81,7
DA:82,2
DA:83,2
DA:84,2
DA:85,2
DA:86,2
DA:88,2
DA:89,2
DA:90,1
DA:92,1
DA:95,2
DA:96,2
DA:98,2
DA:100,2
DA:102,0
LF:58
LH:40
BRDA:9,0,0,2
BRDA:9,0,1,0
BRDA:15,1,0,2
BRDA:15,1,1,2
BRDA:15,1,2,2
BRDA:17,2,0,0
BRDA:17,2,1,2
BRDA:22,3,0,0
BRDA:22,3,1,0
BRDA:22,4,0,0
BRDA:22,4,1,0
BRDA:41,5,0,0
BRDA:41,5,1,2
BRDA:41,6,0,2
BRDA:41,6,1,2
BRDA:53,7,0,1
BRDA:53,7,1,1
BRDA:54,8,0,1
BRDA:54,8,1,1
BRDA:74,9,0,0
BRDA:74,9,1,0
BRDA:74,10,0,0
BRDA:74,10,1,0
BRDA:86,11,0,0
BRDA:86,11,1,2
BRDA:89,12,0,1
BRDA:89,12,1,1
BRDA:98,13,0,0
BRDA:98,13,1,2
BRDA:98,14,0,2
BRDA:98,14,1,2
BRF:31
BRH:18
end_of_record
TN:
SF:controllers\userController.js
FN:4,(anonymous_0)
FNF:1
FNH:0
FNDA:0,(anonymous_0)
DA:1,7
DA:4,7
DA:5,0
DA:6,0
DA:7,0
DA:8,0
DA:9,0
DA:11,0
DA:15,0
DA:16,0
DA:18,0
LF:11
LH:2
BRDA:6,0,0,0
BRDA:6,0,1,0
BRDA:7,1,0,0
BRDA:7,1,1,0
BRDA:8,2,0,0
BRDA:8,2,1,0
BRDA:11,3,0,0
BRDA:11,3,1,0
BRF:8
BRH:0
end_of_record
TN:
SF:models\Message.js
FNF:0
FNH:0
DA:1,7
DA:2,7
DA:4,7
DA:14,7
DA:16,7
LF:5
LH:5
BRF:0
BRH:0
end_of_record
TN:
SF:models\Notification.js
FNF:0
FNH:0
DA:1,7
DA:2,7
DA:4,7
DA:14,7
DA:16,7
LF:5
LH:5
BRF:0
BRH:0
end_of_record
TN:
SF:models\Post.js
FNF:0
FNH:0
DA:1,7
DA:3,7
DA:5,7
DA:18,7
DA:20,7
LF:5
LH:5
BRF:0
BRH:0
end_of_record
TN:
SF:models\User.js
FNF:0
FNH:0
DA:1,7
DA:3,7
DA:5,7
DA:17,7
LF:4
LH:4
BRF:0
BRH:0
end_of_record
TN:
SF:routes\auth.js
FNF:0
FNH:0
DA:1,7
DA:2,7
DA:3,7
DA:4,7
DA:5,7
DA:7,7
DA:8,7
DA:9,7
DA:10,7
DA:12,7
LF:10
LH:10
BRF:0
BRH:0
end_of_record
TN:
SF:routes\conversations.js
FNF:0
FNH:0
DA:1,7
DA:2,7
DA:3,7
DA:4,7
DA:6,7
DA:8,7
LF:6
LH:6
BRF:0
BRH:0
end_of_record
TN:
SF:routes\messages.js
FNF:0
FNH:0
DA:1,7
DA:2,7
DA:3,7
DA:4,7
DA:6,7
DA:7,7
DA:9,7
LF:7
LH:7
BRF:0
BRH:0
end_of_record
TN:
SF:routes\notifications.js
FNF:0
FNH:0
DA:1,7
DA:2,7
DA:3,7
DA:4,7
DA:6,7
DA:7,7
DA:8,7
DA:9,7
DA:11,7
LF:9
LH:9
BRF:0
BRH:0
end_of_record
TN:
SF:routes\posts.js
FNF:0
FNH:0
DA:1,7
DA:2,7
DA:3,7
DA:4,7
DA:5,7
DA:6,7
DA:8,7
DA:9,7
DA:10,7
DA:11,7
DA:13,7
LF:11
LH:11
BRF:0
BRH:0
end_of_record
TN:
SF:routes\users.js
FNF:0
FNH:0
DA:1,7
DA:2,7
DA:3,7
DA:6,7
DA:8,7
LF:5
LH:5
BRF:0
BRH:0
end_of_record
TN:
SF:utils\cloudinary.js
FN:11,uploadFile
FNF:1
FNH:0
FNDA:0,uploadFile
DA:1,7
DA:4,7
DA:13,0
DA:14,0
DA:15,0
DA:16,0
DA:17,0
DA:20,7
LF:8
LH:3
BRDA:11,0,0,0
BRDA:13,1,0,0
BRDA:13,1,1,0
BRDA:15,2,0,0
BRDA:15,2,1,0
BRF:5
BRH:0
end_of_record
TN:
SF:utils\logger.js
FNF:0
FNH:0
DA:1,7
DA:3,7
DA:16,7
LF:3
LH:3
BRDA:4,0,0,7
BRDA:4,0,1,7
BRDA:12,1,0,7
BRDA:12,1,1,7
BRF:4
BRH:4
end_of_record
