TN:
SF:controllers\adminController.js
FNF:0
FNH:0
DA:1,0
LF:1
LH:0
BRF:0
BRH:0
end_of_record
TN:
SF:controllers\adminController2.js
FN:7,(anonymous_0)
FN:18,(anonymous_1)
FN:27,(anonymous_2)
FN:41,(anonymous_3)
FN:57,(anonymous_4)
FN:76,(anonymous_5)
FN:89,(anonymous_6)
FN:103,(anonymous_7)
FN:126,(anonymous_8)
FNF:9
FNH:0
FNDA:0,(anonymous_0)
FNDA:0,(anonymous_1)
FNDA:0,(anonymous_2)
FNDA:0,(anonymous_3)
FNDA:0,(anonymous_4)
FNDA:0,(anonymous_5)
FNDA:0,(anonymous_6)
FNDA:0,(anonymous_7)
FNDA:0,(anonymous_8)
DA:1,17
DA:2,17
DA:3,17
DA:4,17
DA:7,17
DA:8,0
DA:9,0
DA:12,0
DA:13,0
DA:14,0
DA:15,0
DA:16,0
DA:18,0
DA:19,0
DA:20,0
DA:21,0
DA:23,0
DA:24,0
DA:25,0
DA:26,0
DA:27,0
DA:34,0
DA:36,0
DA:41,17
DA:42,0
DA:43,0
DA:44,0
DA:45,0
DA:46,0
DA:49,0
DA:50,0
DA:52,0
DA:57,17
DA:58,0
DA:59,0
DA:60,0
DA:61,0
DA:63,0
DA:64,0
DA:65,0
DA:66,0
DA:67,0
DA:69,0
DA:71,0
DA:76,17
DA:77,0
DA:78,0
DA:79,0
DA:82,0
DA:83,0
DA:85,0
DA:89,17
DA:90,0
DA:91,0
DA:92,0
DA:95,0
DA:96,0
DA:98,0
DA:103,17
DA:104,0
DA:105,0
DA:111,0
DA:112,0
DA:113,0
DA:114,0
DA:115,0
DA:119,0
DA:121,0
DA:126,17
DA:127,0
DA:128,0
DA:129,0
DA:130,0
DA:131,0
DA:133,0
DA:134,0
DA:136,0
DA:137,0
DA:140,0
DA:141,0
DA:142,0
DA:143,0
DA:145,0
DA:147,0
LF:84
LH:11
BRDA:13,0,0,0
BRDA:13,0,1,0
BRDA:14,1,0,0
BRDA:14,1,1,0
BRDA:16,2,0,0
BRDA:16,2,1,0
BRDA:16,2,2,0
BRDA:21,3,0,0
BRDA:21,3,1,0
BRDA:26,4,0,0
BRDA:26,4,1,0
BRDA:45,5,0,0
BRDA:45,5,1,0
BRDA:49,6,0,0
BRDA:49,6,1,0
BRDA:61,7,0,0
BRDA:61,7,1,0
BRDA:82,8,0,0
BRDA:82,8,1,0
BRDA:95,9,0,0
BRDA:95,9,1,0
BRDA:113,10,0,0
BRDA:113,10,1,0
BRDA:114,11,0,0
BRDA:114,11,1,0
BRDA:115,12,0,0
BRDA:115,12,1,0
BRDA:131,13,0,0
BRDA:131,13,1,0
BRDA:133,14,0,0
BRDA:133,14,1,0
BRDA:133,15,0,0
BRDA:133,15,1,0
BRDA:136,16,0,0
BRDA:136,16,1,0
BRDA:136,17,0,0
BRDA:136,17,1,0
BRF:37
BRH:0
end_of_record
TN:
SF:controllers\authController.js
FN:13,signAccess
FN:19,signRefresh
FN:23,(anonymous_2)
FN:59,(anonymous_3)
FN:90,(anonymous_4)
FN:166,(anonymous_5)
FN:185,(anonymous_6)
FN:196,(anonymous_7)
FN:218,(anonymous_8)
FN:241,(anonymous_9)
FN:257,(anonymous_10)
FN:278,(anonymous_11)
FNF:12
FNH:7
FNDA:23,signAccess
FNDA:23,signRefresh
FNDA:22,(anonymous_2)
FNDA:1,(anonymous_3)
FNDA:3,(anonymous_4)
FNDA:1,(anonymous_5)
FNDA:1,(anonymous_6)
FNDA:0,(anonymous_7)
FNDA:0,(anonymous_8)
FNDA:0,(anonymous_9)
FNDA:0,(anonymous_10)
FNDA:0,(anonymous_11)
DA:1,17
DA:2,17
DA:3,17
DA:4,17
DA:5,17
DA:6,17
DA:8,17
DA:9,17
DA:10,17
DA:11,17
DA:14,23
DA:20,23
DA:23,17
DA:24,22
DA:26,22
DA:27,22
DA:29,22
DA:30,22
DA:32,22
DA:33,22
DA:35,22
DA:37,22
DA:38,22
DA:41,22
DA:43,0
DA:45,22
DA:46,22
DA:49,22
DA:55,0
DA:59,17
DA:60,1
DA:61,1
DA:62,1
DA:64,1
DA:65,1
DA:67,1
DA:68,1
DA:70,1
DA:71,1
DA:73,1
DA:74,0
DA:76,1
DA:77,1
DA:80,1
DA:86,0
DA:90,17
DA:91,3
DA:92,3
DA:93,3
DA:96,3
DA:97,3
DA:99,0
DA:102,3
DA:103,3
DA:107,3
DA:111,3
DA:113,0
DA:114,0
DA:116,0
DA:117,0
DA:120,0
DA:121,0
DA:124,0
DA:128,3
DA:151,3
DA:153,2
DA:154,2
DA:157,1
DA:160,1
DA:162,0
DA:166,17
DA:167,1
DA:168,1
DA:169,1
DA:172,1
DA:173,1
DA:176,0
DA:179,1
DA:180,1
DA:182,1
DA:183,0
DA:185,1
DA:186,1
DA:189,1
DA:191,0
DA:196,17
DA:197,0
DA:198,0
DA:199,0
DA:200,0
DA:201,0
DA:203,0
DA:204,0
DA:205,0
DA:206,0
DA:208,0
DA:209,0
DA:210,0
DA:211,0
DA:213,0
DA:218,17
DA:219,0
DA:220,0
DA:221,0
DA:222,0
DA:223,0
DA:227,0
DA:229,0
DA:230,0
DA:231,0
DA:232,0
DA:233,0
DA:234,0
DA:236,0
DA:241,17
DA:242,0
DA:243,0
DA:244,0
DA:245,0
DA:246,0
DA:247,0
DA:248,0
DA:249,0
DA:250,0
DA:252,0
DA:257,17
DA:258,0
DA:259,0
DA:260,0
DA:261,0
DA:262,0
DA:263,0
DA:264,0
DA:265,0
DA:266,0
DA:267,0
DA:268,0
DA:269,0
DA:271,0
DA:278,17
DA:279,0
DA:280,0
DA:281,0
DA:283,0
DA:284,0
DA:286,0
DA:287,0
DA:290,0
DA:291,0
DA:292,0
DA:295,0
DA:296,0
DA:298,0
DA:299,0
DA:300,0
DA:302,0
DA:303,0
DA:304,0
DA:308,0
DA:310,0
LF:160
LH:74
BRDA:8,0,0,17
BRDA:8,0,1,17
BRDA:9,1,0,17
BRDA:9,1,1,17
BRDA:27,2,0,0
BRDA:27,2,1,22
BRDA:27,3,0,22
BRDA:27,3,1,22
BRDA:27,3,2,22
BRDA:30,4,0,0
BRDA:30,4,1,22
BRDA:41,5,0,0
BRDA:41,5,1,22
BRDA:62,6,0,0
BRDA:62,6,1,1
BRDA:62,7,0,1
BRDA:62,7,1,1
BRDA:65,8,0,0
BRDA:65,8,1,1
BRDA:68,9,0,0
BRDA:68,9,1,1
BRDA:73,10,0,0
BRDA:73,10,1,1
BRDA:93,11,0,0
BRDA:93,11,1,3
BRDA:103,12,0,0
BRDA:103,12,1,3
BRDA:111,13,0,0
BRDA:111,13,1,3
BRDA:114,14,0,0
BRDA:114,14,1,0
BRDA:151,15,0,2
BRDA:151,15,1,1
BRDA:169,16,0,0
BRDA:169,16,1,1
BRDA:180,17,0,0
BRDA:180,17,1,1
BRDA:182,18,0,0
BRDA:182,18,1,1
BRDA:199,19,0,0
BRDA:199,19,1,0
BRDA:201,20,0,0
BRDA:201,20,1,0
BRDA:208,21,0,0
BRDA:208,21,1,0
BRDA:222,22,0,0
BRDA:222,22,1,0
BRDA:222,23,0,0
BRDA:222,23,1,0
BRDA:227,24,0,0
BRDA:227,24,1,0
BRDA:244,25,0,0
BRDA:244,25,1,0
BRDA:246,26,0,0
BRDA:246,26,1,0
BRDA:260,27,0,0
BRDA:260,27,1,0
BRDA:262,28,0,0
BRDA:262,28,1,0
BRDA:263,29,0,0
BRDA:263,29,1,0
BRDA:267,30,0,0
BRDA:267,30,1,0
BRDA:281,31,0,0
BRDA:281,31,1,0
BRDA:286,32,0,0
BRDA:286,32,1,0
BRDA:290,33,0,0
BRDA:290,33,1,0
BRDA:296,34,0,0
BRDA:296,34,1,0
BRDA:302,35,0,0
BRDA:302,35,1,0
BRDA:302,36,0,0
BRDA:302,36,1,0
BRDA:303,37,0,0
BRDA:303,37,1,0
BRF:77
BRH:24
end_of_record
TN:
SF:controllers\commentController.js
FN:6,(anonymous_0)
FN:22,(anonymous_1)
FN:23,(anonymous_2)
FN:46,(anonymous_3)
FN:67,(anonymous_4)
FN:92,(anonymous_5)
FN:112,(anonymous_6)
FN:121,(anonymous_7)
FN:122,(anonymous_8)
FN:137,(anonymous_9)
FN:159,(anonymous_10)
FN:160,(anonymous_11)
FNF:12
FNH:2
FNDA:2,(anonymous_0)
FNDA:0,(anonymous_1)
FNDA:0,(anonymous_2)
FNDA:0,(anonymous_3)
FNDA:0,(anonymous_4)
FNDA:0,(anonymous_5)
FNDA:2,(anonymous_6)
FNDA:0,(anonymous_7)
FNDA:0,(anonymous_8)
FNDA:0,(anonymous_9)
FNDA:0,(anonymous_10)
FNDA:0,(anonymous_11)
DA:1,17
DA:2,17
DA:3,17
DA:6,17
DA:7,2
DA:8,2
DA:9,2
DA:10,2
DA:12,2
DA:13,2
DA:16,2
DA:17,0
DA:19,2
DA:21,2
DA:22,0
DA:23,0
DA:25,2
DA:28,2
DA:30,2
DA:36,2
DA:37,0
DA:39,2
DA:41,0
DA:46,17
DA:47,0
DA:48,0
DA:49,0
DA:50,0
DA:51,0
DA:53,0
DA:60,0
DA:62,0
DA:67,17
DA:68,0
DA:69,0
DA:70,0
DA:71,0
DA:72,0
DA:73,0
DA:77,0
DA:79,0
DA:80,0
DA:81,0
DA:85,0
DA:87,0
DA:92,17
DA:93,0
DA:94,0
DA:95,0
DA:96,0
DA:97,0
DA:101,0
DA:103,0
DA:104,0
DA:105,0
DA:107,0
DA:112,17
DA:113,2
DA:114,2
DA:115,2
DA:116,2
DA:117,2
DA:119,2
DA:121,2
DA:122,2
DA:123,2
DA:125,2
DA:126,2
DA:130,2
DA:132,0
DA:137,17
DA:138,0
DA:139,0
DA:140,0
DA:141,0
DA:142,0
DA:144,0
DA:145,0
DA:146,0
DA:149,0
DA:150,0
DA:153,0
DA:154,0
DA:155,0
DA:156,0
DA:158,0
DA:159,0
DA:160,0
DA:162,0
DA:163,0
DA:164,0
DA:166,0
DA:170,0
DA:172,0
LF:94
LH:35
BRDA:10,0,0,2
BRDA:10,0,1,2
BRDA:13,1,0,0
BRDA:13,1,1,2
BRDA:16,2,0,0
BRDA:16,2,1,2
BRDA:19,3,0,0
BRDA:19,3,1,2
BRDA:19,4,0,2
BRDA:19,4,1,0
BRDA:36,5,0,0
BRDA:36,5,1,2
BRDA:36,6,0,2
BRDA:36,6,1,2
BRDA:49,7,0,0
BRDA:49,7,1,0
BRDA:50,8,0,0
BRDA:50,8,1,0
BRDA:72,9,0,0
BRDA:72,9,1,0
BRDA:72,10,0,0
BRDA:72,10,1,0
BRDA:73,11,0,0
BRDA:73,11,1,0
BRDA:74,12,0,0
BRDA:74,12,1,0
BRDA:75,13,0,0
BRDA:75,13,1,0
BRDA:79,14,0,0
BRDA:79,14,1,0
BRDA:96,15,0,0
BRDA:96,15,1,0
BRDA:96,16,0,0
BRDA:96,16,1,0
BRDA:97,17,0,0
BRDA:97,17,1,0
BRDA:98,18,0,0
BRDA:98,18,1,0
BRDA:99,19,0,0
BRDA:99,19,1,0
BRDA:117,20,0,0
BRDA:117,20,1,2
BRDA:117,21,0,2
BRDA:117,21,1,2
BRDA:119,22,0,0
BRDA:119,22,1,2
BRDA:122,23,0,0
BRDA:122,23,1,2
BRDA:141,24,0,0
BRDA:141,24,1,0
BRDA:142,25,0,0
BRDA:142,25,1,0
BRDA:142,26,0,0
BRDA:142,26,1,0
BRDA:145,27,0,0
BRDA:145,27,1,0
BRDA:145,28,0,0
BRDA:145,28,1,0
BRDA:149,29,0,0
BRDA:149,29,1,0
BRDA:155,30,0,0
BRDA:155,30,1,0
BRDA:155,31,0,0
BRDA:155,31,1,0
BRF:64
BRH:14
end_of_record
TN:
SF:controllers\conversationController.js
FN:6,(anonymous_0)
FN:32,(anonymous_1)
FN:34,(anonymous_2)
FN:43,(anonymous_3)
FN:56,(anonymous_4)
FN:69,(anonymous_5)
FN:100,(anonymous_6)
FN:108,(anonymous_7)
FN:120,(anonymous_8)
FN:128,(anonymous_9)
FNF:10
FNH:1
FNDA:0,(anonymous_0)
FNDA:0,(anonymous_1)
FNDA:0,(anonymous_2)
FNDA:0,(anonymous_3)
FNDA:0,(anonymous_4)
FNDA:1,(anonymous_5)
FNDA:0,(anonymous_6)
FNDA:0,(anonymous_7)
FNDA:0,(anonymous_8)
FNDA:0,(anonymous_9)
DA:1,17
DA:2,17
DA:6,17
DA:7,0
DA:8,0
DA:11,0
DA:28,0
DA:32,0
DA:34,0
DA:42,0
DA:43,0
DA:44,0
DA:45,0
DA:46,0
DA:47,0
DA:49,0
DA:50,0
DA:52,0
DA:53,0
DA:54,0
DA:55,0
DA:56,0
DA:62,0
DA:64,0
DA:69,17
DA:70,1
DA:71,1
DA:72,1
DA:73,1
DA:74,1
DA:77,1
DA:78,1
DA:81,1
DA:93,1
DA:95,0
DA:100,17
DA:101,0
DA:102,0
DA:103,0
DA:104,0
DA:105,0
DA:106,0
DA:107,0
DA:108,0
DA:109,0
DA:110,0
DA:111,0
DA:113,0
DA:115,0
DA:120,17
DA:121,0
DA:122,0
DA:123,0
DA:124,0
DA:125,0
DA:126,0
DA:127,0
DA:128,0
DA:129,0
DA:130,0
DA:132,0
LF:61
LH:15
BRDA:38,0,0,0
BRDA:38,0,1,0
BRDA:38,1,0,0
BRDA:38,1,1,0
BRDA:47,2,0,0
BRDA:47,2,1,0
BRDA:50,3,0,0
BRDA:50,3,1,0
BRDA:50,3,2,0
BRDA:55,4,0,0
BRDA:55,4,1,0
BRDA:73,5,0,1
BRDA:73,5,1,0
BRDA:74,6,0,0
BRDA:74,6,1,1
BRDA:78,7,0,0
BRDA:78,7,1,1
BRDA:105,8,0,0
BRDA:105,8,1,0
BRDA:107,9,0,0
BRDA:107,9,1,0
BRDA:108,10,0,0
BRDA:108,10,1,0
BRDA:109,11,0,0
BRDA:109,11,1,0
BRDA:110,12,0,0
BRDA:110,12,1,0
BRDA:125,13,0,0
BRDA:125,13,1,0
BRDA:127,14,0,0
BRDA:127,14,1,0
BRDA:128,15,0,0
BRDA:128,15,1,0
BRF:33
BRH:3
end_of_record
TN:
SF:controllers\messageController.js
FN:8,(anonymous_0)
FN:35,(anonymous_1)
FN:51,(anonymous_2)
FN:61,(anonymous_3)
FN:67,(anonymous_4)
FN:88,(anonymous_5)
FN:113,(anonymous_6)
FNF:7
FNH:3
FNDA:1,(anonymous_0)
FNDA:1,(anonymous_1)
FNDA:0,(anonymous_2)
FNDA:0,(anonymous_3)
FNDA:0,(anonymous_4)
FNDA:2,(anonymous_5)
FNDA:0,(anonymous_6)
DA:1,17
DA:2,17
DA:3,17
DA:4,17
DA:5,17
DA:8,17
DA:9,1
DA:10,1
DA:11,1
DA:12,1
DA:13,1
DA:14,1
DA:16,1
DA:28,1
DA:30,0
DA:35,17
DA:36,1
DA:37,1
DA:38,1
DA:39,1
DA:40,1
DA:41,1
DA:42,1
DA:43,1
DA:44,1
DA:46,0
DA:51,17
DA:52,0
DA:53,0
DA:54,0
DA:55,0
DA:56,0
DA:58,0
DA:59,0
DA:61,0
DA:62,0
DA:65,0
DA:66,0
DA:67,0
DA:68,0
DA:70,0
DA:73,0
DA:74,0
DA:75,0
DA:76,0
DA:81,0
DA:83,0
DA:88,17
DA:89,2
DA:90,2
DA:91,2
DA:92,2
DA:93,2
DA:96,2
DA:97,0
DA:99,2
DA:100,2
DA:101,2
DA:106,2
DA:107,0
DA:108,0
DA:109,0
DA:110,0
DA:111,0
DA:112,0
DA:113,0
DA:115,0
DA:121,0
DA:124,2
DA:127,2
DA:128,2
DA:129,2
DA:136,2
DA:137,1
DA:138,1
DA:139,1
DA:140,1
DA:143,1
DA:150,2
DA:151,1
DA:152,1
DA:153,1
DA:154,1
DA:155,1
DA:159,1
DA:160,1
DA:163,2
DA:165,0
LF:88
LH:55
BRDA:12,0,0,1
BRDA:12,0,1,1
BRDA:13,1,0,1
BRDA:13,1,1,1
BRDA:40,2,0,0
BRDA:40,2,1,1
BRDA:41,3,0,0
BRDA:41,3,1,1
BRDA:56,4,0,0
BRDA:56,4,1,0
BRDA:58,5,0,0
BRDA:58,5,1,0
BRDA:58,6,0,0
BRDA:58,6,1,0
BRDA:61,7,0,0
BRDA:61,7,1,0
BRDA:62,8,0,0
BRDA:62,8,1,0
BRDA:62,9,0,0
BRDA:62,9,1,0
BRDA:67,10,0,0
BRDA:67,10,1,0
BRDA:68,11,0,0
BRDA:68,11,1,0
BRDA:68,12,0,0
BRDA:68,12,1,0
BRDA:74,13,0,0
BRDA:74,13,1,0
BRDA:75,14,0,0
BRDA:75,14,1,0
BRDA:76,15,0,0
BRDA:76,15,1,0
BRDA:92,16,0,2
BRDA:92,16,1,2
BRDA:93,17,0,0
BRDA:93,17,1,2
BRDA:96,18,0,0
BRDA:96,18,1,2
BRDA:102,19,0,2
BRDA:102,19,1,2
BRDA:102,19,2,2
BRDA:106,20,0,0
BRDA:106,20,1,2
BRDA:109,21,0,0
BRDA:109,21,1,0
BRDA:136,22,0,1
BRDA:136,22,1,1
BRDA:136,23,0,2
BRDA:136,23,1,2
BRDA:138,24,0,1
BRDA:138,24,1,0
BRDA:143,25,0,1
BRDA:143,25,1,0
BRDA:150,26,0,1
BRDA:150,26,1,1
BRDA:150,27,0,2
BRDA:150,27,1,2
BRDA:152,28,0,1
BRDA:152,28,1,0
BRDA:159,29,0,1
BRDA:159,29,1,0
BRDA:160,30,0,0
BRDA:160,30,1,1
BRF:63
BRH:27
end_of_record
TN:
SF:controllers\notificationController.js
FN:3,(anonymous_0)
FN:19,(anonymous_1)
FN:36,(anonymous_2)
FN:49,(anonymous_3)
FN:75,(anonymous_4)
FN:92,(anonymous_5)
FN:102,(anonymous_6)
FNF:7
FNH:5
FNDA:2,(anonymous_0)
FNDA:2,(anonymous_1)
FNDA:0,(anonymous_2)
FNDA:3,(anonymous_3)
FNDA:2,(anonymous_4)
FNDA:2,(anonymous_5)
FNDA:0,(anonymous_6)
DA:1,17
DA:3,17
DA:4,2
DA:5,2
DA:6,2
DA:7,2
DA:8,2
DA:10,2
DA:17,2
DA:18,2
DA:19,2
DA:21,2
DA:22,2
DA:23,2
DA:24,2
DA:25,2
DA:28,2
DA:29,2
DA:31,2
DA:32,2
DA:33,2
DA:34,2
DA:35,2
DA:36,2
DA:43,2
DA:45,0
DA:49,17
DA:50,3
DA:51,3
DA:52,3
DA:53,3
DA:54,3
DA:55,2
DA:56,1
DA:57,1
DA:59,1
DA:60,1
DA:61,1
DA:62,1
DA:67,0
DA:69,1
DA:71,0
DA:75,17
DA:76,2
DA:77,2
DA:78,2
DA:79,2
DA:80,2
DA:81,2
DA:84,0
DA:86,2
DA:88,0
DA:92,17
DA:93,2
DA:94,2
DA:95,2
DA:96,2
DA:98,0
DA:102,17
DA:103,0
DA:104,0
DA:105,0
DA:106,0
DA:107,0
DA:108,0
DA:109,0
DA:110,0
DA:112,0
LF:68
LH:53
BRDA:6,0,0,2
BRDA:6,0,1,2
BRDA:7,1,0,2
BRDA:7,1,1,2
BRDA:19,2,0,2
BRDA:19,2,1,0
BRDA:21,3,0,2
BRDA:21,3,1,0
BRDA:25,4,0,2
BRDA:25,4,1,0
BRDA:29,5,0,2
BRDA:29,5,1,2
BRDA:29,5,2,0
BRDA:32,6,0,0
BRDA:32,6,1,2
BRDA:35,7,0,2
BRDA:35,7,1,0
BRDA:54,8,0,1
BRDA:54,8,1,2
BRDA:55,9,0,1
BRDA:55,9,1,1
BRDA:60,10,0,1
BRDA:60,10,1,1
BRDA:61,11,0,1
BRDA:61,11,1,0
BRDA:67,12,0,0
BRDA:67,12,1,0
BRDA:80,13,0,2
BRDA:80,13,1,2
BRDA:81,14,0,0
BRDA:81,14,1,2
BRDA:84,15,0,0
BRDA:84,15,1,0
BRDA:107,16,0,0
BRDA:107,16,1,0
BRDA:108,17,0,0
BRDA:108,17,1,0
BRF:37
BRH:21
end_of_record
TN:
SF:controllers\postController.js
FN:6,(anonymous_0)
FN:32,(anonymous_1)
FN:39,(anonymous_2)
FN:40,(anonymous_3)
FN:42,(anonymous_4)
FN:43,(anonymous_5)
FN:84,(anonymous_6)
FN:108,(anonymous_7)
FN:117,(anonymous_8)
FN:168,(anonymous_9)
FN:178,(anonymous_10)
FN:191,(anonymous_11)
FN:214,(anonymous_12)
FN:234,(anonymous_13)
FN:258,(anonymous_14)
FN:269,(anonymous_15)
FN:285,(anonymous_16)
FN:309,(anonymous_17)
FN:335,(anonymous_18)
FNF:19
FNH:5
FNDA:6,(anonymous_0)
FNDA:0,(anonymous_1)
FNDA:0,(anonymous_2)
FNDA:0,(anonymous_3)
FNDA:0,(anonymous_4)
FNDA:0,(anonymous_5)
FNDA:2,(anonymous_6)
FNDA:0,(anonymous_7)
FNDA:0,(anonymous_8)
FNDA:0,(anonymous_9)
FNDA:0,(anonymous_10)
FNDA:0,(anonymous_11)
FNDA:0,(anonymous_12)
FNDA:0,(anonymous_13)
FNDA:4,(anonymous_14)
FNDA:2,(anonymous_15)
FNDA:0,(anonymous_16)
FNDA:0,(anonymous_17)
FNDA:1,(anonymous_18)
DA:1,17
DA:2,17
DA:3,17
DA:4,17
DA:6,17
DA:7,6
DA:8,6
DA:9,6
DA:10,6
DA:11,6
DA:13,6
DA:14,6
DA:17,6
DA:23,6
DA:24,0
DA:25,0
DA:26,0
DA:27,0
DA:28,0
DA:29,0
DA:30,0
DA:32,0
DA:34,0
DA:38,6
DA:39,0
DA:40,0
DA:41,6
DA:42,0
DA:43,0
DA:46,6
DA:47,6
DA:48,6
DA:49,0
DA:50,0
DA:51,0
DA:53,0
DA:57,6
DA:60,6
DA:61,6
DA:62,6
DA:64,0
DA:71,6
DA:74,6
DA:75,0
DA:78,6
DA:80,0
DA:84,17
DA:85,2
DA:86,2
DA:87,2
DA:88,2
DA:91,2
DA:92,2
DA:93,2
DA:95,0
DA:96,0
DA:106,0
DA:108,0
DA:109,0
DA:110,0
DA:111,0
DA:112,0
DA:113,0
DA:114,0
DA:115,0
DA:117,0
DA:119,0
DA:122,2
DA:123,2
DA:124,2
DA:125,0
DA:126,0
DA:127,0
DA:128,0
DA:129,0
DA:130,0
DA:137,2
DA:145,2
DA:146,0
DA:147,0
DA:148,0
DA:156,2
DA:157,2
DA:158,2
DA:160,0
DA:161,0
DA:163,0
DA:164,0
DA:165,0
DA:168,0
DA:169,0
DA:170,0
DA:171,0
DA:174,0
DA:175,0
DA:176,0
DA:177,0
DA:178,0
DA:181,0
DA:184,0
DA:187,0
DA:191,17
DA:192,0
DA:193,0
DA:194,0
DA:195,0
DA:198,0
DA:200,0
DA:201,0
DA:202,0
DA:203,0
DA:204,0
DA:205,0
DA:207,0
DA:209,0
DA:214,17
DA:215,0
DA:216,0
DA:217,0
DA:218,0
DA:220,0
DA:227,0
DA:229,0
DA:234,17
DA:235,0
DA:236,0
DA:237,0
DA:238,0
DA:240,0
DA:241,0
DA:243,0
DA:245,0
DA:246,0
DA:248,0
DA:250,0
DA:252,0
DA:254,0
DA:258,17
DA:259,4
DA:260,4
DA:261,4
DA:262,4
DA:263,4
DA:264,4
DA:265,4
DA:267,4
DA:268,4
DA:269,2
DA:271,2
DA:274,4
DA:275,4
DA:277,4
DA:279,4
DA:281,0
DA:285,17
DA:286,0
DA:287,0
DA:288,0
DA:289,0
DA:290,0
DA:293,0
DA:297,0
DA:300,0
DA:301,0
DA:302,0
DA:303,0
DA:305,0
DA:309,17
DA:310,0
DA:311,0
DA:312,0
DA:313,0
DA:316,0
DA:320,0
DA:323,0
DA:324,0
DA:326,0
DA:328,0
DA:330,0
DA:335,17
DA:336,1
DA:337,1
DA:338,1
DA:339,1
DA:341,1
DA:342,1
DA:345,1
DA:346,1
DA:348,1
DA:349,1
DA:352,1
DA:353,1
DA:354,1
DA:355,1
DA:365,1
DA:367,1
DA:369,0
LF:197
LH:80
BRDA:9,0,0,6
BRDA:9,0,1,6
BRDA:11,1,0,6
BRDA:11,1,1,2
BRDA:18,2,0,6
BRDA:18,2,1,6
BRDA:18,2,2,6
BRDA:23,3,0,0
BRDA:23,3,1,6
BRDA:28,4,0,0
BRDA:28,4,1,0
BRDA:28,5,0,0
BRDA:28,5,1,0
BRDA:47,6,0,0
BRDA:47,6,1,6
BRDA:48,7,0,0
BRDA:48,7,1,6
BRDA:50,8,0,0
BRDA:50,8,1,0
BRDA:53,9,0,0
BRDA:53,9,1,0
BRDA:62,10,0,0
BRDA:62,10,1,6
BRDA:62,11,0,6
BRDA:62,11,1,0
BRDA:62,11,2,0
BRDA:74,12,0,0
BRDA:74,12,1,6
BRDA:74,13,0,6
BRDA:74,13,1,6
BRDA:86,14,0,2
BRDA:86,14,1,2
BRDA:87,15,0,2
BRDA:87,15,1,2
BRDA:91,16,0,2
BRDA:91,16,1,2
BRDA:93,17,0,0
BRDA:93,17,1,2
BRDA:109,18,0,0
BRDA:109,18,1,0
BRDA:110,19,0,0
BRDA:110,19,1,0
BRDA:111,20,0,0
BRDA:111,20,1,0
BRDA:124,21,0,0
BRDA:124,21,1,2
BRDA:124,22,0,2
BRDA:124,22,1,2
BRDA:127,23,0,0
BRDA:127,23,1,0
BRDA:128,24,0,0
BRDA:128,24,1,0
BRDA:145,25,0,0
BRDA:145,25,1,2
BRDA:145,26,0,2
BRDA:145,26,1,2
BRDA:148,27,0,0
BRDA:148,27,1,0
BRDA:158,28,0,2
BRDA:158,28,1,0
BRDA:165,29,0,0
BRDA:165,29,1,0
BRDA:165,29,2,0
BRDA:168,30,0,0
BRDA:168,30,1,0
BRDA:168,30,2,0
BRDA:171,31,0,0
BRDA:171,31,1,0
BRDA:175,32,0,0
BRDA:175,32,1,0
BRDA:175,32,2,0
BRDA:175,32,3,0
BRDA:175,32,4,0
BRDA:177,33,0,0
BRDA:177,33,1,0
BRDA:195,34,0,0
BRDA:195,34,1,0
BRDA:195,35,0,0
BRDA:195,35,1,0
BRDA:198,36,0,0
BRDA:198,36,1,0
BRDA:202,37,0,0
BRDA:202,37,1,0
BRDA:204,38,0,0
BRDA:204,38,1,0
BRDA:205,39,0,0
BRDA:205,39,1,0
BRDA:205,40,0,0
BRDA:205,40,1,0
BRDA:216,41,0,0
BRDA:216,41,1,0
BRDA:217,42,0,0
BRDA:217,42,1,0
BRDA:238,43,0,0
BRDA:238,43,1,0
BRDA:238,44,0,0
BRDA:238,44,1,0
BRDA:240,45,0,0
BRDA:240,45,1,0
BRDA:240,46,0,0
BRDA:240,46,1,0
BRDA:240,47,0,0
BRDA:240,47,1,0
BRDA:245,48,0,0
BRDA:245,48,1,0
BRDA:245,49,0,0
BRDA:245,49,1,0
BRDA:250,50,0,0
BRDA:250,50,1,0
BRDA:250,51,0,0
BRDA:250,51,1,0
BRDA:263,52,0,0
BRDA:263,52,1,4
BRDA:265,53,0,0
BRDA:265,53,1,4
BRDA:268,54,0,2
BRDA:268,54,1,2
BRDA:277,55,0,0
BRDA:277,55,1,4
BRDA:277,56,0,4
BRDA:277,56,1,4
BRDA:290,57,0,0
BRDA:290,57,1,0
BRDA:290,58,0,0
BRDA:290,58,1,0
BRDA:293,59,0,0
BRDA:293,59,1,0
BRDA:294,60,0,0
BRDA:294,60,1,0
BRDA:295,61,0,0
BRDA:295,61,1,0
BRDA:300,62,0,0
BRDA:300,62,1,0
BRDA:313,63,0,0
BRDA:313,63,1,0
BRDA:313,64,0,0
BRDA:313,64,1,0
BRDA:316,65,0,0
BRDA:316,65,1,0
BRDA:317,66,0,0
BRDA:317,66,1,0
BRDA:318,67,0,0
BRDA:318,67,1,0
BRDA:326,68,0,0
BRDA:326,68,1,0
BRDA:326,69,0,0
BRDA:326,69,1,0
BRDA:338,70,0,1
BRDA:338,70,1,0
BRDA:342,71,0,0
BRDA:342,71,1,1
BRDA:342,72,0,1
BRDA:342,72,1,1
BRDA:346,73,0,0
BRDA:346,73,1,1
BRDA:348,74,0,1
BRDA:348,74,1,1
BRDA:353,75,0,1
BRDA:353,75,1,0
BRDA:354,76,0,1
BRDA:354,76,1,0
BRDA:354,77,0,0
BRDA:354,77,1,0
BRDA:358,78,0,1
BRDA:358,78,1,0
BRDA:359,79,0,1
BRDA:359,79,1,0
BRDA:360,80,0,1
BRDA:360,80,1,1
BRDA:365,81,0,0
BRDA:365,81,1,1
BRDA:365,82,0,1
BRDA:365,82,1,1
BRDA:367,83,0,1
BRDA:367,83,1,0
BRF:175
BRH:53
end_of_record
TN:
SF:controllers\userController.js
FN:8,(anonymous_0)
FN:40,(anonymous_1)
FN:49,(anonymous_2)
FN:62,(anonymous_3)
FN:75,(anonymous_4)
FN:92,(anonymous_5)
FN:95,(anonymous_6)
FN:108,(anonymous_7)
FN:131,(anonymous_8)
FN:156,(anonymous_9)
FN:157,(anonymous_10)
FN:174,(anonymous_11)
FN:197,(anonymous_12)
FN:198,(anonymous_13)
FN:215,(anonymous_14)
FN:234,(anonymous_15)
FN:249,(anonymous_16)
FN:266,(anonymous_17)
FN:278,(anonymous_18)
FN:297,(anonymous_19)
FN:316,(anonymous_20)
FN:328,(anonymous_21)
FN:356,(anonymous_22)
FN:376,(anonymous_23)
FN:379,(anonymous_24)
FN:389,(anonymous_25)
FNF:26
FNH:3
FNDA:0,(anonymous_0)
FNDA:0,(anonymous_1)
FNDA:0,(anonymous_2)
FNDA:0,(anonymous_3)
FNDA:0,(anonymous_4)
FNDA:0,(anonymous_5)
FNDA:0,(anonymous_6)
FNDA:1,(anonymous_7)
FNDA:0,(anonymous_8)
FNDA:0,(anonymous_9)
FNDA:0,(anonymous_10)
FNDA:0,(anonymous_11)
FNDA:0,(anonymous_12)
FNDA:0,(anonymous_13)
FNDA:2,(anonymous_14)
FNDA:2,(anonymous_15)
FNDA:0,(anonymous_16)
FNDA:0,(anonymous_17)
FNDA:0,(anonymous_18)
FNDA:0,(anonymous_19)
FNDA:0,(anonymous_20)
FNDA:0,(anonymous_21)
FNDA:0,(anonymous_22)
FNDA:0,(anonymous_23)
FNDA:0,(anonymous_24)
FNDA:0,(anonymous_25)
DA:1,17
DA:2,17
DA:3,17
DA:4,17
DA:5,17
DA:8,17
DA:9,0
DA:10,0
DA:11,0
DA:12,0
DA:13,0
DA:15,0
DA:24,0
DA:30,0
DA:31,0
DA:32,0
DA:33,0
DA:34,0
DA:35,0
DA:36,0
DA:37,0
DA:40,0
DA:41,0
DA:42,0
DA:43,0
DA:45,0
DA:46,0
DA:47,0
DA:48,0
DA:49,0
DA:56,0
DA:58,0
DA:62,17
DA:63,0
DA:64,0
DA:65,0
DA:66,0
DA:67,0
DA:68,0
DA:70,0
DA:75,17
DA:76,0
DA:77,0
DA:78,0
DA:81,0
DA:84,0
DA:85,0
DA:86,0
DA:87,0
DA:88,0
DA:89,0
DA:90,0
DA:91,0
DA:92,0
DA:94,0
DA:95,0
DA:101,0
DA:103,0
DA:108,17
DA:109,1
DA:110,1
DA:111,1
DA:115,0
DA:117,1
DA:118,1
DA:119,4
DA:121,1
DA:124,1
DA:126,0
DA:131,17
DA:132,0
DA:133,0
DA:134,0
DA:138,0
DA:140,0
DA:141,0
DA:143,0
DA:149,0
DA:150,0
DA:151,0
DA:152,0
DA:153,0
DA:156,0
DA:157,0
DA:159,0
DA:162,0
DA:167,0
DA:169,0
DA:174,17
DA:175,0
DA:176,0
DA:177,0
DA:181,0
DA:183,0
DA:184,0
DA:186,0
DA:192,0
DA:193,0
DA:194,0
DA:195,0
DA:196,0
DA:197,0
DA:198,0
DA:200,0
DA:203,0
DA:208,0
DA:210,0
DA:215,17
DA:216,2
DA:217,2
DA:218,2
DA:219,2
DA:221,2
DA:222,2
DA:223,0
DA:225,2
DA:226,2
DA:227,2
DA:229,0
DA:234,17
DA:235,2
DA:236,2
DA:237,2
DA:238,2
DA:240,2
DA:241,2
DA:242,2
DA:244,0
DA:249,17
DA:250,0
DA:251,0
DA:252,0
DA:253,0
DA:255,0
DA:257,0
DA:258,0
DA:259,0
DA:261,0
DA:266,17
DA:267,0
DA:268,0
DA:269,0
DA:270,0
DA:271,0
DA:273,0
DA:278,17
DA:279,0
DA:280,0
DA:281,0
DA:282,0
DA:283,0
DA:284,0
DA:289,0
DA:290,0
DA:292,0
DA:297,17
DA:298,0
DA:299,0
DA:300,0
DA:301,0
DA:302,0
DA:303,0
DA:308,0
DA:309,0
DA:311,0
DA:316,17
DA:317,0
DA:318,0
DA:319,0
DA:320,0
DA:321,0
DA:323,0
DA:328,17
DA:329,0
DA:330,0
DA:331,0
DA:332,0
DA:342,0
DA:343,0
DA:344,0
DA:349,0
DA:351,0
DA:356,17
DA:357,0
DA:358,0
DA:359,0
DA:360,0
DA:361,0
DA:362,0
DA:363,0
DA:364,0
DA:365,0
DA:366,0
DA:367,0
DA:368,0
DA:369,0
DA:370,0
DA:372,0
DA:376,17
DA:377,0
DA:378,0
DA:379,0
DA:380,0
DA:381,0
DA:382,0
DA:384,0
DA:389,17
DA:390,0
DA:391,0
DA:392,0
DA:393,0
DA:394,0
DA:396,0
DA:397,0
DA:398,0
DA:401,0
DA:402,0
DA:403,0
DA:404,0
DA:405,0
DA:412,0
DA:413,0
DA:414,0
DA:415,0
DA:416,0
DA:417,0
DA:425,0
DA:427,0
LF:228
LH:46
BRDA:10,0,0,0
BRDA:10,0,1,0
BRDA:11,1,0,0
BRDA:11,1,1,0
BRDA:12,2,0,0
BRDA:12,2,1,0
BRDA:15,3,0,0
BRDA:15,3,1,0
BRDA:33,4,0,0
BRDA:33,4,1,0
BRDA:37,5,0,0
BRDA:37,5,1,0
BRDA:37,5,2,0
BRDA:43,6,0,0
BRDA:43,6,1,0
BRDA:48,7,0,0
BRDA:48,7,1,0
BRDA:64,8,0,0
BRDA:64,8,1,0
BRDA:65,9,0,0
BRDA:65,9,1,0
BRDA:67,10,0,0
BRDA:67,10,1,0
BRDA:81,11,0,0
BRDA:81,11,1,0
BRDA:89,12,0,0
BRDA:89,12,1,0
BRDA:91,13,0,0
BRDA:91,13,1,0
BRDA:92,14,0,0
BRDA:92,14,1,0
BRDA:95,15,0,0
BRDA:95,15,1,0
BRDA:95,16,0,0
BRDA:95,16,1,0
BRDA:111,17,0,0
BRDA:111,17,1,1
BRDA:112,18,0,1
BRDA:112,18,1,0
BRDA:113,19,0,0
BRDA:113,19,1,0
BRDA:119,20,0,1
BRDA:119,20,1,3
BRDA:134,21,0,0
BRDA:134,21,1,0
BRDA:135,22,0,0
BRDA:135,22,1,0
BRDA:136,23,0,0
BRDA:136,23,1,0
BRDA:141,24,0,0
BRDA:141,24,1,0
BRDA:144,25,0,0
BRDA:144,25,1,0
BRDA:144,25,2,0
BRDA:149,26,0,0
BRDA:149,26,1,0
BRDA:157,27,0,0
BRDA:157,27,1,0
BRDA:177,28,0,0
BRDA:177,28,1,0
BRDA:178,29,0,0
BRDA:178,29,1,0
BRDA:179,30,0,0
BRDA:179,30,1,0
BRDA:184,31,0,0
BRDA:184,31,1,0
BRDA:187,32,0,0
BRDA:187,32,1,0
BRDA:187,32,2,0
BRDA:192,33,0,0
BRDA:192,33,1,0
BRDA:198,34,0,0
BRDA:198,34,1,0
BRDA:219,35,0,0
BRDA:219,35,1,2
BRDA:222,36,0,0
BRDA:222,36,1,2
BRDA:238,37,0,0
BRDA:238,37,1,2
BRDA:253,38,0,0
BRDA:253,38,1,0
BRDA:281,39,0,0
BRDA:281,39,1,0
BRDA:282,40,0,0
BRDA:282,40,1,0
BRDA:289,41,0,0
BRDA:289,41,1,0
BRDA:300,42,0,0
BRDA:300,42,1,0
BRDA:301,43,0,0
BRDA:301,43,1,0
BRDA:308,44,0,0
BRDA:308,44,1,0
BRDA:320,45,0,0
BRDA:320,45,1,0
BRDA:321,46,0,0
BRDA:321,46,1,0
BRDA:331,47,0,0
BRDA:331,47,1,0
BRDA:343,48,0,0
BRDA:343,48,1,0
BRDA:359,49,0,0
BRDA:359,49,1,0
BRDA:361,50,0,0
BRDA:361,50,1,0
BRDA:361,51,0,0
BRDA:361,51,1,0
BRDA:363,52,0,0
BRDA:363,52,1,0
BRDA:366,53,0,0
BRDA:366,53,1,0
BRDA:378,54,0,0
BRDA:378,54,1,0
BRDA:380,55,0,0
BRDA:380,55,1,0
BRDA:392,56,0,0
BRDA:392,56,1,0
BRDA:394,57,0,0
BRDA:394,57,1,0
BRDA:396,58,0,0
BRDA:396,58,1,0
BRDA:409,59,0,0
BRDA:409,59,1,0
BRDA:413,60,0,0
BRDA:413,60,1,0
BRDA:414,61,0,0
BRDA:414,61,1,0
BRDA:415,62,0,0
BRDA:415,62,1,0
BRDA:415,63,0,0
BRDA:415,63,1,0
BRDA:417,64,0,0
BRDA:417,64,1,0
BRF:133
BRH:7
end_of_record
TN:
SF:models\Comment.js
FNF:0
FNH:0
DA:1,17
DA:2,17
DA:4,17
DA:17,17
DA:19,17
LF:5
LH:5
BRF:0
BRH:0
end_of_record
TN:
SF:models\Message.js
FNF:0
FNH:0
DA:1,17
DA:2,17
DA:4,17
DA:19,17
DA:21,17
LF:5
LH:5
BRF:0
BRH:0
end_of_record
TN:
SF:models\Notification.js
FNF:0
FNH:0
DA:1,17
DA:2,17
DA:4,17
DA:21,17
DA:23,17
LF:5
LH:5
BRF:0
BRH:0
end_of_record
TN:
SF:models\Post.js
FNF:0
FNH:0
DA:1,18
DA:3,18
DA:5,18
DA:24,18
DA:26,18
LF:5
LH:5
BRF:0
BRH:0
end_of_record
TN:
SF:models\Report.js
FNF:0
FNH:0
DA:1,17
DA:3,17
DA:5,17
DA:16,17
LF:4
LH:4
BRF:0
BRH:0
end_of_record
TN:
SF:models\User.js
FNF:0
FNH:0
DA:1,17
DA:3,17
DA:5,17
DA:41,17
LF:4
LH:4
BRF:0
BRH:0
end_of_record
TN:
SF:routes\admin.js
FNF:0
FNH:0
DA:1,17
DA:2,17
DA:3,17
DA:4,17
DA:5,17
DA:8,17
DA:11,17
DA:12,17
DA:13,17
DA:14,17
DA:15,17
DA:16,17
DA:17,0
DA:20,0
DA:21,0
DA:23,0
LF:16
LH:12
BRF:0
BRH:0
end_of_record
TN:
SF:routes\auth.js
FN:33,(anonymous_0)
FN:41,(anonymous_1)
FN:45,(anonymous_2)
FN:53,(anonymous_3)
FNF:4
FNH:0
FNDA:0,(anonymous_0)
FNDA:0,(anonymous_1)
FNDA:0,(anonymous_2)
FNDA:0,(anonymous_3)
DA:1,17
DA:2,17
DA:3,17
DA:8,17
DA:9,17
DA:11,17
DA:18,17
DA:19,17
DA:20,17
DA:21,17
DA:22,17
DA:23,17
DA:24,17
DA:27,17
DA:30,17
DA:31,17
DA:33,17
DA:34,0
DA:35,0
DA:36,0
DA:39,17
DA:41,0
DA:45,17
DA:46,0
DA:47,0
DA:48,0
DA:51,17
DA:53,0
DA:61,17
LF:29
LH:21
BRDA:31,0,0,17
BRDA:31,0,1,0
BRDA:31,1,0,17
BRDA:31,1,1,17
BRDA:35,2,0,0
BRDA:35,2,1,0
BRDA:35,3,0,0
BRDA:35,3,1,0
BRDA:41,4,0,0
BRDA:41,4,1,0
BRDA:47,5,0,0
BRDA:47,5,1,0
BRDA:47,6,0,0
BRDA:47,6,1,0
BRDA:53,7,0,0
BRDA:53,7,1,0
BRF:16
BRH:3
end_of_record
TN:
SF:routes\comments.js
FNF:0
FNH:0
DA:1,17
DA:2,17
DA:3,17
DA:4,17
DA:5,17
DA:6,17
DA:9,17
DA:20,17
DA:23,17
DA:26,17
DA:29,17
DA:32,17
DA:42,17
LF:13
LH:13
BRF:0
BRH:0
end_of_record
TN:
SF:routes\conversations.js
FNF:0
FNH:0
DA:1,17
DA:2,17
DA:3,17
DA:4,17
DA:6,17
DA:7,17
DA:8,17
DA:9,17
DA:11,17
LF:9
LH:9
BRF:0
BRH:0
end_of_record
TN:
SF:routes\messages.js
FNF:0
FNH:0
DA:1,17
DA:2,17
DA:3,17
DA:4,17
DA:5,17
DA:6,17
DA:8,17
DA:17,17
DA:18,17
DA:19,17
DA:21,17
LF:11
LH:11
BRF:0
BRH:0
end_of_record
TN:
SF:routes\notifications.js
FN:14,(anonymous_0)
FNF:1
FNH:1
FNDA:1,(anonymous_0)
DA:1,17
DA:2,17
DA:3,17
DA:4,17
DA:5,17
DA:7,17
DA:8,17
DA:9,17
DA:10,17
DA:11,17
DA:14,17
DA:15,1
DA:16,1
DA:17,1
DA:18,1
DA:20,0
DA:24,17
LF:17
LH:16
BRF:0
BRH:0
end_of_record
TN:
SF:routes\posts.js
FNF:0
FNH:0
DA:1,17
DA:2,17
DA:3,17
DA:4,17
DA:5,17
DA:6,17
DA:7,17
DA:9,17
DA:19,17
DA:20,17
DA:21,17
DA:22,17
DA:23,17
DA:24,17
DA:25,17
DA:26,17
DA:29,17
DA:31,17
LF:18
LH:18
BRF:0
BRH:0
end_of_record
TN:
SF:routes\reports.js
FN:7,(anonymous_0)
FNF:1
FNH:0
FNDA:0,(anonymous_0)
DA:1,17
DA:2,17
DA:3,17
DA:4,17
DA:7,17
DA:8,0
DA:9,0
DA:10,0
DA:11,0
DA:12,0
DA:14,0
DA:18,17
LF:12
LH:6
BRDA:10,0,0,0
BRDA:10,0,1,0
BRDA:10,1,0,0
BRDA:10,1,1,0
BRF:4
BRH:0
end_of_record
TN:
SF:routes\users.js
FNF:0
FNH:0
DA:1,17
DA:2,17
DA:3,17
DA:4,17
DA:5,17
DA:6,17
DA:9,17
DA:12,17
DA:15,17
DA:18,17
DA:19,17
DA:22,17
DA:25,17
DA:28,17
DA:29,17
DA:32,17
DA:33,17
DA:34,17
DA:35,17
DA:38,17
DA:39,17
DA:42,17
DA:45,17
DA:47,17
LF:24
LH:24
BRF:0
BRH:0
end_of_record
TN:
SF:utils\auth.js
FN:4,parseAuthHeader
FNF:1
FNH:1
FNDA:2,parseAuthHeader
DA:1,2
DA:5,2
DA:6,2
DA:7,2
DA:8,0
DA:9,0
DA:10,0
DA:11,0
DA:12,0
DA:13,0
DA:14,0
DA:15,0
DA:16,0
DA:18,0
DA:21,0
DA:25,2
LF:16
LH:5
BRDA:6,0,0,2
BRDA:6,0,1,2
BRDA:7,1,0,2
BRDA:7,1,1,0
BRDA:9,2,0,0
BRDA:9,2,1,0
BRDA:11,3,0,0
BRDA:11,3,1,0
BRDA:13,4,0,0
BRDA:13,4,1,0
BRF:10
BRH:3
end_of_record
TN:
SF:utils\blocks.js
FN:4,isBlocked
FN:12,(anonymous_1)
FN:13,(anonymous_2)
FNF:3
FNH:1
FNDA:13,isBlocked
FNDA:0,(anonymous_1)
FNDA:0,(anonymous_2)
DA:1,17
DA:5,13
DA:6,13
DA:7,13
DA:11,13
DA:12,13
DA:13,13
DA:14,13
DA:17,0
DA:21,17
LF:10
LH:9
BRDA:5,0,0,0
BRDA:5,0,1,13
BRDA:5,1,0,13
BRDA:5,1,1,13
BRDA:11,2,0,0
BRDA:11,2,1,13
BRDA:11,3,0,13
BRDA:11,3,1,13
BRDA:12,4,0,13
BRDA:12,4,1,0
BRDA:13,5,0,13
BRDA:13,5,1,0
BRDA:14,6,0,13
BRDA:14,6,1,13
BRF:14
BRH:10
end_of_record
TN:
SF:utils\cloudinary.js
FN:11,uploadFile
FNF:1
FNH:1
FNDA:1,uploadFile
DA:1,18
DA:4,18
DA:13,1
DA:14,1
DA:15,1
DA:16,1
DA:17,1
DA:20,18
LF:8
LH:8
BRDA:11,0,0,0
BRDA:13,1,0,1
BRDA:13,1,1,0
BRDA:15,2,0,1
BRDA:15,2,1,0
BRF:5
BRH:2
end_of_record
TN:
SF:utils\email.js
FN:26,sendMail
FNF:1
FNH:0
FNDA:0,sendMail
DA:2,17
DA:4,17
DA:5,17
DA:6,0
DA:10,0
DA:11,0
DA:21,0
DA:22,0
DA:27,0
DA:28,0
DA:36,0
DA:38,0
DA:39,0
DA:40,0
DA:43,0
DA:44,0
DA:45,0
DA:46,0
DA:48,0
DA:49,0
DA:53,17
LF:21
LH:4
BRDA:5,0,0,0
BRDA:5,0,1,17
BRDA:5,1,0,17
BRDA:5,1,1,0
BRDA:13,2,0,0
BRDA:13,2,1,0
BRDA:27,3,0,0
BRDA:27,3,1,0
BRDA:29,4,0,0
BRDA:29,4,1,0
BRDA:36,5,0,0
BRDA:36,5,1,0
BRDA:45,6,0,0
BRDA:45,6,1,0
BRF:14
BRH:2
end_of_record
TN:
SF:utils\imageProcessor.js
FN:8,processForUpload
FNF:1
FNH:0
FNDA:0,processForUpload
DA:1,17
DA:2,17
DA:3,17
DA:9,0
DA:10,0
DA:11,0
DA:12,0
DA:14,0
DA:15,0
DA:18,0
DA:22,17
LF:11
LH:4
BRDA:9,0,0,0
BRDA:9,0,1,0
BRDA:9,1,0,0
BRDA:9,1,1,0
BRDA:11,2,0,0
BRDA:11,2,1,0
BRF:6
BRH:0
end_of_record
TN:
SF:utils\logger.js
FNF:0
FNH:0
DA:1,17
DA:3,17
DA:14,17
LF:3
LH:3
BRDA:4,0,0,17
BRDA:4,0,1,17
BRDA:11,1,0,17
BRDA:11,1,1,17
BRF:4
BRH:4
end_of_record
TN:
SF:utils\passport.js
FN:8,makeUsername
FN:13,findOrCreateSocialUser
FN:42,configurePassport
FN:53,(anonymous_3)
FN:79,(anonymous_4)
FN:84,(anonymous_5)
FNF:6
FNH:1
FNDA:0,makeUsername
FNDA:0,findOrCreateSocialUser
FNDA:17,configurePassport
FNDA:0,(anonymous_3)
FNDA:0,(anonymous_4)
FNDA:0,(anonymous_5)
DA:1,17
DA:3,17
DA:4,17
DA:5,17
DA:6,17
DA:9,0
DA:10,0
DA:14,0
DA:15,0
DA:16,0
DA:18,0
DA:19,0
DA:20,0
DA:24,0
DA:25,0
DA:26,0
DA:28,0
DA:29,0
DA:30,0
DA:32,0
DA:39,0
DA:44,17
DA:45,0
DA:54,0
DA:55,0
DA:56,0
DA:57,0
DA:58,0
DA:59,0
DA:61,0
DA:69,17
DA:70,0
DA:80,0
DA:82,0
DA:83,0
DA:84,0
DA:86,0
DA:87,0
DA:88,0
DA:89,0
DA:91,0
DA:99,17
LF:42
LH:8
BRDA:14,0,0,0
BRDA:14,0,1,0
BRDA:16,1,0,0
BRDA:16,1,1,0
BRDA:18,2,0,0
BRDA:18,2,1,0
BRDA:18,3,0,0
BRDA:18,3,1,0
BRDA:24,4,0,0
BRDA:24,4,1,0
BRDA:24,4,2,0
BRDA:36,5,0,0
BRDA:36,5,1,0
BRDA:44,6,0,0
BRDA:44,6,1,17
BRDA:44,7,0,17
BRDA:44,7,1,0
BRDA:51,8,0,0
BRDA:51,8,1,0
BRDA:51,9,0,0
BRDA:51,9,1,0
BRDA:55,10,0,0
BRDA:55,10,1,0
BRDA:55,10,2,0
BRDA:55,10,3,0
BRDA:56,11,0,0
BRDA:56,11,1,0
BRDA:56,11,2,0
BRDA:56,11,3,0
BRDA:57,12,0,0
BRDA:57,12,1,0
BRDA:69,13,0,0
BRDA:69,13,1,17
BRDA:69,14,0,17
BRDA:69,14,1,0
BRDA:76,15,0,0
BRDA:76,15,1,0
BRDA:76,16,0,0
BRDA:76,16,1,0
BRDA:83,17,0,0
BRDA:83,17,1,0
BRDA:83,18,0,0
BRDA:83,18,1,0
BRDA:84,19,0,0
BRDA:84,19,1,0
BRDA:86,20,0,0
BRDA:86,20,1,0
BRDA:86,20,2,0
BRDA:86,20,3,0
BRDA:87,21,0,0
BRDA:87,21,1,0
BRDA:87,21,2,0
BRF:52
BRH:4
end_of_record
TN:
SF:utils\redisClient.js
FN:4,init
FN:24,isEnabled
FN:29,getClient
FN:34,addRefresh
FN:47,removeRefresh
FN:61,rotateRefresh
FN:88,clearAllForUser
FN:111,(anonymous_7)
FNF:8
FNH:3
FNDA:31,init
FNDA:31,isEnabled
FNDA:0,getClient
FNDA:0,addRefresh
FNDA:0,removeRefresh
FNDA:0,rotateRefresh
FNDA:0,clearAllForUser
FNDA:16,(anonymous_7)
DA:1,19
DA:2,19
DA:5,31
DA:6,31
DA:7,31
DA:8,0
DA:14,0
DA:15,0
DA:16,0
DA:19,0
DA:20,0
DA:25,31
DA:26,31
DA:30,0
DA:31,0
DA:35,0
DA:36,0
DA:37,0
DA:38,0
DA:39,0
DA:40,0
DA:41,0
DA:42,0
DA:43,0
DA:44,0
DA:48,0
DA:49,0
DA:50,0
DA:51,0
DA:52,0
DA:53,0
DA:54,0
DA:55,0
DA:56,0
DA:57,0
DA:58,0
DA:62,0
DA:63,0
DA:64,0
DA:65,0
DA:66,0
DA:69,0
DA:70,0
DA:71,0
DA:72,0
DA:73,0
DA:76,0
DA:77,0
DA:78,0
DA:79,0
DA:80,0
DA:81,0
DA:82,0
DA:83,0
DA:85,0
DA:89,0
DA:90,0
DA:91,0
DA:92,0
DA:93,0
DA:94,0
DA:95,0
DA:96,0
DA:98,0
DA:99,0
DA:100,0
DA:103,19
DA:112,16
DA:113,0
DA:114,0
DA:116,0
DA:117,0
DA:119,0
DA:123,16
DA:124,16
LF:75
LH:11
BRDA:5,0,0,0
BRDA:5,0,1,31
BRDA:5,1,0,31
BRDA:5,1,1,31
BRDA:7,2,0,31
BRDA:7,2,1,0
BRDA:26,3,0,31
BRDA:26,3,1,0
BRDA:36,4,0,0
BRDA:36,4,1,0
BRDA:40,5,0,0
BRDA:40,5,1,0
BRDA:42,6,0,0
BRDA:42,6,1,0
BRDA:49,7,0,0
BRDA:49,7,1,0
BRDA:52,8,0,0
BRDA:52,8,1,0
BRDA:63,9,0,0
BRDA:63,9,1,0
BRDA:71,10,0,0
BRDA:71,10,1,0
BRDA:71,11,0,0
BRDA:71,11,1,0
BRDA:76,12,0,0
BRDA:76,12,1,0
BRDA:90,13,0,0
BRDA:90,13,1,0
BRDA:93,14,0,0
BRDA:93,14,1,0
BRDA:93,15,0,0
BRDA:93,15,1,0
BRDA:112,16,0,0
BRDA:112,16,1,16
BRF:34
BRH:6
end_of_record
TN:
SF:utils\scheduler.js
FN:5,publishDue
FN:27,startScheduler
FN:33,(anonymous_2)
FN:35,(anonymous_3)
FN:38,stopScheduler
FNF:5
FNH:1
FNDA:0,publishDue
FNDA:0,startScheduler
FNDA:0,(anonymous_2)
FNDA:0,(anonymous_3)
FNDA:3,stopScheduler
DA:1,9
DA:3,9
DA:6,0
DA:7,0
DA:8,0
DA:9,0
DA:10,0
DA:11,0
DA:12,0
DA:13,0
DA:14,0
DA:15,0
DA:18,0
DA:23,0
DA:28,0
DA:29,0
DA:30,0
DA:32,0
DA:33,0
DA:35,0
DA:39,3
DA:40,3
DA:43,9
LF:23
LH:5
BRDA:9,0,0,0
BRDA:9,0,1,0
BRDA:9,1,0,0
BRDA:9,1,1,0
BRDA:15,2,0,0
BRDA:15,2,1,0
BRDA:15,3,0,0
BRDA:15,3,1,0
BRDA:18,4,0,0
BRDA:18,4,1,0
BRDA:23,5,0,0
BRDA:23,5,1,0
BRDA:28,6,0,0
BRDA:28,6,1,0
BRDA:29,7,0,0
BRDA:29,7,1,0
BRDA:30,8,0,0
BRDA:30,8,1,0
BRDA:30,8,2,0
BRDA:32,9,0,0
BRDA:32,9,1,0
BRDA:39,10,0,0
BRDA:39,10,1,3
BRF:23
BRH:1
end_of_record
